[run_robot_rope_franka_tabletop_hero] run_dir=/home/xinjie/Newton_Connection/Newton/phystwin_bridge/results/robot_rope_franka/candidates/20260401_062755_fixeddt_c01
[run_robot_rope_franka_tabletop_hero] presentation=python /home/xinjie/Newton_Connection/Newton/phystwin_bridge/demos/demo_robot_rope_franka.py --out-dir /home/xinjie/Newton_Connection/Newton/phystwin_bridge/results/robot_rope_franka/candidates/20260401_062755_fixeddt_c01/presentation/work --prefix robot_rope_tabletop_hero --render-mode presentation --camera-profile hero --task tabletop_push_hero --sim-dt 5.0e-5 --substeps 667 --slowdown 1.0 --render-fps 30 --screen-width 1280 --screen-height 720 --viewer-headless --no-make-gif --anchor-count-per-end 2 --ik-target-blend 0.35 --auto-set-weight 3.0 --tabletop-preroll-settle-seconds 0.0 --tabletop-preroll-damping-scale 6.0 --tabletop-settle-seconds 0.5 --tabletop-approach-seconds 0.8 --tabletop-push-seconds 0.8 --tabletop-hold-seconds 0.2 --tabletop-retract-seconds 0.5 --tabletop-rope-height 0.19 --tabletop-table-top-z 0.120 --tabletop-table-hx 0.42 --tabletop-table-hy 0.24 --tabletop-table-hz 0.020 --tabletop-robot-base-offset -0.56 -0.24 0.10 --tabletop-push-start-offset -0.42 -0.22 0.24 --tabletop-push-contact-offset -0.16 -0.12 0.08 --tabletop-push-end-offset 0.08 -0.10 0.08 --tabletop-retract-offset 0.18 -0.24 0.18
[run_robot_rope_franka_tabletop_hero] debug=python /home/xinjie/Newton_Connection/Newton/phystwin_bridge/demos/demo_robot_rope_franka.py --out-dir /home/xinjie/Newton_Connection/Newton/phystwin_bridge/results/robot_rope_franka/candidates/20260401_062755_fixeddt_c01/debug/work --prefix robot_rope_tabletop_hero_debug --render-mode debug --camera-profile hero --overlay-label --task tabletop_push_hero --sim-dt 5.0e-5 --substeps 667 --slowdown 1.0 --render-fps 30 --screen-width 1280 --screen-height 720 --viewer-headless --no-make-gif --anchor-count-per-end 2 --ik-target-blend 0.35 --auto-set-weight 3.0 --tabletop-preroll-settle-seconds 0.0 --tabletop-preroll-damping-scale 6.0 --tabletop-settle-seconds 0.5 --tabletop-approach-seconds 0.8 --tabletop-push-seconds 0.8 --tabletop-hold-seconds 0.2 --tabletop-retract-seconds 0.5 --tabletop-rope-height 0.19 --tabletop-table-top-z 0.120 --tabletop-table-hx 0.42 --tabletop-table-hy 0.24 --tabletop-table-hz 0.020 --tabletop-robot-base-offset -0.56 -0.24 0.10 --tabletop-push-start-offset -0.42 -0.22 0.24 --tabletop-push-contact-offset -0.16 -0.12 0.08 --tabletop-push-end-offset 0.08 -0.10 0.08 --tabletop-retract-offset 0.18 -0.24 0.18
[run_robot_rope_franka_tabletop_hero] validation=python /home/xinjie/Newton_Connection/Newton/phystwin_bridge/demos/demo_robot_rope_franka.py --out-dir /home/xinjie/Newton_Connection/Newton/phystwin_bridge/results/robot_rope_franka/candidates/20260401_062755_fixeddt_c01/validation/work --prefix robot_rope_tabletop_hero_validation --render-mode presentation --camera-profile validation --task tabletop_push_hero --sim-dt 5.0e-5 --substeps 667 --slowdown 1.0 --render-fps 30 --screen-width 1280 --screen-height 720 --viewer-headless --no-make-gif --anchor-count-per-end 2 --ik-target-blend 0.35 --auto-set-weight 3.0 --tabletop-preroll-settle-seconds 0.0 --tabletop-preroll-damping-scale 6.0 --tabletop-settle-seconds 0.5 --tabletop-approach-seconds 0.8 --tabletop-push-seconds 0.8 --tabletop-hold-seconds 0.2 --tabletop-retract-seconds 0.5 --tabletop-rope-height 0.19 --tabletop-table-top-z 0.120 --tabletop-table-hx 0.42 --tabletop-table-hy 0.24 --tabletop-table-hz 0.020 --tabletop-robot-base-offset -0.56 -0.24 0.10 --tabletop-push-start-offset -0.42 -0.22 0.24 --tabletop-push-contact-offset -0.16 -0.12 0.08 --tabletop-push-end-offset 0.08 -0.10 0.08 --tabletop-retract-offset 0.18 -0.24 0.18
Warp 1.12.0.dev20260218 initialized:
   Git commit: 3d888595a61128dd17de0dbb9eb8d80391e81424
   CUDA Toolkit 12.9, Driver 13.0
   Devices:
     "cpu"      : "x86_64"
     "cuda:0"   : "NVIDIA GeForce RTX 4090" (23 GiB, sm_89, mempool enabled)
   Kernel cache:
     /home/xinjie/.cache/warp/1.12.0.dev20260218
Module newton._src.geometry.inertia 2bd8c78 load on device 'cuda:0' took 0.75 ms  (cached)
Module newton._src.utils.mesh bced167 load on device 'cpu' took 0.65 ms  (cached)
Module validate_and_correct_inertia_kernel_0c7bfa66 0c7bfa6 load on device 'cuda:0' took 0.31 ms  (cached)
Module newton._src.sim.articulation 2109b59 load on device 'cuda:0' took 2.90 ms  (cached)
Module newton._src.sim.ik.ik_objectives efb687b load on device 'cuda:0' took 0.86 ms  (cached)
Module newton._src.sim.ik.ik_solver 6670029 load on device 'cuda:0' took 0.58 ms  (cached)
Module IKOptimizerLM___build_specialized__locals___fk_local_4065db04 4065db0 load on device 'cuda:0' took 0.78 ms  (cached)
Module newton._src.sim.ik.ik_common bc7903e load on device 'cuda:0' took 1.19 ms  (cached)
Module IKOptimizerLM___build_specialized__locals___compute_motion_subspace_2d_15acbefb 15acbef load on device 'cuda:0' took 4.97 ms  (cached)
Module _lm_solve_tiled_9_15_cda9ff77 12f1e6b load on device 'cuda:0' took 88.96 ms  (cached)
Module newton._src.sim.ik.ik_lm_optimizer bdde777 load on device 'cuda:0' took 0.63 ms  (cached)
Module newton._src.sim.collide 452004c load on device 'cuda:0' took 0.54 ms  (cached)
Module newton._src.geometry.broad_phase_nxn dcff895 load on device 'cuda:0' took 0.34 ms  (cached)
Module create_narrow_phase_primitive_kernel__locals__narrow_phase_primitive_kernel_ac59d7a0 640833f load on device 'cuda:0' took 0.60 ms  (cached)
Module create_narrow_phase_kernel_gjk_mpr__locals__narrow_phase_kernel_gjk_mpr_46eb548d 1d6e16f load on device 'cuda:0' took 1.45 ms  (cached)
Module newton._src.geometry.narrow_phase 0593107 load on device 'cuda:0' took 0.63 ms  (cached)
Module newton._src.geometry.contact_reduction_global 3a7a18f load on device 'cuda:0' took 0.86 ms  (cached)
Module newton._src.geometry.narrow_phase 931370b load on device 'cuda:0' took 0.73 ms  (cached)
Module create_narrow_phase_process_mesh_plane_contacts_kernel__locals__narrow_phase_process_mesh_plane_contacts_reduce_kernel_930923b3 4c09d6b load on device 'cuda:0' took 0.73 ms  (cached)
Module mesh_triangle_contacts_to_reducer_kernel_8060ca9c d5135d2 load on device 'cuda:0' took 1.55 ms  (cached)
Module newton._src.geometry.contact_reduction_global d2f9fc3 load on device 'cuda:0' took 0.37 ms  (cached)
Module newton._src.geometry.sdf_contact e671631 load on device 'cuda:0' took 0.23 ms  (cached)
Module create_narrow_phase_process_mesh_mesh_contacts_kernel__locals__mesh_sdf_collision_global_reduce_kernel_f46f3252 f46f325 load on device 'cuda:0' took 0.78 ms  (cached)
Module create_export_reduced_contacts_kernel__locals__export_reduced_contacts_kernel_ef09b9a0 6e4cf74 load on device 'cuda:0' took 0.62 ms  (cached)
Module newton._src.geometry.kernels 55ed1b0 load on device 'cuda:0' took 1.89 ms  (cached)
Module newton._src.solvers.semi_implicit.kernels_particle 0e0d871 load on device 'cuda:0' took 0.65 ms  (cached)
Module newton._src.solvers.semi_implicit.kernels_body 483b8fe load on device 'cuda:0' took 1.68 ms  (cached)
Module newton._src.solvers.semi_implicit.kernels_contact d558900 load on device 'cuda:0' took 0.92 ms  (cached)
Module newton._src.solvers.solver 16aecb3 load on device 'cuda:0' took 0.66 ms  (cached)
Module bridge_deformable_common 87b0596 load on device 'cuda:0' took 0.40 ms  (cached)
  frame 50/120
  frame 100/120
  frame 120/120
  Simulation done: 120 frames in 495.9s
Module newton._src.viewer.gl.opengl 7724bb3 load on device 'cuda:0' took 0.35 ms  (cached)
Module newton._src.viewer.kernels 773c4cf load on device 'cuda:0' took 1.35 ms  (cached)
Module newton._src.geometry.raycast 23dd4e1 load on device 'cuda:0' took 2.29 ms  (cached)
Module newton._src.viewer.viewer_gl 2219863 load on device 'cuda:0' took 0.62 ms  (cached)
Module newton._src.utils.render 145677d load on device 'cuda:0' took 0.29 ms  (cached)
  rendered 30/119 frames
  rendered 60/119 frames
  rendered 90/119 frames
  Summary: /home/xinjie/Newton_Connection/Newton/phystwin_bridge/results/robot_rope_franka/candidates/20260401_062755_fixeddt_c01/presentation/work/robot_rope_tabletop_hero_summary.json
{
  "ir_path": "/home/xinjie/Newton_Connection/Newton/phystwin_bridge/ir/rope_double_hand/phystwin_ir_v2_bf_strict.npz",
  "output_mp4": "/home/xinjie/Newton_Connection/Newton/phystwin_bridge/results/robot_rope_franka/candidates/20260401_062755_fixeddt_c01/presentation/work/robot_rope_tabletop_hero.mp4",
  "frames": 120,
  "sim_dt": 5e-05,
  "substeps": 667,
  "frame_dt": 0.033350000000000005,
  "video_slowdown": 1.0,
  "task_duration_s": 2.8000000000000003,
  "wall_time_sec": 495.91334179698606,
  "rope_total_mass": 3.0,
  "anchor_count": 4,
  "anchor_constraint_mode": "free_tabletop_rope",
  "anchor_mass_mode": "preserve",
  "task": "tabletop_push_hero",
  "render_mode": "presentation",
  "camera_profile": "hero",
  "recommended_hero_camera": {
    "pos": [
      -1.4555870294570923,
      0.42315372824668884,
      0.9368312358856201
    ],
    "pitch": -22.0,
    "yaw": -28.0,
    "fov": 34.0,
    "target": [
      -0.06387384235858917,
      -0.3168332874774933,
      0.30000001192092896
    ]
  },
  "recommended_validation_camera": {
    "pos": [
      1.38602876663208,
      -1.2271184921264648,
      0.8727372884750366
    ],
    "pitch": -20.0,
    "yaw": 142.0,
    "fov": 46.0,
    "target": [
      0.016126153990626335,
      -0.15683329105377197,
      0.23999999463558197
    ]
  },
  "particle_contacts": false,
  "particle_contact_kernel": false,
  "robot_motion_mode": "ik",
  "replay_source": null,
  "history_storage_mode": "memmap",
  "history_storage_files": {
    "particle_q_all": "/home/xinjie/Newton_Connection/Newton/phystwin_bridge/results/robot_rope_franka/candidates/20260401_062755_fixeddt_c01/presentation/work/robot_rope_tabletop_hero_particle_q_all.npy",
    "particle_q_object": "/home/xinjie/Newton_Connection/Newton/phystwin_bridge/results/robot_rope_franka/candidates/20260401_062755_fixeddt_c01/presentation/work/robot_rope_tabletop_hero_particle_q_object.npy",
    "body_q": "/home/xinjie/Newton_Connection/Newton/phystwin_bridge/results/robot_rope_franka/candidates/20260401_062755_fixeddt_c01/presentation/work/robot_rope_tabletop_hero_body_q.npy",
    "body_vel": "/home/xinjie/Newton_Connection/Newton/phystwin_bridge/results/robot_rope_franka/candidates/20260401_062755_fixeddt_c01/presentation/work/robot_rope_tabletop_hero_body_vel.npy",
    "ee_target_pos": "/home/xinjie/Newton_Connection/Newton/phystwin_bridge/results/robot_rope_franka/candidates/20260401_062755_fixeddt_c01/presentation/work/robot_rope_tabletop_hero_ee_target_pos.npy"
  },
  "apply_drag": true,
  "drag_ignore_gravity_axis": true,
  "gravity_mag_m_s2": 9.8,
  "pre_release_settle_damping_scale": 8.0,
  "robot_geometry": "native_franka",
  "ee_body_index": 7,
  "ik_target_blend": 0.35,
  "gripper_center_tracking_error_mean_m": 0.30492132902145386,
  "gripper_center_tracking_error_max_m": 0.37894031405448914,
  "gripper_center_tracking_error_pre_contact_mean_m": null,
  "gripper_center_tracking_error_during_contact_mean_m": null,
  "gripper_center_tracking_error_release_mean_m": null,
  "gripper_center_speed_max_m_s": 0.5746381282806396,
  "gripper_center_speed_pre_contact_mean_m_s": null,
  "gripper_center_speed_during_contact_mean_m_s": null,
  "gripper_center_speed_release_mean_m_s": null,
  "gripper_center_path_length_m": 0.10972794145345688,
  "ground_z_m": 0.0,
  "table_top_z_m": 0.12,
  "rope_min_z_m": 0.14377720654010773,
  "rope_surface_clearance_min_m": 0.1177748292684555,
  "rope_surface_clearance_to_table_min_m": -0.0022251680493354797,
  "table_contact_active_frames": 117,
  "table_contact_duration_s": 3.9019500000000007,
  "table_contact_peak_frame": 3,
  "support_contact_active_frames": 0,
  "support_contact_duration_s": 0.0,
  "support_first_contact_frame": null,
  "support_last_contact_frame": null,
  "support_contact_peak_frame": 119,
  "support_contact_proxy_mode": "min(gripper_center,left_finger,right_finger,finger_span)",
  "support_contact_proxy_counts": {},
  "support_patch_indices": [
    0,
    2,
    1462,
    1752
  ],
  "support_patch_center_m": [
    0.001030968502163887,
    -0.00019903481006622314,
    0.18944884836673737
  ],
  "visible_support_center_m": [
    0.001030968502163887,
    -0.00019903481006622314,
    0.18944884836673737
  ],
  "contact_proxy_mode": "min(gripper_center,left_finger,right_finger,finger_span)",
  "contact_proxy_radius_m": 0.033,
  "contact_proxy_radii_m": {
    "gripper_center": 0.033,
    "left_finger": 0.033,
    "right_finger": 0.033,
    "finger_span": 0.033
  },
  "rope_com_displacement_m": 0.038590721786022186,
  "rope_com_z_min_m": 0.1570049673318863,
  "rope_mid_segment_peak_z_delta_m": 0.029751643538475037,
  "rope_mid_segment_final_z_delta_m": -0.005496770143508911,
  "rope_mid_segment_peak_frame": 0,
  "contact_started": false,
  "first_contact_frame": null,
  "first_contact_time_s": null,
  "first_ground_contact_frame": null,
  "first_ground_contact_time_s": null,
  "last_contact_frame": null,
  "last_contact_time_s": null,
  "first_contact_phase": null,
  "contact_peak_frame": 119,
  "release_frame": null,
  "release_time_s": null,
  "t_release_s": null,
  "impact_speed_before_first_contact_m_s": null,
  "early_fall_acceleration_estimate_m_s2": null,
  "early_fall_com_horizontal_velocity_m_s": null,
  "post_release_horizontal_kick_window_s": 0.08,
  "post_release_horizontal_kick_m_s": null,
  "contact_duration_s": 0.0,
  "contact_active_frames": 0,
  "contact_phase_count": 0,
  "task_phase_sequence": [
    "settle",
    "approach",
    "push",
    "hold",
    "retract"
  ],
  "rope_com_horizontal_speed_mean_pre_release_m_s": null,
  "rope_particle_speed_mean_pre_release_m_s": null,
  "support_patch_speed_mean_pre_release_m_s": null,
  "pre_release_spring_energy_proxy": null,
  "post_release_spring_energy_proxy": null,
  "settle_window_seconds": 0.08,
  "settle_gate_pass": null,
  "settle_gate_frame": null,
  "settle_gate_metrics": {},
  "preroll_settle_pass": null,
  "preroll_settle_time_s": null,
  "preroll_settle_metrics": null,
  "preroll_frame_count": 0,
  "min_clearance_min_m": 0.27041298151016235,
  "min_clearance_final_m": 0.27041298151016235,
  "gripper_center_clearance_min_m": 0.2704131305217743,
  "left_finger_clearance_min_m": 0.27136358618736267,
  "right_finger_clearance_min_m": 0.27287083864212036,
  "finger_span_clearance_min_m": 0.27041298151016235,
  "contact_proxy_counts": {},
  "contact_peak_proxy": "finger_span",
  "drag_phase_gating": "always_on_quasi_static",
  "physics_validation_path": "/home/xinjie/Newton_Connection/Newton/phystwin_bridge/results/robot_rope_franka/candidates/20260401_062755_fixeddt_c01/presentation/physics_validation.json"
}
Warp 1.12.0.dev20260218 initialized:
   Git commit: 3d888595a61128dd17de0dbb9eb8d80391e81424
   CUDA Toolkit 12.9, Driver 13.0
   Devices:
     "cpu"      : "x86_64"
     "cuda:0"   : "NVIDIA GeForce RTX 4090" (23 GiB, sm_89, mempool enabled)
   Kernel cache:
     /home/xinjie/.cache/warp/1.12.0.dev20260218
Module newton._src.geometry.inertia 2bd8c78 load on device 'cuda:0' took 0.84 ms  (cached)
Module newton._src.utils.mesh bced167 load on device 'cpu' took 0.68 ms  (cached)
Module validate_and_correct_inertia_kernel_0c7bfa66 0c7bfa6 load on device 'cuda:0' took 0.33 ms  (cached)
Module newton._src.sim.articulation 2109b59 load on device 'cuda:0' took 2.70 ms  (cached)
Module newton._src.sim.ik.ik_objectives efb687b load on device 'cuda:0' took 0.85 ms  (cached)
Module newton._src.sim.ik.ik_solver 6670029 load on device 'cuda:0' took 0.59 ms  (cached)
Module IKOptimizerLM___build_specialized__locals___fk_local_4065db04 4065db0 load on device 'cuda:0' took 0.85 ms  (cached)
Module newton._src.sim.ik.ik_common bc7903e load on device 'cuda:0' took 1.17 ms  (cached)
Module IKOptimizerLM___build_specialized__locals___compute_motion_subspace_2d_15acbefb 15acbef load on device 'cuda:0' took 4.98 ms  (cached)
Module _lm_solve_tiled_9_15_cda9ff77 12f1e6b load on device 'cuda:0' took 87.39 ms  (cached)
Module newton._src.sim.ik.ik_lm_optimizer bdde777 load on device 'cuda:0' took 0.63 ms  (cached)
Module newton._src.sim.collide 452004c load on device 'cuda:0' took 0.64 ms  (cached)
Module newton._src.geometry.broad_phase_nxn dcff895 load on device 'cuda:0' took 0.36 ms  (cached)
Module create_narrow_phase_primitive_kernel__locals__narrow_phase_primitive_kernel_ac59d7a0 640833f load on device 'cuda:0' took 0.59 ms  (cached)
Module create_narrow_phase_kernel_gjk_mpr__locals__narrow_phase_kernel_gjk_mpr_46eb548d 1d6e16f load on device 'cuda:0' took 0.93 ms  (cached)
Module newton._src.geometry.narrow_phase 0593107 load on device 'cuda:0' took 0.61 ms  (cached)
Module newton._src.geometry.contact_reduction_global 3a7a18f load on device 'cuda:0' took 0.36 ms  (cached)
Module newton._src.geometry.narrow_phase 931370b load on device 'cuda:0' took 0.61 ms  (cached)
Module create_narrow_phase_process_mesh_plane_contacts_kernel__locals__narrow_phase_process_mesh_plane_contacts_reduce_kernel_930923b3 4c09d6b load on device 'cuda:0' took 0.59 ms  (cached)
Module mesh_triangle_contacts_to_reducer_kernel_8060ca9c d5135d2 load on device 'cuda:0' took 1.64 ms  (cached)
Module newton._src.geometry.contact_reduction_global d2f9fc3 load on device 'cuda:0' took 0.36 ms  (cached)
Module newton._src.geometry.sdf_contact e671631 load on device 'cuda:0' took 0.22 ms  (cached)
Module create_narrow_phase_process_mesh_mesh_contacts_kernel__locals__mesh_sdf_collision_global_reduce_kernel_f46f3252 f46f325 load on device 'cuda:0' took 0.75 ms  (cached)
Module create_export_reduced_contacts_kernel__locals__export_reduced_contacts_kernel_ef09b9a0 6e4cf74 load on device 'cuda:0' took 0.46 ms  (cached)
Module newton._src.geometry.kernels 55ed1b0 load on device 'cuda:0' took 1.64 ms  (cached)
Module newton._src.solvers.semi_implicit.kernels_particle 0e0d871 load on device 'cuda:0' took 0.64 ms  (cached)
Module newton._src.solvers.semi_implicit.kernels_body 483b8fe load on device 'cuda:0' took 1.85 ms  (cached)
Module newton._src.solvers.semi_implicit.kernels_contact d558900 load on device 'cuda:0' took 0.87 ms  (cached)
Module newton._src.solvers.solver 16aecb3 load on device 'cuda:0' took 0.44 ms  (cached)
Module bridge_deformable_common 87b0596 load on device 'cuda:0' took 0.84 ms  (cached)
  frame 50/120
  frame 100/120
