[run_robot_rope_franka_tabletop_hero] run_dir=/home/xinjie/Newton_Connection/Newton/phystwin_bridge/results/robot_rope_franka/candidates/20260401_074926_fixeddt_c05_rotfix_reach
[run_robot_rope_franka_tabletop_hero] presentation=python /home/xinjie/Newton_Connection/Newton/phystwin_bridge/demos/demo_robot_rope_franka.py --out-dir /home/xinjie/Newton_Connection/Newton/phystwin_bridge/results/robot_rope_franka/candidates/20260401_074926_fixeddt_c05_rotfix_reach/presentation/work --prefix robot_rope_tabletop_hero --render-mode presentation --camera-profile hero --task tabletop_push_hero --sim-dt 5.0e-5 --substeps 667 --slowdown 1.0 --render-fps 30 --screen-width 1280 --screen-height 720 --viewer-headless --no-make-gif --anchor-count-per-end 2 --ik-target-blend 0.20 --auto-set-weight 3.0 --tabletop-initial-pose tabletop_curve --tabletop-preroll-settle-seconds 2.0 --tabletop-preroll-damping-scale 6.0 --tabletop-settle-seconds 0.8 --tabletop-approach-seconds 1.4 --tabletop-push-seconds 2.4 --tabletop-hold-seconds 0.4 --tabletop-retract-seconds 1.0 --tabletop-rope-height 0.156 --tabletop-table-top-z 0.120 --tabletop-table-hx 0.42 --tabletop-table-hy 0.24 --tabletop-table-hz 0.020 --tabletop-robot-base-offset -0.56 -0.22 0.10 --tabletop-push-start-offset -0.10 0.06 0.0 --tabletop-push-contact-offset -0.04 0.04 0.0 --tabletop-push-end-offset 0.10 0.04 0.0 --tabletop-retract-offset 0.14 -0.06 0.0 --tabletop-approach-clearance-z 0.18 --tabletop-contact-clearance-z 0.025 --tabletop-push-clearance-z 0.018 --tabletop-retract-clearance-z 0.14 --tabletop-ee-offset-z 0.22
[run_robot_rope_franka_tabletop_hero] debug=python /home/xinjie/Newton_Connection/Newton/phystwin_bridge/demos/demo_robot_rope_franka.py --out-dir /home/xinjie/Newton_Connection/Newton/phystwin_bridge/results/robot_rope_franka/candidates/20260401_074926_fixeddt_c05_rotfix_reach/debug/work --prefix robot_rope_tabletop_hero_debug --render-mode debug --camera-profile hero --overlay-label --task tabletop_push_hero --sim-dt 5.0e-5 --substeps 667 --slowdown 1.0 --render-fps 30 --screen-width 1280 --screen-height 720 --viewer-headless --no-make-gif --anchor-count-per-end 2 --ik-target-blend 0.20 --auto-set-weight 3.0 --tabletop-initial-pose tabletop_curve --tabletop-preroll-settle-seconds 2.0 --tabletop-preroll-damping-scale 6.0 --tabletop-settle-seconds 0.8 --tabletop-approach-seconds 1.4 --tabletop-push-seconds 2.4 --tabletop-hold-seconds 0.4 --tabletop-retract-seconds 1.0 --tabletop-rope-height 0.156 --tabletop-table-top-z 0.120 --tabletop-table-hx 0.42 --tabletop-table-hy 0.24 --tabletop-table-hz 0.020 --tabletop-robot-base-offset -0.56 -0.22 0.10 --tabletop-push-start-offset -0.10 0.06 0.0 --tabletop-push-contact-offset -0.04 0.04 0.0 --tabletop-push-end-offset 0.10 0.04 0.0 --tabletop-retract-offset 0.14 -0.06 0.0 --tabletop-approach-clearance-z 0.18 --tabletop-contact-clearance-z 0.025 --tabletop-push-clearance-z 0.018 --tabletop-retract-clearance-z 0.14 --tabletop-ee-offset-z 0.22
[run_robot_rope_franka_tabletop_hero] validation=python /home/xinjie/Newton_Connection/Newton/phystwin_bridge/demos/demo_robot_rope_franka.py --out-dir /home/xinjie/Newton_Connection/Newton/phystwin_bridge/results/robot_rope_franka/candidates/20260401_074926_fixeddt_c05_rotfix_reach/validation/work --prefix robot_rope_tabletop_hero_validation --render-mode presentation --camera-profile validation --task tabletop_push_hero --sim-dt 5.0e-5 --substeps 667 --slowdown 1.0 --render-fps 30 --screen-width 1280 --screen-height 720 --viewer-headless --no-make-gif --anchor-count-per-end 2 --ik-target-blend 0.20 --auto-set-weight 3.0 --tabletop-initial-pose tabletop_curve --tabletop-preroll-settle-seconds 2.0 --tabletop-preroll-damping-scale 6.0 --tabletop-settle-seconds 0.8 --tabletop-approach-seconds 1.4 --tabletop-push-seconds 2.4 --tabletop-hold-seconds 0.4 --tabletop-retract-seconds 1.0 --tabletop-rope-height 0.156 --tabletop-table-top-z 0.120 --tabletop-table-hx 0.42 --tabletop-table-hy 0.24 --tabletop-table-hz 0.020 --tabletop-robot-base-offset -0.56 -0.22 0.10 --tabletop-push-start-offset -0.10 0.06 0.0 --tabletop-push-contact-offset -0.04 0.04 0.0 --tabletop-push-end-offset 0.10 0.04 0.0 --tabletop-retract-offset 0.14 -0.06 0.0 --tabletop-approach-clearance-z 0.18 --tabletop-contact-clearance-z 0.025 --tabletop-push-clearance-z 0.018 --tabletop-retract-clearance-z 0.14 --tabletop-ee-offset-z 0.22
Warp 1.12.0.dev20260218 initialized:
   Git commit: 3d888595a61128dd17de0dbb9eb8d80391e81424
   CUDA Toolkit 12.9, Driver 13.0
   Devices:
     "cpu"      : "x86_64"
     "cuda:0"   : "NVIDIA GeForce RTX 4090" (23 GiB, sm_89, mempool enabled)
   Kernel cache:
     /home/xinjie/.cache/warp/1.12.0.dev20260218
Module newton._src.geometry.inertia 2bd8c78 load on device 'cuda:0' took 0.70 ms  (cached)
Module newton._src.utils.mesh bced167 load on device 'cpu' took 0.65 ms  (cached)
Module validate_and_correct_inertia_kernel_0c7bfa66 0c7bfa6 load on device 'cuda:0' took 0.28 ms  (cached)
Module newton._src.sim.articulation 2109b59 load on device 'cuda:0' took 2.67 ms  (cached)
Module newton._src.sim.ik.ik_objectives efb687b load on device 'cuda:0' took 0.85 ms  (cached)
Module newton._src.sim.ik.ik_solver 6670029 load on device 'cuda:0' took 0.60 ms  (cached)
Module IKOptimizerLM___build_specialized__locals___fk_local_4065db04 4065db0 load on device 'cuda:0' took 0.79 ms  (cached)
Module newton._src.sim.ik.ik_common bc7903e load on device 'cuda:0' took 1.16 ms  (cached)
Module IKOptimizerLM___build_specialized__locals___compute_motion_subspace_2d_15acbefb 15acbef load on device 'cuda:0' took 4.93 ms  (cached)
Module _lm_solve_tiled_9_15_cda9ff77 12f1e6b load on device 'cuda:0' took 86.21 ms  (cached)
Module newton._src.sim.ik.ik_lm_optimizer bdde777 load on device 'cuda:0' took 0.64 ms  (cached)
Module newton._src.sim.collide 452004c load on device 'cuda:0' took 0.53 ms  (cached)
Module newton._src.geometry.broad_phase_nxn dcff895 load on device 'cuda:0' took 0.63 ms  (cached)
Module create_narrow_phase_primitive_kernel__locals__narrow_phase_primitive_kernel_ac59d7a0 640833f load on device 'cuda:0' took 0.54 ms  (cached)
Module create_narrow_phase_kernel_gjk_mpr__locals__narrow_phase_kernel_gjk_mpr_46eb548d 1d6e16f load on device 'cuda:0' took 1.48 ms  (cached)
Module newton._src.geometry.narrow_phase 0593107 load on device 'cuda:0' took 0.60 ms  (cached)
Module newton._src.geometry.contact_reduction_global 3a7a18f load on device 'cuda:0' took 0.31 ms  (cached)
Module newton._src.geometry.narrow_phase 931370b load on device 'cuda:0' took 0.61 ms  (cached)
Module create_narrow_phase_process_mesh_plane_contacts_kernel__locals__narrow_phase_process_mesh_plane_contacts_reduce_kernel_930923b3 4c09d6b load on device 'cuda:0' took 0.26 ms  (cached)
Module mesh_triangle_contacts_to_reducer_kernel_8060ca9c d5135d2 load on device 'cuda:0' took 1.13 ms  (cached)
Module newton._src.geometry.contact_reduction_global d2f9fc3 load on device 'cuda:0' took 0.64 ms  (cached)
Module newton._src.geometry.sdf_contact e671631 load on device 'cuda:0' took 0.28 ms  (cached)
Module create_narrow_phase_process_mesh_mesh_contacts_kernel__locals__mesh_sdf_collision_global_reduce_kernel_f46f3252 f46f325 load on device 'cuda:0' took 0.87 ms  (cached)
Module create_export_reduced_contacts_kernel__locals__export_reduced_contacts_kernel_ef09b9a0 6e4cf74 load on device 'cuda:0' took 0.26 ms  (cached)
Module newton._src.geometry.kernels 55ed1b0 load on device 'cuda:0' took 1.56 ms  (cached)
Module newton._src.solvers.semi_implicit.kernels_particle 0e0d871 load on device 'cuda:0' took 0.92 ms  (cached)
Module newton._src.solvers.semi_implicit.kernels_body 483b8fe load on device 'cuda:0' took 1.59 ms  (cached)
Module newton._src.solvers.semi_implicit.kernels_contact d558900 load on device 'cuda:0' took 1.02 ms  (cached)
Module newton._src.solvers.solver 16aecb3 load on device 'cuda:0' took 0.41 ms  (cached)
Module bridge_deformable_common 87b0596 load on device 'cuda:0' took 0.22 ms  (cached)
  frame 50/181
  frame 100/181
  frame 150/181
  frame 181/181
  Simulation done: 181 frames in 799.9s
Module newton._src.viewer.gl.opengl 7724bb3 load on device 'cuda:0' took 0.78 ms  (cached)
Module newton._src.viewer.kernels 773c4cf load on device 'cuda:0' took 1.72 ms  (cached)
Module newton._src.geometry.raycast 23dd4e1 load on device 'cuda:0' took 2.57 ms  (cached)
Module newton._src.viewer.viewer_gl 2219863 load on device 'cuda:0' took 0.67 ms  (cached)
Module newton._src.utils.render 145677d load on device 'cuda:0' took 0.44 ms  (cached)
  rendered 30/180 frames
  rendered 60/180 frames
  rendered 90/180 frames
  rendered 120/180 frames
  rendered 150/180 frames
  rendered 180/180 frames
  Summary: /home/xinjie/Newton_Connection/Newton/phystwin_bridge/results/robot_rope_franka/candidates/20260401_074926_fixeddt_c05_rotfix_reach/presentation/work/robot_rope_tabletop_hero_summary.json
{
  "ir_path": "/home/xinjie/Newton_Connection/Newton/phystwin_bridge/ir/rope_double_hand/phystwin_ir_v2_bf_strict.npz",
  "output_mp4": "/home/xinjie/Newton_Connection/Newton/phystwin_bridge/results/robot_rope_franka/candidates/20260401_074926_fixeddt_c05_rotfix_reach/presentation/work/robot_rope_tabletop_hero.mp4",
  "frames": 181,
  "sim_dt": 5e-05,
  "substeps": 667,
  "frame_dt": 0.033350000000000005,
  "video_slowdown": 1.0,
  "task_duration_s": 6.0,
  "wall_time_sec": 799.8899291660055,
  "rope_total_mass": 3.0,
  "anchor_count": 4,
  "anchor_constraint_mode": "free_tabletop_rope",
  "anchor_mass_mode": "preserve",
  "task": "tabletop_push_hero",
  "render_mode": "presentation",
  "camera_profile": "hero",
  "recommended_hero_camera": {
    "pos": [
      1.039743423461914,
      -1.0204944610595703,
      0.6388041377067566
    ],
    "pitch": -18.0,
    "yaw": 138.0,
    "fov": 33.0,
    "target": [
      0.03612615540623665,
      -0.11683344095945358,
      0.20000000298023224
    ]
  },
  "recommended_validation_camera": {
    "pos": [
      1.4406031370162964,
      -0.9792555570602417,
      0.7028793692588806
    ],
    "pitch": -17.0,
    "yaw": 150.0,
    "fov": 42.0,
    "target": [
      0.016126153990626335,
      -0.1568334400653839,
      0.20000000298023224
    ]
  },
  "particle_contacts": false,
  "particle_contact_kernel": false,
  "robot_motion_mode": "ik",
  "replay_source": null,
  "history_storage_mode": "memmap",
  "history_storage_files": {
    "particle_q_all": "/home/xinjie/Newton_Connection/Newton/phystwin_bridge/results/robot_rope_franka/candidates/20260401_074926_fixeddt_c05_rotfix_reach/presentation/work/robot_rope_tabletop_hero_particle_q_all.npy",
    "particle_q_object": "/home/xinjie/Newton_Connection/Newton/phystwin_bridge/results/robot_rope_franka/candidates/20260401_074926_fixeddt_c05_rotfix_reach/presentation/work/robot_rope_tabletop_hero_particle_q_object.npy",
    "body_q": "/home/xinjie/Newton_Connection/Newton/phystwin_bridge/results/robot_rope_franka/candidates/20260401_074926_fixeddt_c05_rotfix_reach/presentation/work/robot_rope_tabletop_hero_body_q.npy",
    "body_vel": "/home/xinjie/Newton_Connection/Newton/phystwin_bridge/results/robot_rope_franka/candidates/20260401_074926_fixeddt_c05_rotfix_reach/presentation/work/robot_rope_tabletop_hero_body_vel.npy",
    "ee_target_pos": "/home/xinjie/Newton_Connection/Newton/phystwin_bridge/results/robot_rope_franka/candidates/20260401_074926_fixeddt_c05_rotfix_reach/presentation/work/robot_rope_tabletop_hero_ee_target_pos.npy"
  },
  "apply_drag": true,
  "drag_ignore_gravity_axis": true,
  "gravity_mag_m_s2": 9.8,
  "pre_release_settle_damping_scale": 8.0,
  "robot_geometry": "native_franka",
  "ee_body_index": 6,
  "ik_target_blend": 0.2,
  "gripper_center_tracking_error_mean_m": 0.36920636892318726,
  "gripper_center_tracking_error_max_m": 0.4129859209060669,
  "gripper_center_tracking_error_pre_contact_mean_m": null,
  "gripper_center_tracking_error_during_contact_mean_m": null,
  "gripper_center_tracking_error_release_mean_m": null,
  "gripper_center_speed_max_m_s": 0.4325549304485321,
  "gripper_center_speed_pre_contact_mean_m_s": null,
  "gripper_center_speed_during_contact_mean_m_s": null,
  "gripper_center_speed_release_mean_m_s": null,
  "gripper_center_path_length_m": 0.06300226598978043,
  "ground_z_m": 0.0,
  "table_top_z_m": 0.12,
  "rope_min_z_m": 0.14335285127162933,
  "rope_surface_clearance_min_m": 0.11735047399997711,
  "rope_surface_clearance_to_table_min_m": -0.0026495233178138733,
  "table_contact_active_frames": 181,
  "table_contact_duration_s": 6.0363500000000005,
  "table_contact_peak_frame": 22,
  "support_contact_active_frames": 0,
  "support_contact_duration_s": 0.0,
  "support_first_contact_frame": null,
  "support_last_contact_frame": null,
  "support_contact_peak_frame": 131,
  "support_contact_proxy_mode": "min(gripper_center,left_finger,right_finger,finger_span)",
  "support_contact_proxy_counts": {},
  "support_patch_indices": [
    0,
    3,
    1645,
    1752
  ],
  "support_patch_center_m": [
    -0.00045183487236499786,
    0.0005746865645051003,
    0.16505753993988037
  ],
  "visible_support_center_m": [
    -0.00045183487236499786,
    0.0005746865645051003,
    0.16505753993988037
  ],
  "contact_proxy_mode": "min(gripper_center,left_finger,right_finger,finger_span)",
  "contact_proxy_radius_m": 0.033,
  "contact_proxy_radii_m": {
    "gripper_center": 0.033,
    "left_finger": 0.033,
    "right_finger": 0.033,
    "finger_span": 0.033
  },
  "rope_com_displacement_m": 0.006194788962602615,
  "rope_com_z_min_m": 0.1569431722164154,
  "rope_mid_segment_peak_z_delta_m": 0.0015142261981964111,
  "rope_mid_segment_final_z_delta_m": 0.0011613070964813232,
  "rope_mid_segment_peak_frame": 49,
  "contact_started": false,
  "first_contact_frame": null,
  "first_contact_time_s": null,
  "first_ground_contact_frame": null,
  "first_ground_contact_time_s": null,
  "last_contact_frame": null,
  "last_contact_time_s": null,
  "first_contact_phase": null,
  "contact_peak_frame": 131,
  "release_frame": null,
  "release_time_s": null,
  "t_release_s": null,
  "impact_speed_before_first_contact_m_s": null,
  "early_fall_acceleration_estimate_m_s2": null,
  "early_fall_com_horizontal_velocity_m_s": null,
  "post_release_horizontal_kick_window_s": 0.08,
  "post_release_horizontal_kick_m_s": null,
  "contact_duration_s": 0.0,
  "contact_active_frames": 0,
  "contact_phase_count": 0,
  "task_phase_sequence": [
    "settle",
    "approach",
    "push",
    "hold",
    "retract"
  ],
  "rope_com_horizontal_speed_mean_pre_release_m_s": null,
  "rope_particle_speed_mean_pre_release_m_s": null,
  "support_patch_speed_mean_pre_release_m_s": null,
  "pre_release_spring_energy_proxy": null,
  "post_release_spring_energy_proxy": null,
  "settle_window_seconds": 0.08,
  "settle_gate_pass": null,
  "settle_gate_frame": null,
  "settle_gate_metrics": {},
  "preroll_settle_pass": true,
  "preroll_settle_time_s": 0.8337500000000001,
  "preroll_settle_metrics": {
    "window_start_frame": 20,
    "window_end_frame": 25,
    "window_duration_s": 0.20010000000000003,
    "particle_speed_mean_max_m_s": 0.02120964229106903,
    "com_horizontal_speed_max_m_s": 0.005151963792741299,
    "support_patch_speed_mean_max_m_s": 0.013541541993618011,
    "particle_speed_mean_threshold_m_s": 0.08,
    "com_horizontal_speed_threshold_m_s": 0.05,
    "support_patch_speed_threshold_m_s": 0.02
  },
  "preroll_frame_count": 26,
  "min_clearance_min_m": 0.2493869513273239,
  "min_clearance_final_m": 0.2496664971113205,
  "gripper_center_clearance_min_m": 0.2592838704586029,
  "left_finger_clearance_min_m": 0.2731035053730011,
  "right_finger_clearance_min_m": 0.2493869662284851,
  "finger_span_clearance_min_m": 0.2493869513273239,
  "contact_proxy_counts": {},
  "contact_peak_proxy": "finger_span",
  "drag_phase_gating": "always_on_quasi_static",
  "physics_validation_path": "/home/xinjie/Newton_Connection/Newton/phystwin_bridge/results/robot_rope_franka/candidates/20260401_074926_fixeddt_c05_rotfix_reach/presentation/physics_validation.json"
}
Warp 1.12.0.dev20260218 initialized:
   Git commit: 3d888595a61128dd17de0dbb9eb8d80391e81424
   CUDA Toolkit 12.9, Driver 13.0
   Devices:
     "cpu"      : "x86_64"
     "cuda:0"   : "NVIDIA GeForce RTX 4090" (23 GiB, sm_89, mempool enabled)
   Kernel cache:
     /home/xinjie/.cache/warp/1.12.0.dev20260218
Module newton._src.geometry.inertia 2bd8c78 load on device 'cuda:0' took 0.72 ms  (cached)
Module newton._src.utils.mesh bced167 load on device 'cpu' took 0.63 ms  (cached)
Module validate_and_correct_inertia_kernel_0c7bfa66 0c7bfa6 load on device 'cuda:0' took 0.38 ms  (cached)
Module newton._src.sim.articulation 2109b59 load on device 'cuda:0' took 3.17 ms  (cached)
Module newton._src.sim.ik.ik_objectives efb687b load on device 'cuda:0' took 1.31 ms  (cached)
Module newton._src.sim.ik.ik_solver 6670029 load on device 'cuda:0' took 0.72 ms  (cached)
Module IKOptimizerLM___build_specialized__locals___fk_local_4065db04 4065db0 load on device 'cuda:0' took 0.81 ms  (cached)
Module newton._src.sim.ik.ik_common bc7903e load on device 'cuda:0' took 1.24 ms  (cached)
Module IKOptimizerLM___build_specialized__locals___compute_motion_subspace_2d_15acbefb 15acbef load on device 'cuda:0' took 4.97 ms  (cached)
Module _lm_solve_tiled_9_15_cda9ff77 12f1e6b load on device 'cuda:0' took 93.08 ms  (cached)
Module newton._src.sim.ik.ik_lm_optimizer bdde777 load on device 'cuda:0' took 0.77 ms  (cached)
Module newton._src.sim.collide 452004c load on device 'cuda:0' took 0.65 ms  (cached)
Module newton._src.geometry.broad_phase_nxn dcff895 load on device 'cuda:0' took 0.48 ms  (cached)
Module create_narrow_phase_primitive_kernel__locals__narrow_phase_primitive_kernel_ac59d7a0 640833f load on device 'cuda:0' took 0.60 ms  (cached)
Module create_narrow_phase_kernel_gjk_mpr__locals__narrow_phase_kernel_gjk_mpr_46eb548d 1d6e16f load on device 'cuda:0' took 0.92 ms  (cached)
Module newton._src.geometry.narrow_phase 0593107 load on device 'cuda:0' took 0.73 ms  (cached)
Module newton._src.geometry.contact_reduction_global 3a7a18f load on device 'cuda:0' took 0.48 ms  (cached)
Module newton._src.geometry.narrow_phase 931370b load on device 'cuda:0' took 0.73 ms  (cached)
Module create_narrow_phase_process_mesh_plane_contacts_kernel__locals__narrow_phase_process_mesh_plane_contacts_reduce_kernel_930923b3 4c09d6b load on device 'cuda:0' took 0.40 ms  (cached)
Module mesh_triangle_contacts_to_reducer_kernel_8060ca9c d5135d2 load on device 'cuda:0' took 1.31 ms  (cached)
Module newton._src.geometry.contact_reduction_global d2f9fc3 load on device 'cuda:0' took 0.47 ms  (cached)
Module newton._src.geometry.sdf_contact e671631 load on device 'cuda:0' took 0.37 ms  (cached)
Module create_narrow_phase_process_mesh_mesh_contacts_kernel__locals__mesh_sdf_collision_global_reduce_kernel_f46f3252 f46f325 load on device 'cuda:0' took 1.01 ms  (cached)
Module create_export_reduced_contacts_kernel__locals__export_reduced_contacts_kernel_ef09b9a0 6e4cf74 load on device 'cuda:0' took 0.40 ms  (cached)
Module newton._src.geometry.kernels 55ed1b0 load on device 'cuda:0' took 1.65 ms  (cached)
Module newton._src.solvers.semi_implicit.kernels_particle 0e0d871 load on device 'cuda:0' took 0.76 ms  (cached)
Module newton._src.solvers.semi_implicit.kernels_body 483b8fe load on device 'cuda:0' took 1.61 ms  (cached)
Module newton._src.solvers.semi_implicit.kernels_contact d558900 load on device 'cuda:0' took 1.01 ms  (cached)
Module newton._src.solvers.solver 16aecb3 load on device 'cuda:0' took 0.71 ms  (cached)
Module bridge_deformable_common 87b0596 load on device 'cuda:0' took 0.23 ms  (cached)
  frame 50/181
  frame 100/181
  frame 150/181
  frame 181/181
  Simulation done: 181 frames in 790.1s
Module newton._src.viewer.gl.opengl 7724bb3 load on device 'cuda:0' took 0.89 ms  (cached)
Module newton._src.viewer.kernels 773c4cf load on device 'cuda:0' took 1.62 ms  (cached)
Module newton._src.geometry.raycast 23dd4e1 load on device 'cuda:0' took 2.18 ms  (cached)
Module newton._src.viewer.viewer_gl 2219863 load on device 'cuda:0' took 0.63 ms  (cached)
Module newton._src.utils.render 145677d load on device 'cuda:0' took 0.48 ms  (cached)
  rendered 30/180 frames
  rendered 60/180 frames
  rendered 90/180 frames
  rendered 120/180 frames
  rendered 150/180 frames
  rendered 180/180 frames
  Summary: /home/xinjie/Newton_Connection/Newton/phystwin_bridge/results/robot_rope_franka/candidates/20260401_074926_fixeddt_c05_rotfix_reach/debug/work/robot_rope_tabletop_hero_debug_summary.json
{
  "ir_path": "/home/xinjie/Newton_Connection/Newton/phystwin_bridge/ir/rope_double_hand/phystwin_ir_v2_bf_strict.npz",
  "output_mp4": "/home/xinjie/Newton_Connection/Newton/phystwin_bridge/results/robot_rope_franka/candidates/20260401_074926_fixeddt_c05_rotfix_reach/debug/work/robot_rope_tabletop_hero_debug.mp4",
  "frames": 181,
  "sim_dt": 5e-05,
  "substeps": 667,
  "frame_dt": 0.033350000000000005,
  "video_slowdown": 1.0,
  "task_duration_s": 6.0,
  "wall_time_sec": 790.0774109009944,
  "rope_total_mass": 3.0,
  "anchor_count": 4,
  "anchor_constraint_mode": "free_tabletop_rope",
  "anchor_mass_mode": "preserve",
  "task": "tabletop_push_hero",
  "render_mode": "debug",
  "camera_profile": "hero",
  "recommended_hero_camera": {
    "pos": [
      1.039743423461914,
      -1.0204944610595703,
      0.6388041377067566
    ],
    "pitch": -18.0,
    "yaw": 138.0,
    "fov": 33.0,
    "target": [
      0.03612615540623665,
      -0.11683344095945358,
      0.20000000298023224
    ]
  },
  "recommended_validation_camera": {
    "pos": [
      1.4406031370162964,
      -0.9792555570602417,
      0.7028793692588806
    ],
    "pitch": -17.0,
    "yaw": 150.0,
    "fov": 42.0,
    "target": [
      0.016126153990626335,
      -0.1568334400653839,
      0.20000000298023224
    ]
  },
  "particle_contacts": false,
  "particle_contact_kernel": false,
  "robot_motion_mode": "ik",
  "replay_source": null,
  "history_storage_mode": "memmap",
  "history_storage_files": {
    "particle_q_all": "/home/xinjie/Newton_Connection/Newton/phystwin_bridge/results/robot_rope_franka/candidates/20260401_074926_fixeddt_c05_rotfix_reach/debug/work/robot_rope_tabletop_hero_debug_particle_q_all.npy",
    "particle_q_object": "/home/xinjie/Newton_Connection/Newton/phystwin_bridge/results/robot_rope_franka/candidates/20260401_074926_fixeddt_c05_rotfix_reach/debug/work/robot_rope_tabletop_hero_debug_particle_q_object.npy",
    "body_q": "/home/xinjie/Newton_Connection/Newton/phystwin_bridge/results/robot_rope_franka/candidates/20260401_074926_fixeddt_c05_rotfix_reach/debug/work/robot_rope_tabletop_hero_debug_body_q.npy",
    "body_vel": "/home/xinjie/Newton_Connection/Newton/phystwin_bridge/results/robot_rope_franka/candidates/20260401_074926_fixeddt_c05_rotfix_reach/debug/work/robot_rope_tabletop_hero_debug_body_vel.npy",
    "ee_target_pos": "/home/xinjie/Newton_Connection/Newton/phystwin_bridge/results/robot_rope_franka/candidates/20260401_074926_fixeddt_c05_rotfix_reach/debug/work/robot_rope_tabletop_hero_debug_ee_target_pos.npy"
  },
  "apply_drag": true,
  "drag_ignore_gravity_axis": true,
  "gravity_mag_m_s2": 9.8,
  "pre_release_settle_damping_scale": 8.0,
  "robot_geometry": "native_franka",
  "ee_body_index": 6,
  "ik_target_blend": 0.2,
  "gripper_center_tracking_error_mean_m": 0.36920636892318726,
  "gripper_center_tracking_error_max_m": 0.4129859209060669,
  "gripper_center_tracking_error_pre_contact_mean_m": null,
  "gripper_center_tracking_error_during_contact_mean_m": null,
  "gripper_center_tracking_error_release_mean_m": null,
  "gripper_center_speed_max_m_s": 0.4325549304485321,
  "gripper_center_speed_pre_contact_mean_m_s": null,
  "gripper_center_speed_during_contact_mean_m_s": null,
  "gripper_center_speed_release_mean_m_s": null,
  "gripper_center_path_length_m": 0.06300226598978043,
  "ground_z_m": 0.0,
  "table_top_z_m": 0.12,
  "rope_min_z_m": 0.14339447021484375,
  "rope_surface_clearance_min_m": 0.11739209294319153,
  "rope_surface_clearance_to_table_min_m": -0.002607904374599457,
  "table_contact_active_frames": 181,
  "table_contact_duration_s": 6.0363500000000005,
  "table_contact_peak_frame": 29,
  "support_contact_active_frames": 0,
  "support_contact_duration_s": 0.0,
  "support_first_contact_frame": null,
  "support_last_contact_frame": null,
  "support_contact_peak_frame": 180,
  "support_contact_proxy_mode": "min(gripper_center,left_finger,right_finger,finger_span)",
  "support_contact_proxy_counts": {},
  "support_patch_indices": [
    0,
    3,
    1645,
    1752
  ],
  "support_patch_center_m": [
    -0.00045183487236499786,
    0.0005746865645051003,
    0.16505753993988037
  ],
  "visible_support_center_m": [
    -0.00045183487236499786,
    0.0005746865645051003,
    0.16505753993988037
  ],
  "contact_proxy_mode": "min(gripper_center,left_finger,right_finger,finger_span)",
  "contact_proxy_radius_m": 0.033,
  "contact_proxy_radii_m": {
    "gripper_center": 0.033,
    "left_finger": 0.033,
    "right_finger": 0.033,
    "finger_span": 0.033
  },
  "rope_com_displacement_m": 0.006979381199926138,
  "rope_com_z_min_m": 0.1583254635334015,
  "rope_mid_segment_peak_z_delta_m": 0.0004146695137023926,
  "rope_mid_segment_final_z_delta_m": -0.0017984658479690552,
  "rope_mid_segment_peak_frame": 0,
  "contact_started": false,
  "first_contact_frame": null,
  "first_contact_time_s": null,
  "first_ground_contact_frame": null,
  "first_ground_contact_time_s": null,
  "last_contact_frame": null,
  "last_contact_time_s": null,
  "first_contact_phase": null,
  "contact_peak_frame": 180,
  "release_frame": null,
  "release_time_s": null,
  "t_release_s": null,
  "impact_speed_before_first_contact_m_s": null,
  "early_fall_acceleration_estimate_m_s2": null,
  "early_fall_com_horizontal_velocity_m_s": null,
  "post_release_horizontal_kick_window_s": 0.08,
  "post_release_horizontal_kick_m_s": null,
  "contact_duration_s": 0.0,
  "contact_active_frames": 0,
  "contact_phase_count": 0,
  "task_phase_sequence": [
    "settle",
    "approach",
    "push",
    "hold",
    "retract"
  ],
  "rope_com_horizontal_speed_mean_pre_release_m_s": null,
  "rope_particle_speed_mean_pre_release_m_s": null,
  "support_patch_speed_mean_pre_release_m_s": null,
  "pre_release_spring_energy_proxy": null,
  "post_release_spring_energy_proxy": null,
  "settle_window_seconds": 0.08,
  "settle_gate_pass": null,
  "settle_gate_frame": null,
  "settle_gate_metrics": {},
  "preroll_settle_pass": true,
  "preroll_settle_time_s": 0.8337500000000001,
  "preroll_settle_metrics": {
    "window_start_frame": 20,
    "window_end_frame": 25,
    "window_duration_s": 0.20010000000000003,
    "particle_speed_mean_max_m_s": 0.007491088472306728,
    "com_horizontal_speed_max_m_s": 0.0010960017098113894,
    "support_patch_speed_mean_max_m_s": 0.011925695464015007,
    "particle_speed_mean_threshold_m_s": 0.08,
    "com_horizontal_speed_threshold_m_s": 0.05,
    "support_patch_speed_threshold_m_s": 0.02
  },
  "preroll_frame_count": 26,
  "min_clearance_min_m": 0.24879954755306244,
  "min_clearance_final_m": 0.24879954755306244,
  "gripper_center_clearance_min_m": 0.26017022132873535,
  "left_finger_clearance_min_m": 0.27560949325561523,
  "right_finger_clearance_min_m": 0.24879956245422363,
  "finger_span_clearance_min_m": 0.24879954755306244,
  "contact_proxy_counts": {},
  "contact_peak_proxy": "finger_span",
  "drag_phase_gating": "always_on_quasi_static",
  "physics_validation_path": "/home/xinjie/Newton_Connection/Newton/phystwin_bridge/results/robot_rope_franka/candidates/20260401_074926_fixeddt_c05_rotfix_reach/debug/physics_validation.json"
}
Warp 1.12.0.dev20260218 initialized:
   Git commit: 3d888595a61128dd17de0dbb9eb8d80391e81424
   CUDA Toolkit 12.9, Driver 13.0
   Devices:
     "cpu"      : "x86_64"
     "cuda:0"   : "NVIDIA GeForce RTX 4090" (23 GiB, sm_89, mempool enabled)
   Kernel cache:
     /home/xinjie/.cache/warp/1.12.0.dev20260218
Module newton._src.geometry.inertia 2bd8c78 load on device 'cuda:0' took 0.73 ms  (cached)
Module newton._src.utils.mesh bced167 load on device 'cpu' took 0.66 ms  (cached)
Module validate_and_correct_inertia_kernel_0c7bfa66 0c7bfa6 load on device 'cuda:0' took 0.33 ms  (cached)
Module newton._src.sim.articulation 2109b59 load on device 'cuda:0' took 2.90 ms  (cached)
Module newton._src.sim.ik.ik_objectives efb687b load on device 'cuda:0' took 1.00 ms  (cached)
Module newton._src.sim.ik.ik_solver 6670029 load on device 'cuda:0' took 0.84 ms  (cached)
Module IKOptimizerLM___build_specialized__locals___fk_local_4065db04 4065db0 load on device 'cuda:0' took 0.80 ms  (cached)
Module newton._src.sim.ik.ik_common bc7903e load on device 'cuda:0' took 1.44 ms  (cached)
Module IKOptimizerLM___build_specialized__locals___compute_motion_subspace_2d_15acbefb 15acbef load on device 'cuda:0' took 5.02 ms  (cached)
Module _lm_solve_tiled_9_15_cda9ff77 12f1e6b load on device 'cuda:0' took 92.15 ms  (cached)
Module newton._src.sim.ik.ik_lm_optimizer bdde777 load on device 'cuda:0' took 0.85 ms  (cached)
Module newton._src.sim.collide 452004c load on device 'cuda:0' took 0.76 ms  (cached)
Module newton._src.geometry.broad_phase_nxn dcff895 load on device 'cuda:0' took 0.51 ms  (cached)
Module create_narrow_phase_primitive_kernel__locals__narrow_phase_primitive_kernel_ac59d7a0 640833f load on device 'cuda:0' took 0.69 ms  (cached)
Module create_narrow_phase_kernel_gjk_mpr__locals__narrow_phase_kernel_gjk_mpr_46eb548d 1d6e16f load on device 'cuda:0' took 1.07 ms  (cached)
Module newton._src.geometry.narrow_phase 0593107 load on device 'cuda:0' took 0.92 ms  (cached)
Module newton._src.geometry.contact_reduction_global 3a7a18f load on device 'cuda:0' took 0.62 ms  (cached)
Module newton._src.geometry.narrow_phase 931370b load on device 'cuda:0' took 0.78 ms  (cached)
Module create_narrow_phase_process_mesh_plane_contacts_kernel__locals__narrow_phase_process_mesh_plane_contacts_reduce_kernel_930923b3 4c09d6b load on device 'cuda:0' took 0.45 ms  (cached)
Module mesh_triangle_contacts_to_reducer_kernel_8060ca9c d5135d2 load on device 'cuda:0' took 1.30 ms  (cached)
Module newton._src.geometry.contact_reduction_global d2f9fc3 load on device 'cuda:0' took 0.49 ms  (cached)
Module newton._src.geometry.sdf_contact e671631 load on device 'cuda:0' took 0.22 ms  (cached)
Module create_narrow_phase_process_mesh_mesh_contacts_kernel__locals__mesh_sdf_collision_global_reduce_kernel_f46f3252 f46f325 load on device 'cuda:0' took 1.31 ms  (cached)
Module create_export_reduced_contacts_kernel__locals__export_reduced_contacts_kernel_ef09b9a0 6e4cf74 load on device 'cuda:0' took 0.40 ms  (cached)
Module newton._src.geometry.kernels 55ed1b0 load on device 'cuda:0' took 1.78 ms  (cached)
Module newton._src.solvers.semi_implicit.kernels_particle 0e0d871 load on device 'cuda:0' took 0.91 ms  (cached)
Module newton._src.solvers.semi_implicit.kernels_body 483b8fe load on device 'cuda:0' took 1.74 ms  (cached)
Module newton._src.solvers.semi_implicit.kernels_contact d558900 load on device 'cuda:0' took 0.88 ms  (cached)
Module newton._src.solvers.solver 16aecb3 load on device 'cuda:0' took 0.55 ms  (cached)
Module bridge_deformable_common 87b0596 load on device 'cuda:0' took 0.23 ms  (cached)
  frame 25/181 phase=approach target_err=0.3230m min_clearance=0.2970m
  frame 50/181 phase=approach target_err=0.3654m min_clearance=0.2971m
  frame 75/181 phase=push target_err=0.4072m min_clearance=0.2965m
  frame 100/181 phase=push target_err=0.4124m min_clearance=0.2891m
  frame 125/181 phase=push target_err=0.3868m min_clearance=0.2555m
  frame 150/181 phase=hold target_err=0.3946m min_clearance=0.2520m
  frame 175/181 phase=retract target_err=0.3041m min_clearance=0.2520m
  frame 181/181 phase=retract target_err=0.2867m min_clearance=0.2520m
  Simulation done: 181 frames in 747.7s
Module newton._src.viewer.gl.opengl 7724bb3 load on device 'cuda:0' took 0.44 ms  (cached)
Module newton._src.viewer.kernels 773c4cf load on device 'cuda:0' took 1.81 ms  (cached)
Module newton._src.geometry.raycast 23dd4e1 load on device 'cuda:0' took 2.53 ms  (cached)
Module newton._src.viewer.viewer_gl 2219863 load on device 'cuda:0' took 0.46 ms  (cached)
Module newton._src.utils.render 145677d load on device 'cuda:0' took 0.71 ms  (cached)
  rendered 30/180 frames
  rendered 60/180 frames
  rendered 90/180 frames
  rendered 120/180 frames
  rendered 150/180 frames
  rendered 180/180 frames
  Summary: /home/xinjie/Newton_Connection/Newton/phystwin_bridge/results/robot_rope_franka/candidates/20260401_074926_fixeddt_c05_rotfix_reach/debug/work/robot_rope_tabletop_hero_debug_summary.json
{
  "ir_path": "/home/xinjie/Newton_Connection/Newton/phystwin_bridge/ir/rope_double_hand/phystwin_ir_v2_bf_strict.npz",
  "output_mp4": "/home/xinjie/Newton_Connection/Newton/phystwin_bridge/results/robot_rope_franka/candidates/20260401_074926_fixeddt_c05_rotfix_reach/debug/work/robot_rope_tabletop_hero_debug.mp4",
  "frames": 181,
  "sim_dt": 5e-05,
  "substeps": 667,
  "frame_dt": 0.033350000000000005,
  "video_slowdown": 1.0,
  "task_duration_s": 6.0,
  "wall_time_sec": 747.6614016139938,
  "rope_total_mass": 3.0,
  "anchor_count": 4,
  "anchor_constraint_mode": "free_tabletop_rope",
  "anchor_mass_mode": "preserve",
  "task": "tabletop_push_hero",
  "render_mode": "debug",
  "camera_profile": "hero",
  "recommended_hero_camera": {
    "pos": [
      1.039743423461914,
      -1.0204944610595703,
      0.6388041377067566
    ],
    "pitch": -18.0,
    "yaw": 138.0,
    "fov": 33.0,
    "target": [
      0.03612615540623665,
      -0.11683344095945358,
      0.20000000298023224
    ]
  },
  "recommended_validation_camera": {
    "pos": [
      1.4406031370162964,
      -0.9792555570602417,
      0.7028793692588806
    ],
    "pitch": -17.0,
    "yaw": 150.0,
    "fov": 42.0,
    "target": [
      0.016126153990626335,
      -0.1568334400653839,
      0.20000000298023224
    ]
  },
  "particle_contacts": false,
  "particle_contact_kernel": false,
  "robot_motion_mode": "ik",
  "replay_source": null,
  "history_storage_mode": "memmap",
  "history_storage_files": {
    "particle_q_all": "/home/xinjie/Newton_Connection/Newton/phystwin_bridge/results/robot_rope_franka/candidates/20260401_074926_fixeddt_c05_rotfix_reach/debug/work/robot_rope_tabletop_hero_debug_particle_q_all.npy",
    "particle_q_object": "/home/xinjie/Newton_Connection/Newton/phystwin_bridge/results/robot_rope_franka/candidates/20260401_074926_fixeddt_c05_rotfix_reach/debug/work/robot_rope_tabletop_hero_debug_particle_q_object.npy",
    "body_q": "/home/xinjie/Newton_Connection/Newton/phystwin_bridge/results/robot_rope_franka/candidates/20260401_074926_fixeddt_c05_rotfix_reach/debug/work/robot_rope_tabletop_hero_debug_body_q.npy",
    "body_vel": "/home/xinjie/Newton_Connection/Newton/phystwin_bridge/results/robot_rope_franka/candidates/20260401_074926_fixeddt_c05_rotfix_reach/debug/work/robot_rope_tabletop_hero_debug_body_vel.npy",
    "ee_target_pos": "/home/xinjie/Newton_Connection/Newton/phystwin_bridge/results/robot_rope_franka/candidates/20260401_074926_fixeddt_c05_rotfix_reach/debug/work/robot_rope_tabletop_hero_debug_ee_target_pos.npy"
  },
  "apply_drag": true,
  "drag_ignore_gravity_axis": true,
  "gravity_mag_m_s2": 9.8,
  "pre_release_settle_damping_scale": 8.0,
  "robot_geometry": "native_franka",
  "ee_body_index": 6,
  "ik_target_blend": 0.2,
  "gripper_center_tracking_error_mean_m": 0.36920636892318726,
  "gripper_center_tracking_error_max_m": 0.4129859209060669,
  "gripper_center_tracking_error_pre_contact_mean_m": null,
  "gripper_center_tracking_error_during_contact_mean_m": null,
  "gripper_center_tracking_error_release_mean_m": null,
  "gripper_center_speed_max_m_s": 0.4325549304485321,
  "gripper_center_speed_pre_contact_mean_m_s": null,
  "gripper_center_speed_during_contact_mean_m_s": null,
  "gripper_center_speed_release_mean_m_s": null,
  "gripper_center_path_length_m": 0.06300226598978043,
  "ground_z_m": 0.0,
  "table_top_z_m": 0.12,
  "rope_min_z_m": 0.1437917947769165,
  "rope_surface_clearance_min_m": 0.11778941750526428,
  "rope_surface_clearance_to_table_min_m": -0.002210579812526703,
  "table_contact_active_frames": 181,
  "table_contact_duration_s": 6.0363500000000005,
  "table_contact_peak_frame": 3,
  "support_contact_active_frames": 0,
  "support_contact_duration_s": 0.0,
  "support_first_contact_frame": null,
  "support_last_contact_frame": null,
  "support_contact_peak_frame": 131,
  "support_contact_proxy_mode": "min(gripper_center,left_finger,right_finger,finger_span)",
  "support_contact_proxy_counts": {},
  "support_patch_indices": [
    0,
    3,
    1645,
    1752
  ],
  "support_patch_center_m": [
    -0.00045183487236499786,
    0.0005746865645051003,
    0.16505753993988037
  ],
  "visible_support_center_m": [
    -0.00045183487236499786,
    0.0005746865645051003,
    0.16505753993988037
  ],
  "contact_proxy_mode": "min(gripper_center,left_finger,right_finger,finger_span)",
  "contact_proxy_radius_m": 0.033,
  "contact_proxy_radii_m": {
    "gripper_center": 0.033,
    "left_finger": 0.033,
    "right_finger": 0.033,
    "finger_span": 0.033
  },
  "rope_com_displacement_m": 0.006701132748275995,
  "rope_com_z_min_m": 0.15612946450710297,
  "rope_mid_segment_peak_z_delta_m": 0.00031387805938720703,
  "rope_mid_segment_final_z_delta_m": 0.00031387805938720703,
  "rope_mid_segment_peak_frame": 180,
  "contact_started": false,
  "first_contact_frame": null,
  "first_contact_time_s": null,
  "first_ground_contact_frame": null,
  "first_ground_contact_time_s": null,
  "last_contact_frame": null,
  "last_contact_time_s": null,
  "first_contact_phase": null,
  "contact_peak_frame": 131,
  "release_frame": null,
  "release_time_s": null,
  "t_release_s": null,
  "impact_speed_before_first_contact_m_s": null,
  "early_fall_acceleration_estimate_m_s2": null,
  "early_fall_com_horizontal_velocity_m_s": null,
  "post_release_horizontal_kick_window_s": 0.08,
  "post_release_horizontal_kick_m_s": null,
  "contact_duration_s": 0.0,
  "contact_active_frames": 0,
  "contact_phase_count": 0,
  "task_phase_sequence": [
    "settle",
    "approach",
    "push",
    "hold",
    "retract"
  ],
  "rope_com_horizontal_speed_mean_pre_release_m_s": null,
  "rope_particle_speed_mean_pre_release_m_s": null,
  "support_patch_speed_mean_pre_release_m_s": null,
  "pre_release_spring_energy_proxy": null,
  "post_release_spring_energy_proxy": null,
  "settle_window_seconds": 0.08,
  "settle_gate_pass": null,
  "settle_gate_frame": null,
  "settle_gate_metrics": {},
  "preroll_settle_pass": true,
  "preroll_settle_time_s": 0.8004000000000001,
  "preroll_settle_metrics": {
    "window_start_frame": 19,
    "window_end_frame": 24,
    "window_duration_s": 0.20010000000000003,
    "particle_speed_mean_max_m_s": 0.04346222057938576,
    "com_horizontal_speed_max_m_s": 0.012767442502081394,
    "support_patch_speed_mean_max_m_s": 0.007409475743770599,
    "particle_speed_mean_threshold_m_s": 0.08,
    "com_horizontal_speed_threshold_m_s": 0.05,
    "support_patch_speed_threshold_m_s": 0.02
  },
  "preroll_frame_count": 25,
  "min_clearance_min_m": 0.25198522210121155,
  "min_clearance_final_m": 0.2520458698272705,
  "gripper_center_clearance_min_m": 0.2636462450027466,
  "left_finger_clearance_min_m": 0.27965816855430603,
  "right_finger_clearance_min_m": 0.25198522210121155,
  "finger_span_clearance_min_m": 0.25198522210121155,
  "contact_proxy_counts": {},
  "contact_peak_proxy": "finger_span",
  "drag_phase_gating": "always_on_quasi_static",
  "physics_validation_path": "/home/xinjie/Newton_Connection/Newton/phystwin_bridge/results/robot_rope_franka/candidates/20260401_074926_fixeddt_c05_rotfix_reach/debug/physics_validation.json"
}
