[run_robot_rope_franka_tabletop_hero] run_dir=/home/xinjie/Newton_Connection/Newton/phystwin_bridge/results/robot_rope_franka/candidates/20260401_040403_c01_default
[run_robot_rope_franka_tabletop_hero] presentation=python /home/xinjie/Newton_Connection/Newton/phystwin_bridge/demos/demo_robot_rope_franka.py --out-dir /home/xinjie/Newton_Connection/Newton/phystwin_bridge/results/robot_rope_franka/candidates/20260401_040403_c01_default/presentation/work --prefix robot_rope_tabletop_hero --render-mode presentation --camera-profile hero --task tabletop_push_hero --slowdown 1.0 --render-fps 30 --screen-width 1280 --screen-height 720 --viewer-headless --no-make-gif --anchor-count-per-end 2 --ik-target-blend 0.35 --auto-set-weight 3.0 --tabletop-preroll-settle-seconds 2.4 --tabletop-preroll-damping-scale 6.0 --tabletop-settle-seconds 0.8 --tabletop-approach-seconds 1.2 --tabletop-push-seconds 2.7 --tabletop-hold-seconds 0.8 --tabletop-retract-seconds 1.1 --tabletop-rope-height 0.145 --tabletop-table-top-z 0.120 --tabletop-table-hx 0.42 --tabletop-table-hy 0.24 --tabletop-table-hz 0.020 --tabletop-robot-base-offset 0.56 -0.34 0.10 --tabletop-push-start-offset -0.28 -0.10 0.14 --tabletop-push-contact-offset -0.10 -0.06 0.03 --tabletop-push-end-offset 0.18 -0.06 0.03 --tabletop-retract-offset 0.24 -0.20 0.18
[run_robot_rope_franka_tabletop_hero] debug=python /home/xinjie/Newton_Connection/Newton/phystwin_bridge/demos/demo_robot_rope_franka.py --out-dir /home/xinjie/Newton_Connection/Newton/phystwin_bridge/results/robot_rope_franka/candidates/20260401_040403_c01_default/debug/work --prefix robot_rope_tabletop_hero_debug --render-mode debug --camera-profile hero --overlay-label --task tabletop_push_hero --slowdown 1.0 --render-fps 30 --screen-width 1280 --screen-height 720 --viewer-headless --no-make-gif --anchor-count-per-end 2 --ik-target-blend 0.35 --auto-set-weight 3.0 --tabletop-preroll-settle-seconds 2.4 --tabletop-preroll-damping-scale 6.0 --tabletop-settle-seconds 0.8 --tabletop-approach-seconds 1.2 --tabletop-push-seconds 2.7 --tabletop-hold-seconds 0.8 --tabletop-retract-seconds 1.1 --tabletop-rope-height 0.145 --tabletop-table-top-z 0.120 --tabletop-table-hx 0.42 --tabletop-table-hy 0.24 --tabletop-table-hz 0.020 --tabletop-robot-base-offset 0.56 -0.34 0.10 --tabletop-push-start-offset -0.28 -0.10 0.14 --tabletop-push-contact-offset -0.10 -0.06 0.03 --tabletop-push-end-offset 0.18 -0.06 0.03 --tabletop-retract-offset 0.24 -0.20 0.18
[run_robot_rope_franka_tabletop_hero] validation=python /home/xinjie/Newton_Connection/Newton/phystwin_bridge/demos/demo_robot_rope_franka.py --out-dir /home/xinjie/Newton_Connection/Newton/phystwin_bridge/results/robot_rope_franka/candidates/20260401_040403_c01_default/validation/work --prefix robot_rope_tabletop_hero_validation --render-mode presentation --camera-profile validation --task tabletop_push_hero --slowdown 1.0 --render-fps 30 --screen-width 1280 --screen-height 720 --viewer-headless --no-make-gif --anchor-count-per-end 2 --ik-target-blend 0.35 --auto-set-weight 3.0 --tabletop-preroll-settle-seconds 2.4 --tabletop-preroll-damping-scale 6.0 --tabletop-settle-seconds 0.8 --tabletop-approach-seconds 1.2 --tabletop-push-seconds 2.7 --tabletop-hold-seconds 0.8 --tabletop-retract-seconds 1.1 --tabletop-rope-height 0.145 --tabletop-table-top-z 0.120 --tabletop-table-hx 0.42 --tabletop-table-hy 0.24 --tabletop-table-hz 0.020 --tabletop-robot-base-offset 0.56 -0.34 0.10 --tabletop-push-start-offset -0.28 -0.10 0.14 --tabletop-push-contact-offset -0.10 -0.06 0.03 --tabletop-push-end-offset 0.18 -0.06 0.03 --tabletop-retract-offset 0.24 -0.20 0.18
Warp 1.12.0.dev20260218 initialized:
   Git commit: 3d888595a61128dd17de0dbb9eb8d80391e81424
   CUDA Toolkit 12.9, Driver 13.0
   Devices:
     "cpu"      : "x86_64"
     "cuda:0"   : "NVIDIA GeForce RTX 4090" (23 GiB, sm_89, mempool enabled)
   Kernel cache:
     /home/xinjie/.cache/warp/1.12.0.dev20260218
Module newton._src.geometry.inertia 2bd8c78 load on device 'cuda:0' took 0.71 ms  (cached)
Module newton._src.utils.mesh bced167 load on device 'cpu' took 0.63 ms  (cached)
Module validate_and_correct_inertia_kernel_0c7bfa66 0c7bfa6 load on device 'cuda:0' took 0.30 ms  (cached)
Module newton._src.sim.articulation 2109b59 load on device 'cuda:0' took 2.87 ms  (cached)
Module newton._src.sim.ik.ik_objectives efb687b load on device 'cuda:0' took 0.96 ms  (cached)
Module newton._src.sim.ik.ik_solver 6670029 load on device 'cuda:0' took 1.16 ms  (cached)
Module IKOptimizerLM___build_specialized__locals___fk_local_4065db04 4065db0 load on device 'cuda:0' took 0.80 ms  (cached)
Module newton._src.sim.ik.ik_common bc7903e load on device 'cuda:0' took 1.22 ms  (cached)
Module IKOptimizerLM___build_specialized__locals___compute_motion_subspace_2d_15acbefb 15acbef load on device 'cuda:0' took 4.96 ms  (cached)
Module _lm_solve_tiled_9_15_cda9ff77 12f1e6b load on device 'cuda:0' took 88.91 ms  (cached)
Module newton._src.sim.ik.ik_lm_optimizer bdde777 load on device 'cuda:0' took 0.76 ms  (cached)
Module newton._src.sim.collide 452004c load on device 'cuda:0' took 0.65 ms  (cached)
Module newton._src.geometry.broad_phase_nxn dcff895 load on device 'cuda:0' took 0.86 ms  (cached)
Module create_narrow_phase_primitive_kernel__locals__narrow_phase_primitive_kernel_ac59d7a0 640833f load on device 'cuda:0' took 1.19 ms  (cached)
Module create_narrow_phase_kernel_gjk_mpr__locals__narrow_phase_kernel_gjk_mpr_46eb548d 1d6e16f load on device 'cuda:0' took 1.07 ms  (cached)
Module newton._src.geometry.narrow_phase 0593107 load on device 'cuda:0' took 0.76 ms  (cached)
Module newton._src.geometry.contact_reduction_global 3a7a18f load on device 'cuda:0' took 0.52 ms  (cached)
Module newton._src.geometry.narrow_phase 931370b load on device 'cuda:0' took 0.74 ms  (cached)
Module create_narrow_phase_process_mesh_plane_contacts_kernel__locals__narrow_phase_process_mesh_plane_contacts_reduce_kernel_930923b3 4c09d6b load on device 'cuda:0' took 0.37 ms  (cached)
Module mesh_triangle_contacts_to_reducer_kernel_8060ca9c d5135d2 load on device 'cuda:0' took 1.31 ms  (cached)
Module newton._src.geometry.contact_reduction_global d2f9fc3 load on device 'cuda:0' took 0.47 ms  (cached)
Module newton._src.geometry.sdf_contact e671631 load on device 'cuda:0' took 0.22 ms  (cached)
Module create_narrow_phase_process_mesh_mesh_contacts_kernel__locals__mesh_sdf_collision_global_reduce_kernel_f46f3252 f46f325 load on device 'cuda:0' took 0.75 ms  (cached)
Module create_export_reduced_contacts_kernel__locals__export_reduced_contacts_kernel_ef09b9a0 6e4cf74 load on device 'cuda:0' took 0.48 ms  (cached)
Module newton._src.geometry.kernels 55ed1b0 load on device 'cuda:0' took 1.74 ms  (cached)
Module newton._src.solvers.semi_implicit.kernels_particle 0e0d871 load on device 'cuda:0' took 0.76 ms  (cached)
Module newton._src.solvers.semi_implicit.kernels_body 483b8fe load on device 'cuda:0' took 1.74 ms  (cached)
Module newton._src.solvers.semi_implicit.kernels_contact d558900 load on device 'cuda:0' took 1.01 ms  (cached)
Module newton._src.solvers.solver 16aecb3 load on device 'cuda:0' took 1.20 ms  (cached)
Module bridge_deformable_common 87b0596 load on device 'cuda:0' took 0.23 ms  (cached)
  frame 50/16501
  frame 100/16501
  frame 150/16501
  frame 200/16501
  frame 250/16501
  frame 300/16501
  frame 350/16501
  frame 400/16501
  frame 450/16501
  frame 500/16501
  frame 550/16501
  frame 600/16501
  frame 650/16501
  frame 700/16501
  frame 750/16501
  frame 800/16501
  frame 850/16501
  frame 900/16501
  frame 950/16501
  frame 1000/16501
  frame 1050/16501
  frame 1100/16501
  frame 1150/16501
  frame 1200/16501
  frame 1250/16501
  frame 1300/16501
  frame 1350/16501
  frame 1400/16501
  frame 1450/16501
  frame 1500/16501
  frame 1550/16501
  frame 1600/16501
  frame 1650/16501
  frame 1700/16501
  frame 1750/16501
  frame 1800/16501
  frame 1850/16501
  frame 1900/16501
  frame 1950/16501
  frame 2000/16501
  frame 2050/16501
  frame 2100/16501
  frame 2150/16501
  frame 2200/16501
  frame 2250/16501
  frame 2300/16501
  frame 2350/16501
  frame 2400/16501
  frame 2450/16501
  frame 2500/16501
  frame 2550/16501
  frame 2600/16501
  frame 2650/16501
  frame 2700/16501
  frame 2750/16501
  frame 2800/16501
  frame 2850/16501
  frame 2900/16501
  frame 2950/16501
  frame 3000/16501
  frame 3050/16501
  frame 3100/16501
  frame 3150/16501
  frame 3200/16501
  frame 3250/16501
  frame 3300/16501
  frame 3350/16501
  frame 3400/16501
  frame 3450/16501
  frame 3500/16501
  frame 3550/16501
  frame 3600/16501
  frame 3650/16501
  frame 3700/16501
