[run_robot_rope_franka_tabletop_hero] run_dir=/home/xinjie/Newton_Connection/Newton/phystwin_bridge/results/robot_rope_franka/candidates/20260401_080931_fixeddt_c07_jointpath
[run_robot_rope_franka_tabletop_hero] presentation=python /home/xinjie/Newton_Connection/Newton/phystwin_bridge/demos/demo_robot_rope_franka.py --out-dir /home/xinjie/Newton_Connection/Newton/phystwin_bridge/results/robot_rope_franka/candidates/20260401_080931_fixeddt_c07_jointpath/presentation/work --prefix robot_rope_tabletop_hero --render-mode presentation --camera-profile hero --task tabletop_push_hero --sim-dt 5.0e-5 --substeps 667 --slowdown 1.0 --render-fps 30 --screen-width 1280 --screen-height 720 --viewer-headless --no-make-gif --anchor-count-per-end 2 --tabletop-control-mode joint_trajectory --ik-target-blend 0.20 --auto-set-weight 3.0 --tabletop-initial-pose tabletop_curve --tabletop-preroll-settle-seconds 2.0 --tabletop-preroll-damping-scale 6.0 --tabletop-settle-seconds 0.8 --tabletop-approach-seconds 1.4 --tabletop-push-seconds 2.4 --tabletop-hold-seconds 0.4 --tabletop-retract-seconds 1.0 --tabletop-rope-height 0.156 --tabletop-table-top-z 0.200 --tabletop-table-hx 0.42 --tabletop-table-hy 0.24 --tabletop-table-hz 0.020 --tabletop-robot-base-offset -0.56 -0.22 0.10 --tabletop-push-start-offset -0.09 -0.01 0.0 --tabletop-push-contact-offset -0.04 -0.03 0.0 --tabletop-push-end-offset 0.03 -0.04 0.0 --tabletop-retract-offset -0.02 -0.02 0.0 --tabletop-approach-clearance-z 0.10 --tabletop-contact-clearance-z 0.010 --tabletop-push-clearance-z 0.008 --tabletop-retract-clearance-z 0.05 --tabletop-ee-offset-z 0.22
[run_robot_rope_franka_tabletop_hero] debug=python /home/xinjie/Newton_Connection/Newton/phystwin_bridge/demos/demo_robot_rope_franka.py --out-dir /home/xinjie/Newton_Connection/Newton/phystwin_bridge/results/robot_rope_franka/candidates/20260401_080931_fixeddt_c07_jointpath/debug/work --prefix robot_rope_tabletop_hero_debug --render-mode debug --camera-profile hero --overlay-label --task tabletop_push_hero --sim-dt 5.0e-5 --substeps 667 --slowdown 1.0 --render-fps 30 --screen-width 1280 --screen-height 720 --viewer-headless --no-make-gif --anchor-count-per-end 2 --tabletop-control-mode joint_trajectory --ik-target-blend 0.20 --auto-set-weight 3.0 --tabletop-initial-pose tabletop_curve --tabletop-preroll-settle-seconds 2.0 --tabletop-preroll-damping-scale 6.0 --tabletop-settle-seconds 0.8 --tabletop-approach-seconds 1.4 --tabletop-push-seconds 2.4 --tabletop-hold-seconds 0.4 --tabletop-retract-seconds 1.0 --tabletop-rope-height 0.156 --tabletop-table-top-z 0.200 --tabletop-table-hx 0.42 --tabletop-table-hy 0.24 --tabletop-table-hz 0.020 --tabletop-robot-base-offset -0.56 -0.22 0.10 --tabletop-push-start-offset -0.09 -0.01 0.0 --tabletop-push-contact-offset -0.04 -0.03 0.0 --tabletop-push-end-offset 0.03 -0.04 0.0 --tabletop-retract-offset -0.02 -0.02 0.0 --tabletop-approach-clearance-z 0.10 --tabletop-contact-clearance-z 0.010 --tabletop-push-clearance-z 0.008 --tabletop-retract-clearance-z 0.05 --tabletop-ee-offset-z 0.22
[run_robot_rope_franka_tabletop_hero] validation=python /home/xinjie/Newton_Connection/Newton/phystwin_bridge/demos/demo_robot_rope_franka.py --out-dir /home/xinjie/Newton_Connection/Newton/phystwin_bridge/results/robot_rope_franka/candidates/20260401_080931_fixeddt_c07_jointpath/validation/work --prefix robot_rope_tabletop_hero_validation --render-mode presentation --camera-profile validation --task tabletop_push_hero --sim-dt 5.0e-5 --substeps 667 --slowdown 1.0 --render-fps 30 --screen-width 1280 --screen-height 720 --viewer-headless --no-make-gif --anchor-count-per-end 2 --tabletop-control-mode joint_trajectory --ik-target-blend 0.20 --auto-set-weight 3.0 --tabletop-initial-pose tabletop_curve --tabletop-preroll-settle-seconds 2.0 --tabletop-preroll-damping-scale 6.0 --tabletop-settle-seconds 0.8 --tabletop-approach-seconds 1.4 --tabletop-push-seconds 2.4 --tabletop-hold-seconds 0.4 --tabletop-retract-seconds 1.0 --tabletop-rope-height 0.156 --tabletop-table-top-z 0.200 --tabletop-table-hx 0.42 --tabletop-table-hy 0.24 --tabletop-table-hz 0.020 --tabletop-robot-base-offset -0.56 -0.22 0.10 --tabletop-push-start-offset -0.09 -0.01 0.0 --tabletop-push-contact-offset -0.04 -0.03 0.0 --tabletop-push-end-offset 0.03 -0.04 0.0 --tabletop-retract-offset -0.02 -0.02 0.0 --tabletop-approach-clearance-z 0.10 --tabletop-contact-clearance-z 0.010 --tabletop-push-clearance-z 0.008 --tabletop-retract-clearance-z 0.05 --tabletop-ee-offset-z 0.22
Warp 1.12.0.dev20260218 initialized:
   Git commit: 3d888595a61128dd17de0dbb9eb8d80391e81424
   CUDA Toolkit 12.9, Driver 13.0
   Devices:
     "cpu"      : "x86_64"
     "cuda:0"   : "NVIDIA GeForce RTX 4090" (23 GiB, sm_89, mempool enabled)
   Kernel cache:
     /home/xinjie/.cache/warp/1.12.0.dev20260218
Module newton._src.geometry.inertia 2bd8c78 load on device 'cuda:0' took 0.87 ms  (cached)
Module newton._src.utils.mesh bced167 load on device 'cpu' took 0.66 ms  (cached)
Module validate_and_correct_inertia_kernel_0c7bfa66 0c7bfa6 load on device 'cuda:0' took 1.39 ms  (cached)
Module newton._src.sim.articulation 2109b59 load on device 'cuda:0' took 3.07 ms  (cached)
Module newton._src.sim.collide 452004c load on device 'cuda:0' took 1.51 ms  (cached)
Module newton._src.geometry.broad_phase_nxn dcff895 load on device 'cuda:0' took 0.92 ms  (cached)
Module create_narrow_phase_primitive_kernel__locals__narrow_phase_primitive_kernel_ac59d7a0 640833f load on device 'cuda:0' took 0.59 ms  (cached)
Module create_narrow_phase_kernel_gjk_mpr__locals__narrow_phase_kernel_gjk_mpr_46eb548d 1d6e16f load on device 'cuda:0' took 1.81 ms  (cached)
Module newton._src.geometry.narrow_phase 0593107 load on device 'cuda:0' took 6.03 ms  (cached)
Module newton._src.geometry.contact_reduction_global 3a7a18f load on device 'cuda:0' took 0.63 ms  (cached)
Module newton._src.geometry.narrow_phase 931370b load on device 'cuda:0' took 0.61 ms  (cached)
Module create_narrow_phase_process_mesh_plane_contacts_kernel__locals__narrow_phase_process_mesh_plane_contacts_reduce_kernel_930923b3 4c09d6b load on device 'cuda:0' took 0.29 ms  (cached)
Module mesh_triangle_contacts_to_reducer_kernel_8060ca9c d5135d2 load on device 'cuda:0' took 1.21 ms  (cached)
Module newton._src.geometry.contact_reduction_global d2f9fc3 load on device 'cuda:0' took 0.62 ms  (cached)
Module newton._src.geometry.sdf_contact e671631 load on device 'cuda:0' took 0.72 ms  (cached)
Module create_narrow_phase_process_mesh_mesh_contacts_kernel__locals__mesh_sdf_collision_global_reduce_kernel_f46f3252 f46f325 load on device 'cuda:0' took 1.34 ms  (cached)
Module create_export_reduced_contacts_kernel__locals__export_reduced_contacts_kernel_ef09b9a0 6e4cf74 load on device 'cuda:0' took 0.31 ms  (cached)
Module newton._src.geometry.kernels 55ed1b0 load on device 'cuda:0' took 1.60 ms  (cached)
Module newton._src.solvers.semi_implicit.kernels_particle 0e0d871 load on device 'cuda:0' took 0.79 ms  (cached)
Module newton._src.solvers.semi_implicit.kernels_body 483b8fe load on device 'cuda:0' took 1.48 ms  (cached)
Module newton._src.solvers.semi_implicit.kernels_contact d558900 load on device 'cuda:0' took 1.12 ms  (cached)
Module newton._src.solvers.solver 16aecb3 load on device 'cuda:0' took 0.81 ms  (cached)
Module bridge_deformable_common 87b0596 load on device 'cuda:0' took 1.05 ms  (cached)
  frame 25/181 phase=approach target_err=0.0000m min_clearance=0.0801m
  frame 50/181 phase=approach target_err=0.0000m min_clearance=0.0287m
  frame 75/181 phase=push target_err=0.0000m min_clearance=0.0075m
  frame 100/181 phase=push target_err=0.0000m min_clearance=-0.0029m
  frame 125/181 phase=push target_err=0.0000m min_clearance=-0.0068m
  frame 150/181 phase=hold target_err=0.0000m min_clearance=-0.0046m
  frame 175/181 phase=retract target_err=0.0000m min_clearance=0.0632m
  frame 181/181 phase=retract target_err=0.0000m min_clearance=0.0833m
  Simulation done: 181 frames in 81.1s
Module newton._src.viewer.gl.opengl 7724bb3 load on device 'cuda:0' took 0.33 ms  (cached)
Module newton._src.viewer.kernels 773c4cf load on device 'cuda:0' took 2.37 ms  (cached)
Module newton._src.geometry.raycast 23dd4e1 load on device 'cuda:0' took 3.71 ms  (cached)
Module newton._src.viewer.viewer_gl 2219863 load on device 'cuda:0' took 1.05 ms  (cached)
Module newton._src.utils.render 145677d load on device 'cuda:0' took 0.48 ms  (cached)
  rendered 30/180 frames
  rendered 60/180 frames
  rendered 90/180 frames
  rendered 120/180 frames
  rendered 150/180 frames
  rendered 180/180 frames
  Summary: /home/xinjie/Newton_Connection/Newton/phystwin_bridge/results/robot_rope_franka/candidates/20260401_080931_fixeddt_c07_jointpath/presentation/work/robot_rope_tabletop_hero_summary.json
{
  "ir_path": "/home/xinjie/Newton_Connection/Newton/phystwin_bridge/ir/rope_double_hand/phystwin_ir_v2_bf_strict.npz",
  "output_mp4": "/home/xinjie/Newton_Connection/Newton/phystwin_bridge/results/robot_rope_franka/candidates/20260401_080931_fixeddt_c07_jointpath/presentation/work/robot_rope_tabletop_hero.mp4",
  "frames": 181,
  "sim_dt": 5e-05,
  "substeps": 667,
  "frame_dt": 0.033350000000000005,
  "video_slowdown": 1.0,
  "task_duration_s": 6.0,
  "wall_time_sec": 81.10121760002221,
  "rope_total_mass": 3.0,
  "anchor_count": 4,
  "anchor_constraint_mode": "free_tabletop_rope",
  "anchor_mass_mode": "preserve",
  "task": "tabletop_push_hero",
  "render_mode": "presentation",
  "camera_profile": "hero",
  "recommended_hero_camera": {
    "pos": [
      1.039743423461914,
      -1.0204944610595703,
      0.718804121017456
    ],
    "pitch": -18.0,
    "yaw": 138.0,
    "fov": 33.0,
    "target": [
      0.03612615540623665,
      -0.11683344095945358,
      0.2800000011920929
    ]
  },
  "recommended_validation_camera": {
    "pos": [
      1.4406031370162964,
      -0.9792555570602417,
      0.7828793525695801
    ],
    "pitch": -17.0,
    "yaw": 150.0,
    "fov": 42.0,
    "target": [
      0.016126153990626335,
      -0.1568334400653839,
      0.2800000011920929
    ]
  },
  "particle_contacts": false,
  "particle_contact_kernel": false,
  "robot_motion_mode": "ik",
  "replay_source": null,
  "history_storage_mode": "memmap",
  "history_storage_files": {
    "particle_q_all": "/home/xinjie/Newton_Connection/Newton/phystwin_bridge/results/robot_rope_franka/candidates/20260401_080931_fixeddt_c07_jointpath/presentation/work/robot_rope_tabletop_hero_particle_q_all.npy",
    "particle_q_object": "/home/xinjie/Newton_Connection/Newton/phystwin_bridge/results/robot_rope_franka/candidates/20260401_080931_fixeddt_c07_jointpath/presentation/work/robot_rope_tabletop_hero_particle_q_object.npy",
    "body_q": "/home/xinjie/Newton_Connection/Newton/phystwin_bridge/results/robot_rope_franka/candidates/20260401_080931_fixeddt_c07_jointpath/presentation/work/robot_rope_tabletop_hero_body_q.npy",
    "body_vel": "/home/xinjie/Newton_Connection/Newton/phystwin_bridge/results/robot_rope_franka/candidates/20260401_080931_fixeddt_c07_jointpath/presentation/work/robot_rope_tabletop_hero_body_vel.npy",
    "ee_target_pos": "/home/xinjie/Newton_Connection/Newton/phystwin_bridge/results/robot_rope_franka/candidates/20260401_080931_fixeddt_c07_jointpath/presentation/work/robot_rope_tabletop_hero_ee_target_pos.npy"
  },
  "apply_drag": true,
  "drag_ignore_gravity_axis": true,
  "gravity_mag_m_s2": 9.8,
  "pre_release_settle_damping_scale": 8.0,
  "robot_geometry": "native_franka",
  "ee_body_index": 6,
  "ik_target_blend": 0.2,
  "gripper_center_tracking_error_mean_m": 2.9003183499298757e-06,
  "gripper_center_tracking_error_max_m": 6.075878900446696e-06,
  "gripper_center_tracking_error_pre_contact_mean_m": null,
  "gripper_center_tracking_error_during_contact_mean_m": 2.3753029836370843e-06,
  "gripper_center_tracking_error_release_mean_m": null,
  "gripper_center_speed_max_m_s": 0.12042391300201416,
  "gripper_center_speed_pre_contact_mean_m_s": null,
  "gripper_center_speed_during_contact_mean_m_s": 0.04762118309736252,
  "gripper_center_speed_release_mean_m_s": null,
  "gripper_center_path_length_m": 0.349676251411438,
  "ground_z_m": 0.0,
  "table_top_z_m": 0.2,
  "rope_min_z_m": 0.22088895738124847,
  "rope_surface_clearance_min_m": 0.19488658010959625,
  "rope_surface_clearance_to_table_min_m": -0.005113422870635986,
  "table_contact_active_frames": 181,
  "table_contact_duration_s": 6.0363500000000005,
  "table_contact_peak_frame": 127,
  "support_contact_active_frames": 59,
  "support_contact_duration_s": 1.9676500000000003,
  "support_first_contact_frame": 93,
  "support_last_contact_frame": 151,
  "support_contact_peak_frame": 114,
  "support_contact_proxy_mode": "min(gripper_center,left_finger,right_finger,finger_span)",
  "support_contact_proxy_counts": {
    "finger_span": 59
  },
  "support_patch_indices": [
    0,
    3,
    1645,
    1752
  ],
  "support_patch_center_m": [
    -0.00045183487236499786,
    0.0005746865645051003,
    0.24505753815174103
  ],
  "visible_support_center_m": [
    -0.00045183487236499786,
    0.0005746865645051003,
    0.24505753815174103
  ],
  "contact_proxy_mode": "min(gripper_center,left_finger,right_finger,finger_span)",
  "contact_proxy_radius_m": 0.033,
  "contact_proxy_radii_m": {
    "gripper_center": 0.033,
    "left_finger": 0.033,
    "right_finger": 0.033,
    "finger_span": 0.033
  },
  "rope_com_displacement_m": 0.0229027196764946,
  "rope_com_z_min_m": 0.23482158780097961,
  "rope_mid_segment_peak_z_delta_m": 0.00028167665004730225,
  "rope_mid_segment_final_z_delta_m": -5.507469177246094e-05,
  "rope_mid_segment_peak_frame": 3,
  "contact_started": true,
  "first_contact_frame": 93,
  "first_contact_time_s": 3.1015500000000005,
  "first_ground_contact_frame": 93,
  "first_ground_contact_time_s": 3.1015500000000005,
  "last_contact_frame": 151,
  "last_contact_time_s": 5.035850000000001,
  "first_contact_phase": "push",
  "contact_peak_frame": 114,
  "release_frame": null,
  "release_time_s": null,
  "t_release_s": null,
  "impact_speed_before_first_contact_m_s": 4.021302870903415e-06,
  "early_fall_acceleration_estimate_m_s2": null,
  "early_fall_com_horizontal_velocity_m_s": null,
  "post_release_horizontal_kick_window_s": 0.08,
  "post_release_horizontal_kick_m_s": null,
  "contact_duration_s": 1.9676500000000003,
  "contact_active_frames": 59,
  "contact_phase_count": 59,
  "task_phase_sequence": [
    "settle",
    "approach",
    "push",
    "hold",
    "retract"
  ],
  "rope_com_horizontal_speed_mean_pre_release_m_s": null,
  "rope_particle_speed_mean_pre_release_m_s": null,
  "support_patch_speed_mean_pre_release_m_s": null,
  "pre_release_spring_energy_proxy": null,
  "post_release_spring_energy_proxy": null,
  "settle_window_seconds": 0.08,
  "settle_gate_pass": null,
  "settle_gate_frame": null,
  "settle_gate_metrics": {},
  "preroll_settle_pass": true,
  "preroll_settle_time_s": 0.7003500000000001,
  "preroll_settle_metrics": {
    "window_start_frame": 16,
    "window_end_frame": 21,
    "window_duration_s": 0.20010000000000003,
    "particle_speed_mean_max_m_s": 0.017000921070575714,
    "com_horizontal_speed_max_m_s": 0.0037428413052111864,
    "support_patch_speed_mean_max_m_s": 0.018780119717121124,
    "particle_speed_mean_threshold_m_s": 0.08,
    "com_horizontal_speed_threshold_m_s": 0.05,
    "support_patch_speed_threshold_m_s": 0.02
  },
  "preroll_frame_count": 22,
  "min_clearance_min_m": -0.00736253522336483,
  "min_clearance_final_m": 0.08326362818479538,
  "gripper_center_clearance_min_m": -0.006531193852424622,
  "left_finger_clearance_min_m": -0.00735824927687645,
  "right_finger_clearance_min_m": 0.00044658035039901733,
  "finger_span_clearance_min_m": -0.00736253522336483,
  "contact_proxy_counts": {
    "finger_span": 59
  },
  "contact_peak_proxy": "finger_span",
  "drag_phase_gating": "always_on_quasi_static",
  "physics_validation_path": "/home/xinjie/Newton_Connection/Newton/phystwin_bridge/results/robot_rope_franka/candidates/20260401_080931_fixeddt_c07_jointpath/presentation/physics_validation.json"
}
Warp 1.12.0.dev20260218 initialized:
   Git commit: 3d888595a61128dd17de0dbb9eb8d80391e81424
   CUDA Toolkit 12.9, Driver 13.0
   Devices:
     "cpu"      : "x86_64"
     "cuda:0"   : "NVIDIA GeForce RTX 4090" (23 GiB, sm_89, mempool enabled)
   Kernel cache:
     /home/xinjie/.cache/warp/1.12.0.dev20260218
Module newton._src.geometry.inertia 2bd8c78 load on device 'cuda:0' took 0.98 ms  (cached)
Module newton._src.utils.mesh bced167 load on device 'cpu' took 0.67 ms  (cached)
Module validate_and_correct_inertia_kernel_0c7bfa66 0c7bfa6 load on device 'cuda:0' took 0.32 ms  (cached)
Module newton._src.sim.articulation 2109b59 load on device 'cuda:0' took 2.91 ms  (cached)
Module newton._src.sim.collide 452004c load on device 'cuda:0' took 0.52 ms  (cached)
Module newton._src.geometry.broad_phase_nxn dcff895 load on device 'cuda:0' took 0.34 ms  (cached)
Module create_narrow_phase_primitive_kernel__locals__narrow_phase_primitive_kernel_ac59d7a0 640833f load on device 'cuda:0' took 0.58 ms  (cached)
Module create_narrow_phase_kernel_gjk_mpr__locals__narrow_phase_kernel_gjk_mpr_46eb548d 1d6e16f load on device 'cuda:0' took 0.89 ms  (cached)
Module newton._src.geometry.narrow_phase 0593107 load on device 'cuda:0' took 5.06 ms  (cached)
Module newton._src.geometry.contact_reduction_global 3a7a18f load on device 'cuda:0' took 0.67 ms  (cached)
Module newton._src.geometry.narrow_phase 931370b load on device 'cuda:0' took 1.30 ms  (cached)
Module create_narrow_phase_process_mesh_plane_contacts_kernel__locals__narrow_phase_process_mesh_plane_contacts_reduce_kernel_930923b3 4c09d6b load on device 'cuda:0' took 0.40 ms  (cached)
Module mesh_triangle_contacts_to_reducer_kernel_8060ca9c d5135d2 load on device 'cuda:0' took 1.10 ms  (cached)
Module newton._src.geometry.contact_reduction_global d2f9fc3 load on device 'cuda:0' took 0.33 ms  (cached)
Module newton._src.geometry.sdf_contact e671631 load on device 'cuda:0' took 0.23 ms  (cached)
Module create_narrow_phase_process_mesh_mesh_contacts_kernel__locals__mesh_sdf_collision_global_reduce_kernel_f46f3252 f46f325 load on device 'cuda:0' took 0.76 ms  (cached)
Module create_export_reduced_contacts_kernel__locals__export_reduced_contacts_kernel_ef09b9a0 6e4cf74 load on device 'cuda:0' took 0.33 ms  (cached)
Module newton._src.geometry.kernels 55ed1b0 load on device 'cuda:0' took 1.45 ms  (cached)
Module newton._src.solvers.semi_implicit.kernels_particle 0e0d871 load on device 'cuda:0' took 0.78 ms  (cached)
Module newton._src.solvers.semi_implicit.kernels_body 483b8fe load on device 'cuda:0' took 1.39 ms  (cached)
Module newton._src.solvers.semi_implicit.kernels_contact d558900 load on device 'cuda:0' took 1.37 ms  (cached)
Module newton._src.solvers.solver 16aecb3 load on device 'cuda:0' took 0.56 ms  (cached)
Module bridge_deformable_common 87b0596 load on device 'cuda:0' took 0.24 ms  (cached)
  frame 25/181 phase=approach target_err=0.0000m min_clearance=0.0775m
  frame 50/181 phase=approach target_err=0.0000m min_clearance=0.0191m
  frame 75/181 phase=push target_err=0.0000m min_clearance=-0.0072m
  frame 100/181 phase=push target_err=0.0000m min_clearance=-0.0146m
  frame 125/181 phase=push target_err=0.0000m min_clearance=-0.0120m
  frame 150/181 phase=hold target_err=0.0000m min_clearance=-0.0072m
  frame 175/181 phase=retract target_err=0.0000m min_clearance=0.0601m
  frame 181/181 phase=retract target_err=0.0000m min_clearance=0.0794m
  Simulation done: 181 frames in 80.5s
Module newton._src.viewer.gl.opengl 7724bb3 load on device 'cuda:0' took 0.57 ms  (cached)
Module newton._src.viewer.kernels 773c4cf load on device 'cuda:0' took 1.78 ms  (cached)
Module newton._src.geometry.raycast 23dd4e1 load on device 'cuda:0' took 2.51 ms  (cached)
Module newton._src.viewer.viewer_gl 2219863 load on device 'cuda:0' took 1.03 ms  (cached)
Module newton._src.utils.render 145677d load on device 'cuda:0' took 0.30 ms  (cached)
  rendered 30/180 frames
  rendered 60/180 frames
  rendered 90/180 frames
  rendered 120/180 frames
  rendered 150/180 frames
  rendered 180/180 frames
  Summary: /home/xinjie/Newton_Connection/Newton/phystwin_bridge/results/robot_rope_franka/candidates/20260401_080931_fixeddt_c07_jointpath/debug/work/robot_rope_tabletop_hero_debug_summary.json
{
  "ir_path": "/home/xinjie/Newton_Connection/Newton/phystwin_bridge/ir/rope_double_hand/phystwin_ir_v2_bf_strict.npz",
  "output_mp4": "/home/xinjie/Newton_Connection/Newton/phystwin_bridge/results/robot_rope_franka/candidates/20260401_080931_fixeddt_c07_jointpath/debug/work/robot_rope_tabletop_hero_debug.mp4",
  "frames": 181,
  "sim_dt": 5e-05,
  "substeps": 667,
  "frame_dt": 0.033350000000000005,
  "video_slowdown": 1.0,
  "task_duration_s": 6.0,
  "wall_time_sec": 80.50943562199245,
  "rope_total_mass": 3.0,
  "anchor_count": 4,
  "anchor_constraint_mode": "free_tabletop_rope",
  "anchor_mass_mode": "preserve",
  "task": "tabletop_push_hero",
  "render_mode": "debug",
  "camera_profile": "hero",
  "recommended_hero_camera": {
    "pos": [
      1.039743423461914,
      -1.0204944610595703,
      0.718804121017456
    ],
    "pitch": -18.0,
    "yaw": 138.0,
    "fov": 33.0,
    "target": [
      0.03612615540623665,
      -0.11683344095945358,
      0.2800000011920929
    ]
  },
  "recommended_validation_camera": {
    "pos": [
      1.4406031370162964,
      -0.9792555570602417,
      0.7828793525695801
    ],
    "pitch": -17.0,
    "yaw": 150.0,
    "fov": 42.0,
    "target": [
      0.016126153990626335,
      -0.1568334400653839,
      0.2800000011920929
    ]
  },
  "particle_contacts": false,
  "particle_contact_kernel": false,
  "robot_motion_mode": "ik",
  "replay_source": null,
  "history_storage_mode": "memmap",
  "history_storage_files": {
    "particle_q_all": "/home/xinjie/Newton_Connection/Newton/phystwin_bridge/results/robot_rope_franka/candidates/20260401_080931_fixeddt_c07_jointpath/debug/work/robot_rope_tabletop_hero_debug_particle_q_all.npy",
    "particle_q_object": "/home/xinjie/Newton_Connection/Newton/phystwin_bridge/results/robot_rope_franka/candidates/20260401_080931_fixeddt_c07_jointpath/debug/work/robot_rope_tabletop_hero_debug_particle_q_object.npy",
    "body_q": "/home/xinjie/Newton_Connection/Newton/phystwin_bridge/results/robot_rope_franka/candidates/20260401_080931_fixeddt_c07_jointpath/debug/work/robot_rope_tabletop_hero_debug_body_q.npy",
    "body_vel": "/home/xinjie/Newton_Connection/Newton/phystwin_bridge/results/robot_rope_franka/candidates/20260401_080931_fixeddt_c07_jointpath/debug/work/robot_rope_tabletop_hero_debug_body_vel.npy",
    "ee_target_pos": "/home/xinjie/Newton_Connection/Newton/phystwin_bridge/results/robot_rope_franka/candidates/20260401_080931_fixeddt_c07_jointpath/debug/work/robot_rope_tabletop_hero_debug_ee_target_pos.npy"
  },
  "apply_drag": true,
  "drag_ignore_gravity_axis": true,
  "gravity_mag_m_s2": 9.8,
  "pre_release_settle_damping_scale": 8.0,
  "robot_geometry": "native_franka",
  "ee_body_index": 6,
  "ik_target_blend": 0.2,
  "gripper_center_tracking_error_mean_m": 2.9003183499298757e-06,
  "gripper_center_tracking_error_max_m": 6.075878900446696e-06,
  "gripper_center_tracking_error_pre_contact_mean_m": null,
  "gripper_center_tracking_error_during_contact_mean_m": 2.4561093141528545e-06,
  "gripper_center_tracking_error_release_mean_m": null,
  "gripper_center_speed_max_m_s": 0.12042391300201416,
  "gripper_center_speed_pre_contact_mean_m_s": null,
  "gripper_center_speed_during_contact_mean_m_s": 0.049214571714401245,
  "gripper_center_speed_release_mean_m_s": null,
  "gripper_center_path_length_m": 0.349676251411438,
  "ground_z_m": 0.0,
  "table_top_z_m": 0.2,
  "rope_min_z_m": 0.22115518152713776,
  "rope_surface_clearance_min_m": 0.19515280425548553,
  "rope_surface_clearance_to_table_min_m": -0.004847198724746704,
  "table_contact_active_frames": 181,
  "table_contact_duration_s": 6.0363500000000005,
  "table_contact_peak_frame": 138,
  "support_contact_active_frames": 93,
  "support_contact_duration_s": 3.1015500000000005,
  "support_first_contact_frame": 62,
  "support_last_contact_frame": 154,
  "support_contact_peak_frame": 110,
  "support_contact_proxy_mode": "min(gripper_center,left_finger,right_finger,finger_span)",
  "support_contact_proxy_counts": {
    "finger_span": 93
  },
  "support_patch_indices": [
    0,
    3,
    1645,
    1752
  ],
  "support_patch_center_m": [
    -0.00045183487236499786,
    0.0005746865645051003,
    0.24505753815174103
  ],
  "visible_support_center_m": [
    -0.00045183487236499786,
    0.0005746865645051003,
    0.24505753815174103
  ],
  "contact_proxy_mode": "min(gripper_center,left_finger,right_finger,finger_span)",
  "contact_proxy_radius_m": 0.033,
  "contact_proxy_radii_m": {
    "gripper_center": 0.033,
    "left_finger": 0.033,
    "right_finger": 0.033,
    "finger_span": 0.033
  },
  "rope_com_displacement_m": 0.03404204919934273,
  "rope_com_z_min_m": 0.23634766042232513,
  "rope_mid_segment_peak_z_delta_m": 0.0001742839813232422,
  "rope_mid_segment_final_z_delta_m": -0.006035029888153076,
  "rope_mid_segment_peak_frame": 9,
  "contact_started": true,
  "first_contact_frame": 62,
  "first_contact_time_s": 2.0677000000000003,
  "first_ground_contact_frame": 62,
  "first_ground_contact_time_s": 2.0677000000000003,
  "last_contact_frame": 154,
  "last_contact_time_s": 5.1359,
  "first_contact_phase": "approach",
  "contact_peak_frame": 110,
  "release_frame": null,
  "release_time_s": null,
  "t_release_s": null,
  "impact_speed_before_first_contact_m_s": 6.0766354493651604e-05,
  "early_fall_acceleration_estimate_m_s2": null,
  "early_fall_com_horizontal_velocity_m_s": null,
  "post_release_horizontal_kick_window_s": 0.08,
  "post_release_horizontal_kick_m_s": null,
  "contact_duration_s": 3.1015500000000005,
  "contact_active_frames": 93,
  "contact_phase_count": 93,
  "task_phase_sequence": [
    "settle",
    "approach",
    "push",
    "hold",
    "retract"
  ],
  "rope_com_horizontal_speed_mean_pre_release_m_s": null,
  "rope_particle_speed_mean_pre_release_m_s": null,
  "support_patch_speed_mean_pre_release_m_s": null,
  "pre_release_spring_energy_proxy": null,
  "post_release_spring_energy_proxy": null,
  "settle_window_seconds": 0.08,
  "settle_gate_pass": null,
  "settle_gate_frame": null,
  "settle_gate_metrics": {},
  "preroll_settle_pass": true,
  "preroll_settle_time_s": 0.7003500000000001,
  "preroll_settle_metrics": {
    "window_start_frame": 16,
    "window_end_frame": 21,
    "window_duration_s": 0.20010000000000003,
    "particle_speed_mean_max_m_s": 0.00881663803011179,
    "com_horizontal_speed_max_m_s": 0.005178768653422594,
    "support_patch_speed_mean_max_m_s": 0.013643914833664894,
    "particle_speed_mean_threshold_m_s": 0.08,
    "com_horizontal_speed_threshold_m_s": 0.05,
    "support_patch_speed_threshold_m_s": 0.02
  },
  "preroll_frame_count": 22,
  "min_clearance_min_m": -0.01648964174091816,
  "min_clearance_final_m": 0.07935100048780441,
  "gripper_center_clearance_min_m": -0.01626819744706154,
  "left_finger_clearance_min_m": -0.011652037501335144,
  "right_finger_clearance_min_m": -0.004726976156234741,
  "finger_span_clearance_min_m": -0.01648964174091816,
  "contact_proxy_counts": {
    "finger_span": 93
  },
  "contact_peak_proxy": "finger_span",
  "drag_phase_gating": "always_on_quasi_static",
  "physics_validation_path": "/home/xinjie/Newton_Connection/Newton/phystwin_bridge/results/robot_rope_franka/candidates/20260401_080931_fixeddt_c07_jointpath/debug/physics_validation.json"
}
