[run_robot_rope_franka_tabletop_hero] run_dir=/home/xinjie/Newton_Connection/Newton/phystwin_bridge/results/robot_rope_franka/candidates/20260401_202952_remotefix_visradius_c11
[run_robot_rope_franka_tabletop_hero] presentation=python /home/xinjie/Newton_Connection/Newton/phystwin_bridge/demos/demo_robot_rope_franka.py --out-dir /home/xinjie/Newton_Connection/Newton/phystwin_bridge/results/robot_rope_franka/candidates/20260401_202952_remotefix_visradius_c11/presentation/work --prefix robot_rope_tabletop_hero --render-mode presentation --camera-profile hero --task tabletop_push_hero --sim-dt 5.0e-5 --substeps 667 --slowdown 1.0 --render-fps 30 --screen-width 1280 --screen-height 720 --viewer-headless --no-make-gif --anchor-count-per-end 2 --tabletop-control-mode joint_trajectory --ik-target-blend 0.20 --auto-set-weight 3.0 --tabletop-initial-pose tabletop_curve --tabletop-hero-hide-pedestal --tabletop-preroll-settle-seconds 2.0 --tabletop-preroll-damping-scale 6.0 --tabletop-settle-seconds 0.8 --tabletop-approach-seconds 1.4 --tabletop-push-seconds 2.4 --tabletop-hold-seconds 0.4 --tabletop-retract-seconds 1.2 --tabletop-rope-height 0.156 --tabletop-table-top-z 0.200 --tabletop-table-hx 0.42 --tabletop-table-hy 0.24 --tabletop-table-hz 0.020 --tabletop-robot-base-offset -0.56 -0.22 0.10 --tabletop-push-start-offset -0.09 -0.01 0.0 --tabletop-push-contact-offset -0.04 -0.03 0.0 --tabletop-push-end-offset 0.03 -0.04 0.0 --tabletop-retract-offset -0.02 -0.02 0.0 --tabletop-approach-clearance-z 0.10 --tabletop-contact-clearance-z 0.010 --tabletop-push-clearance-z 0.008 --tabletop-retract-clearance-z 0.05 --tabletop-ee-offset-z 0.22 --particle-radius-vis-scale 1.0 --particle-radius-vis-min 0.026 --rope-line-width 0.024
[run_robot_rope_franka_tabletop_hero] debug=python /home/xinjie/Newton_Connection/Newton/phystwin_bridge/demos/demo_robot_rope_franka.py --out-dir /home/xinjie/Newton_Connection/Newton/phystwin_bridge/results/robot_rope_franka/candidates/20260401_202952_remotefix_visradius_c11/debug/work --prefix robot_rope_tabletop_hero_debug --render-mode debug --camera-profile hero --overlay-label --task tabletop_push_hero --sim-dt 5.0e-5 --substeps 667 --slowdown 1.0 --render-fps 30 --screen-width 1280 --screen-height 720 --viewer-headless --no-make-gif --anchor-count-per-end 2 --tabletop-control-mode joint_trajectory --ik-target-blend 0.20 --auto-set-weight 3.0 --tabletop-initial-pose tabletop_curve --tabletop-hero-hide-pedestal --tabletop-preroll-settle-seconds 2.0 --tabletop-preroll-damping-scale 6.0 --tabletop-settle-seconds 0.8 --tabletop-approach-seconds 1.4 --tabletop-push-seconds 2.4 --tabletop-hold-seconds 0.4 --tabletop-retract-seconds 1.2 --tabletop-rope-height 0.156 --tabletop-table-top-z 0.200 --tabletop-table-hx 0.42 --tabletop-table-hy 0.24 --tabletop-table-hz 0.020 --tabletop-robot-base-offset -0.56 -0.22 0.10 --tabletop-push-start-offset -0.09 -0.01 0.0 --tabletop-push-contact-offset -0.04 -0.03 0.0 --tabletop-push-end-offset 0.03 -0.04 0.0 --tabletop-retract-offset -0.02 -0.02 0.0 --tabletop-approach-clearance-z 0.10 --tabletop-contact-clearance-z 0.010 --tabletop-push-clearance-z 0.008 --tabletop-retract-clearance-z 0.05 --tabletop-ee-offset-z 0.22 --particle-radius-vis-scale 1.0 --particle-radius-vis-min 0.026 --rope-line-width 0.024
[run_robot_rope_franka_tabletop_hero] validation=python /home/xinjie/Newton_Connection/Newton/phystwin_bridge/demos/demo_robot_rope_franka.py --out-dir /home/xinjie/Newton_Connection/Newton/phystwin_bridge/results/robot_rope_franka/candidates/20260401_202952_remotefix_visradius_c11/validation/work --prefix robot_rope_tabletop_hero_validation --render-mode presentation --camera-profile validation --task tabletop_push_hero --sim-dt 5.0e-5 --substeps 667 --slowdown 1.0 --render-fps 30 --screen-width 1280 --screen-height 720 --viewer-headless --no-make-gif --anchor-count-per-end 2 --tabletop-control-mode joint_trajectory --ik-target-blend 0.20 --auto-set-weight 3.0 --tabletop-initial-pose tabletop_curve --tabletop-hero-hide-pedestal --tabletop-preroll-settle-seconds 2.0 --tabletop-preroll-damping-scale 6.0 --tabletop-settle-seconds 0.8 --tabletop-approach-seconds 1.4 --tabletop-push-seconds 2.4 --tabletop-hold-seconds 0.4 --tabletop-retract-seconds 1.2 --tabletop-rope-height 0.156 --tabletop-table-top-z 0.200 --tabletop-table-hx 0.42 --tabletop-table-hy 0.24 --tabletop-table-hz 0.020 --tabletop-robot-base-offset -0.56 -0.22 0.10 --tabletop-push-start-offset -0.09 -0.01 0.0 --tabletop-push-contact-offset -0.04 -0.03 0.0 --tabletop-push-end-offset 0.03 -0.04 0.0 --tabletop-retract-offset -0.02 -0.02 0.0 --tabletop-approach-clearance-z 0.10 --tabletop-contact-clearance-z 0.010 --tabletop-push-clearance-z 0.008 --tabletop-retract-clearance-z 0.05 --tabletop-ee-offset-z 0.22 --particle-radius-vis-scale 1.0 --particle-radius-vis-min 0.026 --rope-line-width 0.024
Warp 1.12.0.dev20260218 initialized:
   Git commit: 3d888595a61128dd17de0dbb9eb8d80391e81424
   CUDA Toolkit 12.9, Driver 13.0
   Devices:
     "cpu"      : "x86_64"
     "cuda:0"   : "NVIDIA GeForce RTX 4090" (23 GiB, sm_89, mempool enabled)
   Kernel cache:
     /home/xinjie/.cache/warp/1.12.0.dev20260218
Module newton._src.geometry.inertia 2bd8c78 load on device 'cuda:0' took 0.72 ms  (cached)
Module newton._src.utils.mesh bced167 load on device 'cpu' took 0.64 ms  (cached)
Module validate_and_correct_inertia_kernel_0c7bfa66 0c7bfa6 load on device 'cuda:0' took 0.45 ms  (cached)
Module newton._src.sim.articulation 2109b59 load on device 'cuda:0' took 2.77 ms  (cached)
Module newton._src.sim.collide 452004c load on device 'cuda:0' took 0.53 ms  (cached)
Module newton._src.geometry.broad_phase_nxn dcff895 load on device 'cuda:0' took 0.76 ms  (cached)
Module create_narrow_phase_primitive_kernel__locals__narrow_phase_primitive_kernel_ac59d7a0 640833f load on device 'cuda:0' took 0.60 ms  (cached)
Module create_narrow_phase_kernel_gjk_mpr__locals__narrow_phase_kernel_gjk_mpr_46eb548d 1d6e16f load on device 'cuda:0' took 1.16 ms  (cached)
Module newton._src.geometry.narrow_phase 0593107 load on device 'cuda:0' took 0.95 ms  (cached)
Module newton._src.geometry.contact_reduction_global 3a7a18f load on device 'cuda:0' took 0.33 ms  (cached)
Module newton._src.geometry.narrow_phase 931370b load on device 'cuda:0' took 0.55 ms  (cached)
Module create_narrow_phase_process_mesh_plane_contacts_kernel__locals__narrow_phase_process_mesh_plane_contacts_reduce_kernel_930923b3 4c09d6b load on device 'cuda:0' took 0.26 ms  (cached)
Module mesh_triangle_contacts_to_reducer_kernel_8060ca9c d5135d2 load on device 'cuda:0' took 1.17 ms  (cached)
Module newton._src.geometry.contact_reduction_global d2f9fc3 load on device 'cuda:0' took 0.33 ms  (cached)
Module newton._src.geometry.sdf_contact e671631 load on device 'cuda:0' took 0.23 ms  (cached)
Module create_narrow_phase_process_mesh_mesh_contacts_kernel__locals__mesh_sdf_collision_global_reduce_kernel_f46f3252 f46f325 load on device 'cuda:0' took 0.78 ms  (cached)
Module create_export_reduced_contacts_kernel__locals__export_reduced_contacts_kernel_ef09b9a0 6e4cf74 load on device 'cuda:0' took 0.48 ms  (cached)
Module newton._src.geometry.kernels 55ed1b0 load on device 'cuda:0' took 1.26 ms  (cached)
Module newton._src.solvers.semi_implicit.kernels_particle 0e0d871 load on device 'cuda:0' took 0.63 ms  (cached)
Module newton._src.solvers.semi_implicit.kernels_body 483b8fe load on device 'cuda:0' took 1.20 ms  (cached)
Module newton._src.solvers.semi_implicit.kernels_contact d558900 load on device 'cuda:0' took 0.85 ms  (cached)
Module newton._src.solvers.solver 16aecb3 load on device 'cuda:0' took 0.40 ms  (cached)
Module bridge_deformable_common 87b0596 load on device 'cuda:0' took 0.25 ms  (cached)
  frame 25/187 phase=approach target_err=0.0000m min_clearance=0.0843m
  frame 50/187 phase=approach target_err=0.0000m min_clearance=0.0246m
  frame 75/187 phase=push target_err=0.0000m min_clearance=-0.0049m
  frame 100/187 phase=push target_err=0.0000m min_clearance=-0.0096m
  frame 125/187 phase=push target_err=0.0000m min_clearance=-0.0088m
  frame 150/187 phase=hold target_err=0.0000m min_clearance=-0.0066m
  frame 175/187 phase=retract target_err=0.0000m min_clearance=0.0527m
  frame 187/187 phase=retract target_err=0.0000m min_clearance=0.0844m
  Simulation done: 187 frames in 76.8s
Module newton._src.viewer.gl.opengl 7724bb3 load on device 'cuda:0' took 0.43 ms  (cached)
Module newton._src.viewer.kernels 773c4cf load on device 'cuda:0' took 1.25 ms  (cached)
Module newton._src.geometry.raycast 23dd4e1 load on device 'cuda:0' took 1.92 ms  (cached)
Module newton._src.viewer.viewer_gl 2219863 load on device 'cuda:0' took 0.49 ms  (cached)
Module newton._src.utils.render 145677d load on device 'cuda:0' took 0.29 ms  (cached)
  rendered 30/186 frames
  rendered 60/186 frames
  rendered 90/186 frames
  rendered 120/186 frames
  rendered 150/186 frames
  rendered 180/186 frames
  Summary: /home/xinjie/Newton_Connection/Newton/phystwin_bridge/results/robot_rope_franka/candidates/20260401_202952_remotefix_visradius_c11/presentation/work/robot_rope_tabletop_hero_summary.json
{
  "ir_path": "/home/xinjie/Newton_Connection/Newton/phystwin_bridge/ir/rope_double_hand/phystwin_ir_v2_bf_strict.npz",
  "output_mp4": "/home/xinjie/Newton_Connection/Newton/phystwin_bridge/results/robot_rope_franka/candidates/20260401_202952_remotefix_visradius_c11/presentation/work/robot_rope_tabletop_hero.mp4",
  "frames": 187,
  "sim_dt": 5e-05,
  "substeps": 667,
  "frame_dt": 0.033350000000000005,
  "video_slowdown": 1.0,
  "task_duration_s": 6.2,
  "wall_time_sec": 76.76170477399137,
  "rope_total_mass": 3.0,
  "anchor_count": 4,
  "anchor_constraint_mode": "free_tabletop_rope",
  "anchor_mass_mode": "preserve",
  "task": "tabletop_push_hero",
  "render_mode": "presentation",
  "camera_profile": "hero",
  "recommended_hero_camera": {
    "pos": [
      0.9308223724365234,
      -1.1416003704071045,
      0.9019702672958374
    ],
    "pitch": -24.0,
    "yaw": 132.0,
    "fov": 33.0,
    "target": [
      0.026126153767108917,
      -0.13683344423770905,
      0.30000001192092896
    ]
  },
  "recommended_validation_camera": {
    "pos": [
      1.4288767576217651,
      -0.7858306169509888,
      0.9464282989501953
    ],
    "pitch": -23.0,
    "yaw": 156.0,
    "fov": 38.0,
    "target": [
      0.016126153990626335,
      -0.1568334400653839,
      0.2900000214576721
    ]
  },
  "particle_contacts": false,
  "particle_contact_kernel": false,
  "robot_motion_mode": "ik",
  "replay_source": null,
  "history_storage_mode": "memmap",
  "history_storage_files": {
    "particle_q_all": "/home/xinjie/Newton_Connection/Newton/phystwin_bridge/results/robot_rope_franka/candidates/20260401_202952_remotefix_visradius_c11/presentation/work/robot_rope_tabletop_hero_particle_q_all.npy",
    "particle_q_object": "/home/xinjie/Newton_Connection/Newton/phystwin_bridge/results/robot_rope_franka/candidates/20260401_202952_remotefix_visradius_c11/presentation/work/robot_rope_tabletop_hero_particle_q_object.npy",
    "body_q": "/home/xinjie/Newton_Connection/Newton/phystwin_bridge/results/robot_rope_franka/candidates/20260401_202952_remotefix_visradius_c11/presentation/work/robot_rope_tabletop_hero_body_q.npy",
    "body_vel": "/home/xinjie/Newton_Connection/Newton/phystwin_bridge/results/robot_rope_franka/candidates/20260401_202952_remotefix_visradius_c11/presentation/work/robot_rope_tabletop_hero_body_vel.npy",
    "ee_target_pos": "/home/xinjie/Newton_Connection/Newton/phystwin_bridge/results/robot_rope_franka/candidates/20260401_202952_remotefix_visradius_c11/presentation/work/robot_rope_tabletop_hero_ee_target_pos.npy"
  },
  "apply_drag": true,
  "drag_ignore_gravity_axis": true,
  "gravity_mag_m_s2": 9.8,
  "pre_release_settle_damping_scale": 8.0,
  "robot_geometry": "native_franka",
  "ee_body_index": 6,
  "ik_target_blend": 0.2,
  "gripper_center_tracking_error_mean_m": 2.638633532114909e-06,
  "gripper_center_tracking_error_max_m": 5.0786734391294885e-06,
  "gripper_center_tracking_error_pre_contact_mean_m": null,
  "gripper_center_tracking_error_during_contact_mean_m": 2.0277836938475957e-06,
  "gripper_center_tracking_error_release_mean_m": null,
  "gripper_center_speed_max_m_s": 0.10055076330900192,
  "gripper_center_speed_pre_contact_mean_m_s": null,
  "gripper_center_speed_during_contact_mean_m_s": 0.04062006250023842,
  "gripper_center_speed_release_mean_m_s": null,
  "gripper_center_path_length_m": 0.32899802923202515,
  "ground_z_m": 0.0,
  "table_top_z_m": 0.2,
  "rope_min_z_m": 0.22108244895935059,
  "rope_surface_clearance_min_m": 0.19508007168769836,
  "rope_surface_clearance_to_table_min_m": -0.0049199312925338745,
  "table_contact_active_frames": 187,
  "table_contact_duration_s": 6.2364500000000005,
  "table_contact_peak_frame": 125,
  "support_contact_active_frames": 88,
  "support_contact_duration_s": 2.9348000000000005,
  "support_first_contact_frame": 66,
  "support_last_contact_frame": 153,
  "support_contact_peak_frame": 90,
  "support_contact_proxy_mode": "min(gripper_center,left_finger,right_finger,finger_span)",
  "support_contact_proxy_counts": {
    "finger_span": 88
  },
  "support_patch_indices": [
    0,
    3,
    1645,
    1752
  ],
  "support_patch_center_m": [
    -0.00045183487236499786,
    0.0005746865645051003,
    0.24505753815174103
  ],
  "visible_support_center_m": [
    -0.00045183487236499786,
    0.0005746865645051003,
    0.24505753815174103
  ],
  "contact_proxy_mode": "min(gripper_center,left_finger,right_finger,finger_span)",
  "contact_proxy_radius_m": 0.033,
  "contact_proxy_radii_m": {
    "gripper_center": 0.033,
    "left_finger": 0.033,
    "right_finger": 0.033,
    "finger_span": 0.033
  },
  "rope_com_displacement_m": 0.035861968994140625,
  "rope_com_z_min_m": 0.23496881127357483,
  "rope_mid_segment_peak_z_delta_m": 0.013323619961738586,
  "rope_mid_segment_final_z_delta_m": 0.005155459046363831,
  "rope_mid_segment_peak_frame": 0,
  "contact_started": true,
  "first_contact_frame": 66,
  "first_contact_time_s": 2.2011000000000003,
  "first_ground_contact_frame": 66,
  "first_ground_contact_time_s": 2.2011000000000003,
  "last_contact_frame": 153,
  "last_contact_time_s": 5.102550000000001,
  "first_contact_phase": "push",
  "contact_peak_frame": 90,
  "release_frame": null,
  "release_time_s": null,
  "t_release_s": null,
  "impact_speed_before_first_contact_m_s": 9.383040032107969e-06,
  "early_fall_acceleration_estimate_m_s2": null,
  "early_fall_com_horizontal_velocity_m_s": null,
  "post_release_horizontal_kick_window_s": 0.08,
  "post_release_horizontal_kick_m_s": null,
  "contact_duration_s": 2.9348000000000005,
  "contact_active_frames": 88,
  "contact_phase_count": 88,
  "task_phase_sequence": [
    "settle",
    "approach",
    "push",
    "hold",
    "retract"
  ],
  "rope_com_horizontal_speed_mean_pre_release_m_s": null,
  "rope_particle_speed_mean_pre_release_m_s": null,
  "support_patch_speed_mean_pre_release_m_s": null,
  "pre_release_spring_energy_proxy": null,
  "post_release_spring_energy_proxy": null,
  "settle_window_seconds": 0.08,
  "settle_gate_pass": null,
  "settle_gate_frame": null,
  "settle_gate_metrics": {},
  "preroll_settle_pass": true,
  "preroll_settle_time_s": 0.8337500000000001,
  "preroll_settle_metrics": {
    "window_start_frame": 20,
    "window_end_frame": 25,
    "window_duration_s": 0.20010000000000003,
    "particle_speed_mean_max_m_s": 0.04748508334159851,
    "com_horizontal_speed_max_m_s": 0.010350942611694336,
    "support_patch_speed_mean_max_m_s": 0.016931509599089622,
    "particle_speed_mean_threshold_m_s": 0.08,
    "com_horizontal_speed_threshold_m_s": 0.05,
    "support_patch_speed_threshold_m_s": 0.02
  },
  "preroll_frame_count": 26,
  "min_clearance_min_m": -0.011586973443627357,
  "min_clearance_final_m": 0.08444160968065262,
  "gripper_center_clearance_min_m": -0.011586900800466537,
  "left_finger_clearance_min_m": -0.009085416793823242,
  "right_finger_clearance_min_m": -0.004364069551229477,
  "finger_span_clearance_min_m": -0.011586973443627357,
  "contact_proxy_counts": {
    "finger_span": 88
  },
  "contact_peak_proxy": "finger_span",
  "drag_phase_gating": "always_on_quasi_static",
  "physics_validation_path": "/home/xinjie/Newton_Connection/Newton/phystwin_bridge/results/robot_rope_franka/candidates/20260401_202952_remotefix_visradius_c11/presentation/physics_validation.json"
}
Warp 1.12.0.dev20260218 initialized:
   Git commit: 3d888595a61128dd17de0dbb9eb8d80391e81424
   CUDA Toolkit 12.9, Driver 13.0
   Devices:
     "cpu"      : "x86_64"
     "cuda:0"   : "NVIDIA GeForce RTX 4090" (23 GiB, sm_89, mempool enabled)
   Kernel cache:
     /home/xinjie/.cache/warp/1.12.0.dev20260218
Module newton._src.geometry.inertia 2bd8c78 load on device 'cuda:0' took 0.71 ms  (cached)
Module newton._src.utils.mesh bced167 load on device 'cpu' took 0.64 ms  (cached)
Module validate_and_correct_inertia_kernel_0c7bfa66 0c7bfa6 load on device 'cuda:0' took 0.29 ms  (cached)
Module newton._src.sim.articulation 2109b59 load on device 'cuda:0' took 2.67 ms  (cached)
Module newton._src.sim.collide 452004c load on device 'cuda:0' took 0.51 ms  (cached)
Module newton._src.geometry.broad_phase_nxn dcff895 load on device 'cuda:0' took 0.35 ms  (cached)
Module create_narrow_phase_primitive_kernel__locals__narrow_phase_primitive_kernel_ac59d7a0 640833f load on device 'cuda:0' took 0.53 ms  (cached)
Module create_narrow_phase_kernel_gjk_mpr__locals__narrow_phase_kernel_gjk_mpr_46eb548d 1d6e16f load on device 'cuda:0' took 0.89 ms  (cached)
Module newton._src.geometry.narrow_phase 0593107 load on device 'cuda:0' took 4.95 ms  (cached)
Module newton._src.geometry.contact_reduction_global 3a7a18f load on device 'cuda:0' took 0.35 ms  (cached)
Module newton._src.geometry.narrow_phase 931370b load on device 'cuda:0' took 0.58 ms  (cached)
Module create_narrow_phase_process_mesh_plane_contacts_kernel__locals__narrow_phase_process_mesh_plane_contacts_reduce_kernel_930923b3 4c09d6b load on device 'cuda:0' took 0.45 ms  (cached)
Module mesh_triangle_contacts_to_reducer_kernel_8060ca9c d5135d2 load on device 'cuda:0' took 1.64 ms  (cached)
Module newton._src.geometry.contact_reduction_global d2f9fc3 load on device 'cuda:0' took 0.45 ms  (cached)
Module newton._src.geometry.sdf_contact e671631 load on device 'cuda:0' took 0.23 ms  (cached)
Module create_narrow_phase_process_mesh_mesh_contacts_kernel__locals__mesh_sdf_collision_global_reduce_kernel_f46f3252 f46f325 load on device 'cuda:0' took 0.75 ms  (cached)
Module create_export_reduced_contacts_kernel__locals__export_reduced_contacts_kernel_ef09b9a0 6e4cf74 load on device 'cuda:0' took 0.60 ms  (cached)
Module newton._src.geometry.kernels 55ed1b0 load on device 'cuda:0' took 1.28 ms  (cached)
Module newton._src.solvers.semi_implicit.kernels_particle 0e0d871 load on device 'cuda:0' took 0.62 ms  (cached)
Module newton._src.solvers.semi_implicit.kernels_body 483b8fe load on device 'cuda:0' took 1.22 ms  (cached)
Module newton._src.solvers.semi_implicit.kernels_contact d558900 load on device 'cuda:0' took 0.86 ms  (cached)
Module newton._src.solvers.solver 16aecb3 load on device 'cuda:0' took 0.52 ms  (cached)
Module bridge_deformable_common 87b0596 load on device 'cuda:0' took 0.21 ms  (cached)
  frame 25/187 phase=approach target_err=0.0000m min_clearance=0.0791m
  frame 50/187 phase=approach target_err=0.0000m min_clearance=0.0197m
  frame 75/187 phase=push target_err=0.0000m min_clearance=-0.0124m
  frame 100/187 phase=push target_err=0.0000m min_clearance=-0.0134m
  frame 125/187 phase=push target_err=0.0000m min_clearance=-0.0042m
  frame 150/187 phase=hold target_err=0.0000m min_clearance=-0.0032m
  frame 175/187 phase=retract target_err=0.0000m min_clearance=0.0432m
  frame 187/187 phase=retract target_err=0.0000m min_clearance=0.0783m
  Simulation done: 187 frames in 77.6s
Module newton._src.viewer.gl.opengl 7724bb3 load on device 'cuda:0' took 0.35 ms  (cached)
Module newton._src.viewer.kernels 773c4cf load on device 'cuda:0' took 0.97 ms  (cached)
Module newton._src.geometry.raycast 23dd4e1 load on device 'cuda:0' took 1.81 ms  (cached)
Module newton._src.viewer.viewer_gl 2219863 load on device 'cuda:0' took 0.72 ms  (cached)
Module newton._src.utils.render 145677d load on device 'cuda:0' took 0.56 ms  (cached)
  rendered 30/186 frames
  rendered 60/186 frames
  rendered 90/186 frames
  rendered 120/186 frames
  rendered 150/186 frames
  rendered 180/186 frames
  Summary: /home/xinjie/Newton_Connection/Newton/phystwin_bridge/results/robot_rope_franka/candidates/20260401_202952_remotefix_visradius_c11/debug/work/robot_rope_tabletop_hero_debug_summary.json
{
  "ir_path": "/home/xinjie/Newton_Connection/Newton/phystwin_bridge/ir/rope_double_hand/phystwin_ir_v2_bf_strict.npz",
  "output_mp4": "/home/xinjie/Newton_Connection/Newton/phystwin_bridge/results/robot_rope_franka/candidates/20260401_202952_remotefix_visradius_c11/debug/work/robot_rope_tabletop_hero_debug.mp4",
  "frames": 187,
  "sim_dt": 5e-05,
  "substeps": 667,
  "frame_dt": 0.033350000000000005,
  "video_slowdown": 1.0,
  "task_duration_s": 6.2,
  "wall_time_sec": 77.57878864600207,
  "rope_total_mass": 3.0,
  "anchor_count": 4,
  "anchor_constraint_mode": "free_tabletop_rope",
  "anchor_mass_mode": "preserve",
  "task": "tabletop_push_hero",
  "render_mode": "debug",
  "camera_profile": "hero",
  "recommended_hero_camera": {
    "pos": [
      0.9308223724365234,
      -1.1416003704071045,
      0.9019702672958374
    ],
    "pitch": -24.0,
    "yaw": 132.0,
    "fov": 33.0,
    "target": [
      0.026126153767108917,
      -0.13683344423770905,
      0.30000001192092896
    ]
  },
  "recommended_validation_camera": {
    "pos": [
      1.4288767576217651,
      -0.7858306169509888,
      0.9464282989501953
    ],
    "pitch": -23.0,
    "yaw": 156.0,
    "fov": 38.0,
    "target": [
      0.016126153990626335,
      -0.1568334400653839,
      0.2900000214576721
    ]
  },
  "particle_contacts": false,
  "particle_contact_kernel": false,
  "robot_motion_mode": "ik",
  "replay_source": null,
  "history_storage_mode": "memmap",
  "history_storage_files": {
    "particle_q_all": "/home/xinjie/Newton_Connection/Newton/phystwin_bridge/results/robot_rope_franka/candidates/20260401_202952_remotefix_visradius_c11/debug/work/robot_rope_tabletop_hero_debug_particle_q_all.npy",
    "particle_q_object": "/home/xinjie/Newton_Connection/Newton/phystwin_bridge/results/robot_rope_franka/candidates/20260401_202952_remotefix_visradius_c11/debug/work/robot_rope_tabletop_hero_debug_particle_q_object.npy",
    "body_q": "/home/xinjie/Newton_Connection/Newton/phystwin_bridge/results/robot_rope_franka/candidates/20260401_202952_remotefix_visradius_c11/debug/work/robot_rope_tabletop_hero_debug_body_q.npy",
    "body_vel": "/home/xinjie/Newton_Connection/Newton/phystwin_bridge/results/robot_rope_franka/candidates/20260401_202952_remotefix_visradius_c11/debug/work/robot_rope_tabletop_hero_debug_body_vel.npy",
    "ee_target_pos": "/home/xinjie/Newton_Connection/Newton/phystwin_bridge/results/robot_rope_franka/candidates/20260401_202952_remotefix_visradius_c11/debug/work/robot_rope_tabletop_hero_debug_ee_target_pos.npy"
  },
  "apply_drag": true,
  "drag_ignore_gravity_axis": true,
  "gravity_mag_m_s2": 9.8,
  "pre_release_settle_damping_scale": 8.0,
  "robot_geometry": "native_franka",
  "ee_body_index": 6,
  "ik_target_blend": 0.2,
  "gripper_center_tracking_error_mean_m": 2.638633532114909e-06,
  "gripper_center_tracking_error_max_m": 5.0786734391294885e-06,
  "gripper_center_tracking_error_pre_contact_mean_m": null,
  "gripper_center_tracking_error_during_contact_mean_m": 2.180434876208892e-06,
  "gripper_center_tracking_error_release_mean_m": null,
  "gripper_center_speed_max_m_s": 0.10055076330900192,
  "gripper_center_speed_pre_contact_mean_m_s": null,
  "gripper_center_speed_during_contact_mean_m_s": 0.043627556413412094,
  "gripper_center_speed_release_mean_m_s": null,
  "gripper_center_path_length_m": 0.32899802923202515,
  "ground_z_m": 0.0,
  "table_top_z_m": 0.2,
  "rope_min_z_m": 0.22056682407855988,
  "rope_surface_clearance_min_m": 0.19456444680690765,
  "rope_surface_clearance_to_table_min_m": -0.005435556173324585,
  "table_contact_active_frames": 187,
  "table_contact_duration_s": 6.2364500000000005,
  "table_contact_peak_frame": 129,
  "support_contact_active_frames": 95,
  "support_contact_duration_s": 3.1682500000000005,
  "support_first_contact_frame": 60,
  "support_last_contact_frame": 154,
  "support_contact_peak_frame": 95,
  "support_contact_proxy_mode": "min(gripper_center,left_finger,right_finger,finger_span)",
  "support_contact_proxy_counts": {
    "finger_span": 95
  },
  "support_patch_indices": [
    0,
    3,
    1645,
    1752
  ],
  "support_patch_center_m": [
    -0.00045183487236499786,
    0.0005746865645051003,
    0.24505753815174103
  ],
  "visible_support_center_m": [
    -0.00045183487236499786,
    0.0005746865645051003,
    0.24505753815174103
  ],
  "contact_proxy_mode": "min(gripper_center,left_finger,right_finger,finger_span)",
  "contact_proxy_radius_m": 0.033,
  "contact_proxy_radii_m": {
    "gripper_center": 0.033,
    "left_finger": 0.033,
    "right_finger": 0.033,
    "finger_span": 0.033
  },
  "rope_com_displacement_m": 0.028330788016319275,
  "rope_com_z_min_m": 0.2352014183998108,
  "rope_mid_segment_peak_z_delta_m": 0.002394378185272217,
  "rope_mid_segment_final_z_delta_m": 0.0006027519702911377,
  "rope_mid_segment_peak_frame": 0,
  "contact_started": true,
  "first_contact_frame": 60,
  "first_contact_time_s": 2.0010000000000003,
  "first_ground_contact_frame": 60,
  "first_ground_contact_time_s": 2.0010000000000003,
  "last_contact_frame": 154,
  "last_contact_time_s": 5.1359,
  "first_contact_phase": "approach",
  "contact_peak_frame": 95,
  "release_frame": null,
  "release_time_s": null,
  "t_release_s": null,
  "impact_speed_before_first_contact_m_s": 0.0,
  "early_fall_acceleration_estimate_m_s2": null,
  "early_fall_com_horizontal_velocity_m_s": null,
  "post_release_horizontal_kick_window_s": 0.08,
  "post_release_horizontal_kick_m_s": null,
  "contact_duration_s": 3.1682500000000005,
  "contact_active_frames": 95,
  "contact_phase_count": 95,
  "task_phase_sequence": [
    "settle",
    "approach",
    "push",
    "hold",
    "retract"
  ],
  "rope_com_horizontal_speed_mean_pre_release_m_s": null,
  "rope_particle_speed_mean_pre_release_m_s": null,
  "support_patch_speed_mean_pre_release_m_s": null,
  "pre_release_spring_energy_proxy": null,
  "post_release_spring_energy_proxy": null,
  "settle_window_seconds": 0.08,
  "settle_gate_pass": null,
  "settle_gate_frame": null,
  "settle_gate_metrics": {},
  "preroll_settle_pass": true,
  "preroll_settle_time_s": 0.667,
  "preroll_settle_metrics": {
    "window_start_frame": 15,
    "window_end_frame": 20,
    "window_duration_s": 0.20010000000000003,
    "particle_speed_mean_max_m_s": 0.02268088236451149,
    "com_horizontal_speed_max_m_s": 0.004184863530099392,
    "support_patch_speed_mean_max_m_s": 0.017037564888596535,
    "particle_speed_mean_threshold_m_s": 0.08,
    "com_horizontal_speed_threshold_m_s": 0.05,
    "support_patch_speed_threshold_m_s": 0.02
  },
  "preroll_frame_count": 21,
  "min_clearance_min_m": -0.01447463221848011,
  "min_clearance_final_m": 0.07832621783018112,
  "gripper_center_clearance_min_m": -0.012348361313343048,
  "left_finger_clearance_min_m": -0.012345250695943832,
  "right_finger_clearance_min_m": -0.005420863628387451,
  "finger_span_clearance_min_m": -0.01447463221848011,
  "contact_proxy_counts": {
    "finger_span": 95
  },
  "contact_peak_proxy": "finger_span",
  "drag_phase_gating": "always_on_quasi_static",
  "physics_validation_path": "/home/xinjie/Newton_Connection/Newton/phystwin_bridge/results/robot_rope_franka/candidates/20260401_202952_remotefix_visradius_c11/debug/physics_validation.json"
}
Warp 1.12.0.dev20260218 initialized:
   Git commit: 3d888595a61128dd17de0dbb9eb8d80391e81424
   CUDA Toolkit 12.9, Driver 13.0
   Devices:
     "cpu"      : "x86_64"
     "cuda:0"   : "NVIDIA GeForce RTX 4090" (23 GiB, sm_89, mempool enabled)
   Kernel cache:
     /home/xinjie/.cache/warp/1.12.0.dev20260218
Module newton._src.geometry.inertia 2bd8c78 load on device 'cuda:0' took 0.73 ms  (cached)
Module newton._src.utils.mesh bced167 load on device 'cpu' took 0.65 ms  (cached)
Module validate_and_correct_inertia_kernel_0c7bfa66 0c7bfa6 load on device 'cuda:0' took 0.29 ms  (cached)
Module newton._src.sim.articulation 2109b59 load on device 'cuda:0' took 2.59 ms  (cached)
Module newton._src.sim.collide 452004c load on device 'cuda:0' took 0.52 ms  (cached)
Module newton._src.geometry.broad_phase_nxn dcff895 load on device 'cuda:0' took 0.31 ms  (cached)
Module create_narrow_phase_primitive_kernel__locals__narrow_phase_primitive_kernel_ac59d7a0 640833f load on device 'cuda:0' took 0.52 ms  (cached)
Module create_narrow_phase_kernel_gjk_mpr__locals__narrow_phase_kernel_gjk_mpr_46eb548d 1d6e16f load on device 'cuda:0' took 0.89 ms  (cached)
Module newton._src.geometry.narrow_phase 0593107 load on device 'cuda:0' took 4.91 ms  (cached)
Module newton._src.geometry.contact_reduction_global 3a7a18f load on device 'cuda:0' took 0.32 ms  (cached)
Module newton._src.geometry.narrow_phase 931370b load on device 'cuda:0' took 0.57 ms  (cached)
Module create_narrow_phase_process_mesh_plane_contacts_kernel__locals__narrow_phase_process_mesh_plane_contacts_reduce_kernel_930923b3 4c09d6b load on device 'cuda:0' took 0.26 ms  (cached)
Module mesh_triangle_contacts_to_reducer_kernel_8060ca9c d5135d2 load on device 'cuda:0' took 1.11 ms  (cached)
Module newton._src.geometry.contact_reduction_global d2f9fc3 load on device 'cuda:0' took 0.30 ms  (cached)
Module newton._src.geometry.sdf_contact e671631 load on device 'cuda:0' took 0.19 ms  (cached)
Module create_narrow_phase_process_mesh_mesh_contacts_kernel__locals__mesh_sdf_collision_global_reduce_kernel_f46f3252 f46f325 load on device 'cuda:0' took 1.10 ms  (cached)
Module create_export_reduced_contacts_kernel__locals__export_reduced_contacts_kernel_ef09b9a0 6e4cf74 load on device 'cuda:0' took 0.27 ms  (cached)
Module newton._src.geometry.kernels 55ed1b0 load on device 'cuda:0' took 1.23 ms  (cached)
Module newton._src.solvers.semi_implicit.kernels_particle 0e0d871 load on device 'cuda:0' took 0.58 ms  (cached)
Module newton._src.solvers.semi_implicit.kernels_body 483b8fe load on device 'cuda:0' took 1.23 ms  (cached)
Module newton._src.solvers.semi_implicit.kernels_contact d558900 load on device 'cuda:0' took 0.94 ms  (cached)
Module newton._src.solvers.solver 16aecb3 load on device 'cuda:0' took 0.43 ms  (cached)
Module bridge_deformable_common 87b0596 load on device 'cuda:0' took 0.21 ms  (cached)
  frame 25/187 phase=approach target_err=0.0000m min_clearance=0.0751m
  frame 50/187 phase=approach target_err=0.0000m min_clearance=0.0214m
  frame 75/187 phase=push target_err=0.0000m min_clearance=0.0004m
  frame 100/187 phase=push target_err=0.0000m min_clearance=-0.0075m
  frame 125/187 phase=push target_err=0.0000m min_clearance=-0.0093m
  frame 150/187 phase=hold target_err=0.0000m min_clearance=-0.0065m
  frame 175/187 phase=retract target_err=0.0000m min_clearance=0.0537m
  frame 187/187 phase=retract target_err=0.0000m min_clearance=0.0832m
  Simulation done: 187 frames in 78.6s
Module newton._src.viewer.gl.opengl 7724bb3 load on device 'cuda:0' took 0.45 ms  (cached)
Module newton._src.viewer.kernels 773c4cf load on device 'cuda:0' took 1.39 ms  (cached)
Module newton._src.geometry.raycast 23dd4e1 load on device 'cuda:0' took 1.90 ms  (cached)
Module newton._src.viewer.viewer_gl 2219863 load on device 'cuda:0' took 0.95 ms  (cached)
Module newton._src.utils.render 145677d load on device 'cuda:0' took 0.28 ms  (cached)
  rendered 30/186 frames
  rendered 60/186 frames
  rendered 90/186 frames
  rendered 120/186 frames
  rendered 150/186 frames
  rendered 180/186 frames
  Summary: /home/xinjie/Newton_Connection/Newton/phystwin_bridge/results/robot_rope_franka/candidates/20260401_202952_remotefix_visradius_c11/validation/work/robot_rope_tabletop_hero_validation_summary.json
{
  "ir_path": "/home/xinjie/Newton_Connection/Newton/phystwin_bridge/ir/rope_double_hand/phystwin_ir_v2_bf_strict.npz",
  "output_mp4": "/home/xinjie/Newton_Connection/Newton/phystwin_bridge/results/robot_rope_franka/candidates/20260401_202952_remotefix_visradius_c11/validation/work/robot_rope_tabletop_hero_validation.mp4",
  "frames": 187,
  "sim_dt": 5e-05,
  "substeps": 667,
  "frame_dt": 0.033350000000000005,
  "video_slowdown": 1.0,
  "task_duration_s": 6.2,
  "wall_time_sec": 78.57378999199136,
  "rope_total_mass": 3.0,
  "anchor_count": 4,
  "anchor_constraint_mode": "free_tabletop_rope",
  "anchor_mass_mode": "preserve",
  "task": "tabletop_push_hero",
  "render_mode": "presentation",
  "camera_profile": "validation",
  "recommended_hero_camera": {
    "pos": [
      1.1366671323776245,
      -0.8425257205963135,
      0.8219413757324219
    ],
    "pitch": -22.0,
    "yaw": 148.0,
    "fov": 36.0,
    "target": [
      0.020126154646277428,
      -0.14483344554901123,
      0.2900000214576721
    ]
  },
  "recommended_validation_camera": {
    "pos": [
      1.4288767576217651,
      -0.7858306169509888,
      0.9464282989501953
    ],
    "pitch": -23.0,
    "yaw": 156.0,
    "fov": 38.0,
    "target": [
      0.016126153990626335,
      -0.1568334400653839,
      0.2900000214576721
    ]
  },
  "particle_contacts": false,
  "particle_contact_kernel": false,
  "robot_motion_mode": "ik",
  "replay_source": null,
  "history_storage_mode": "memmap",
  "history_storage_files": {
    "particle_q_all": "/home/xinjie/Newton_Connection/Newton/phystwin_bridge/results/robot_rope_franka/candidates/20260401_202952_remotefix_visradius_c11/validation/work/robot_rope_tabletop_hero_validation_particle_q_all.npy",
    "particle_q_object": "/home/xinjie/Newton_Connection/Newton/phystwin_bridge/results/robot_rope_franka/candidates/20260401_202952_remotefix_visradius_c11/validation/work/robot_rope_tabletop_hero_validation_particle_q_object.npy",
    "body_q": "/home/xinjie/Newton_Connection/Newton/phystwin_bridge/results/robot_rope_franka/candidates/20260401_202952_remotefix_visradius_c11/validation/work/robot_rope_tabletop_hero_validation_body_q.npy",
    "body_vel": "/home/xinjie/Newton_Connection/Newton/phystwin_bridge/results/robot_rope_franka/candidates/20260401_202952_remotefix_visradius_c11/validation/work/robot_rope_tabletop_hero_validation_body_vel.npy",
    "ee_target_pos": "/home/xinjie/Newton_Connection/Newton/phystwin_bridge/results/robot_rope_franka/candidates/20260401_202952_remotefix_visradius_c11/validation/work/robot_rope_tabletop_hero_validation_ee_target_pos.npy"
  },
  "apply_drag": true,
  "drag_ignore_gravity_axis": true,
  "gravity_mag_m_s2": 9.8,
  "pre_release_settle_damping_scale": 8.0,
  "robot_geometry": "native_franka",
  "ee_body_index": 6,
  "ik_target_blend": 0.2,
  "gripper_center_tracking_error_mean_m": 2.638633532114909e-06,
  "gripper_center_tracking_error_max_m": 5.0786734391294885e-06,
  "gripper_center_tracking_error_pre_contact_mean_m": null,
  "gripper_center_tracking_error_during_contact_mean_m": 2.021675754804164e-06,
  "gripper_center_tracking_error_release_mean_m": null,
  "gripper_center_speed_max_m_s": 0.10055076330900192,
  "gripper_center_speed_pre_contact_mean_m_s": null,
  "gripper_center_speed_during_contact_mean_m_s": 0.04065769165754318,
  "gripper_center_speed_release_mean_m_s": null,
  "gripper_center_path_length_m": 0.32899802923202515,
  "ground_z_m": 0.0,
  "table_top_z_m": 0.2,
  "rope_min_z_m": 0.2224031239748001,
  "rope_surface_clearance_min_m": 0.1964007467031479,
  "rope_surface_clearance_to_table_min_m": -0.0035992562770843506,
  "table_contact_active_frames": 187,
  "table_contact_duration_s": 6.2364500000000005,
  "table_contact_peak_frame": 126,
  "support_contact_active_frames": 77,
  "support_contact_duration_s": 2.56795,
  "support_first_contact_frame": 76,
  "support_last_contact_frame": 152,
  "support_contact_peak_frame": 114,
  "support_contact_proxy_mode": "min(gripper_center,left_finger,right_finger,finger_span)",
  "support_contact_proxy_counts": {
    "finger_span": 76,
    "gripper_center": 1
  },
  "support_patch_indices": [
    0,
    3,
    1645,
    1752
  ],
  "support_patch_center_m": [
    -0.00045183487236499786,
    0.0005746865645051003,
    0.24505753815174103
  ],
  "visible_support_center_m": [
    -0.00045183487236499786,
    0.0005746865645051003,
    0.24505753815174103
  ],
  "contact_proxy_mode": "min(gripper_center,left_finger,right_finger,finger_span)",
  "contact_proxy_radius_m": 0.033,
  "contact_proxy_radii_m": {
    "gripper_center": 0.033,
    "left_finger": 0.033,
    "right_finger": 0.033,
    "finger_span": 0.033
  },
  "rope_com_displacement_m": 0.03373553976416588,
  "rope_com_z_min_m": 0.23669089376926422,
  "rope_mid_segment_peak_z_delta_m": 0.007767543196678162,
  "rope_mid_segment_final_z_delta_m": -0.00039845705032348633,
  "rope_mid_segment_peak_frame": 0,
  "contact_started": true,
  "first_contact_frame": 76,
  "first_contact_time_s": 2.5346,
  "first_ground_contact_frame": 76,
  "first_ground_contact_time_s": 2.5346,
  "last_contact_frame": 152,
  "last_contact_time_s": 5.0692,
  "first_contact_phase": "push",
  "contact_peak_frame": 114,
  "release_frame": null,
  "release_time_s": null,
  "t_release_s": null,
  "impact_speed_before_first_contact_m_s": 1.608521148361366e-05,
  "early_fall_acceleration_estimate_m_s2": null,
  "early_fall_com_horizontal_velocity_m_s": null,
  "post_release_horizontal_kick_window_s": 0.08,
  "post_release_horizontal_kick_m_s": null,
  "contact_duration_s": 2.56795,
  "contact_active_frames": 77,
  "contact_phase_count": 77,
  "task_phase_sequence": [
    "settle",
    "approach",
    "push",
    "hold",
    "retract"
  ],
  "rope_com_horizontal_speed_mean_pre_release_m_s": null,
  "rope_particle_speed_mean_pre_release_m_s": null,
  "support_patch_speed_mean_pre_release_m_s": null,
  "pre_release_spring_energy_proxy": null,
  "post_release_spring_energy_proxy": null,
  "settle_window_seconds": 0.08,
  "settle_gate_pass": null,
  "settle_gate_frame": null,
  "settle_gate_metrics": {},
  "preroll_settle_pass": true,
  "preroll_settle_time_s": 0.63365,
  "preroll_settle_metrics": {
    "window_start_frame": 14,
    "window_end_frame": 19,
    "window_duration_s": 0.20010000000000003,
    "particle_speed_mean_max_m_s": 0.03110446222126484,
    "com_horizontal_speed_max_m_s": 0.013270442374050617,
    "support_patch_speed_mean_max_m_s": 0.014402102679014206,
    "particle_speed_mean_threshold_m_s": 0.08,
    "com_horizontal_speed_threshold_m_s": 0.05,
    "support_patch_speed_threshold_m_s": 0.02
  },
  "preroll_frame_count": 20,
  "min_clearance_min_m": -0.010872384533286095,
  "min_clearance_final_m": 0.08323878794908524,
  "gripper_center_clearance_min_m": -0.010742329061031342,
  "left_finger_clearance_min_m": -0.0078016482293605804,
  "right_finger_clearance_min_m": 0.0012003332376480103,
  "finger_span_clearance_min_m": -0.010872384533286095,
  "contact_proxy_counts": {
    "finger_span": 76,
    "gripper_center": 1
  },
  "contact_peak_proxy": "finger_span",
  "drag_phase_gating": "always_on_quasi_static",
  "physics_validation_path": "/home/xinjie/Newton_Connection/Newton/phystwin_bridge/results/robot_rope_franka/candidates/20260401_202952_remotefix_visradius_c11/validation/physics_validation.json"
}
