[run_robot_rope_franka_tabletop_hero] run_dir=/home/xinjie/Newton_Connection/Newton/phystwin_bridge/results/robot_rope_franka/candidates/20260402_140811_physradius0p1_c15
[run_robot_rope_franka_tabletop_hero] presentation=python /home/xinjie/Newton_Connection/Newton/phystwin_bridge/demos/demo_robot_rope_franka.py --out-dir /home/xinjie/Newton_Connection/Newton/phystwin_bridge/results/robot_rope_franka/candidates/20260402_140811_physradius0p1_c15/presentation/work --prefix robot_rope_tabletop_hero --render-mode presentation --camera-profile hero --task tabletop_push_hero --sim-dt 5.0e-5 --substeps 667 --slowdown 1.0 --render-fps 30 --screen-width 1280 --screen-height 720 --viewer-headless --no-make-gif --anchor-count-per-end 2 --tabletop-control-mode joint_trajectory --ik-target-blend 0.20 --auto-set-weight 3.0 --tabletop-initial-pose tabletop_curve --tabletop-hero-hide-pedestal --tabletop-preroll-settle-seconds 2.0 --tabletop-preroll-damping-scale 6.0 --tabletop-settle-seconds 0.8 --tabletop-approach-seconds 1.4 --tabletop-push-seconds 2.4 --tabletop-hold-seconds 0.4 --tabletop-retract-seconds 1.2 --tabletop-rope-height 0.156 --tabletop-table-top-z 0.200 --tabletop-table-hx 0.42 --tabletop-table-hy 0.24 --tabletop-table-hz 0.020 --tabletop-robot-base-offset -0.56 -0.22 0.10 --tabletop-push-start-offset -0.09 -0.01 0.0 --tabletop-push-contact-offset -0.04 -0.03 0.0 --tabletop-push-end-offset 0.03 -0.04 0.0 --tabletop-retract-offset -0.02 -0.02 0.0 --tabletop-approach-clearance-z 0.10 --tabletop-contact-clearance-z 0.010 --tabletop-push-clearance-z 0.008 --tabletop-retract-clearance-z 0.05 --tabletop-ee-offset-z 0.22 --rope-line-width 0.024
[run_robot_rope_franka_tabletop_hero] debug=python /home/xinjie/Newton_Connection/Newton/phystwin_bridge/demos/demo_robot_rope_franka.py --out-dir /home/xinjie/Newton_Connection/Newton/phystwin_bridge/results/robot_rope_franka/candidates/20260402_140811_physradius0p1_c15/debug/work --prefix robot_rope_tabletop_hero_debug --render-mode debug --camera-profile hero --overlay-label --task tabletop_push_hero --sim-dt 5.0e-5 --substeps 667 --slowdown 1.0 --render-fps 30 --screen-width 1280 --screen-height 720 --viewer-headless --no-make-gif --anchor-count-per-end 2 --tabletop-control-mode joint_trajectory --ik-target-blend 0.20 --auto-set-weight 3.0 --tabletop-initial-pose tabletop_curve --tabletop-hero-hide-pedestal --tabletop-preroll-settle-seconds 2.0 --tabletop-preroll-damping-scale 6.0 --tabletop-settle-seconds 0.8 --tabletop-approach-seconds 1.4 --tabletop-push-seconds 2.4 --tabletop-hold-seconds 0.4 --tabletop-retract-seconds 1.2 --tabletop-rope-height 0.156 --tabletop-table-top-z 0.200 --tabletop-table-hx 0.42 --tabletop-table-hy 0.24 --tabletop-table-hz 0.020 --tabletop-robot-base-offset -0.56 -0.22 0.10 --tabletop-push-start-offset -0.09 -0.01 0.0 --tabletop-push-contact-offset -0.04 -0.03 0.0 --tabletop-push-end-offset 0.03 -0.04 0.0 --tabletop-retract-offset -0.02 -0.02 0.0 --tabletop-approach-clearance-z 0.10 --tabletop-contact-clearance-z 0.010 --tabletop-push-clearance-z 0.008 --tabletop-retract-clearance-z 0.05 --tabletop-ee-offset-z 0.22 --rope-line-width 0.024
[run_robot_rope_franka_tabletop_hero] validation=python /home/xinjie/Newton_Connection/Newton/phystwin_bridge/demos/demo_robot_rope_franka.py --out-dir /home/xinjie/Newton_Connection/Newton/phystwin_bridge/results/robot_rope_franka/candidates/20260402_140811_physradius0p1_c15/validation/work --prefix robot_rope_tabletop_hero_validation --render-mode presentation --camera-profile validation --task tabletop_push_hero --sim-dt 5.0e-5 --substeps 667 --slowdown 1.0 --render-fps 30 --screen-width 1280 --screen-height 720 --viewer-headless --no-make-gif --anchor-count-per-end 2 --tabletop-control-mode joint_trajectory --ik-target-blend 0.20 --auto-set-weight 3.0 --tabletop-initial-pose tabletop_curve --tabletop-hero-hide-pedestal --tabletop-preroll-settle-seconds 2.0 --tabletop-preroll-damping-scale 6.0 --tabletop-settle-seconds 0.8 --tabletop-approach-seconds 1.4 --tabletop-push-seconds 2.4 --tabletop-hold-seconds 0.4 --tabletop-retract-seconds 1.2 --tabletop-rope-height 0.156 --tabletop-table-top-z 0.200 --tabletop-table-hx 0.42 --tabletop-table-hy 0.24 --tabletop-table-hz 0.020 --tabletop-robot-base-offset -0.56 -0.22 0.10 --tabletop-push-start-offset -0.09 -0.01 0.0 --tabletop-push-contact-offset -0.04 -0.03 0.0 --tabletop-push-end-offset 0.03 -0.04 0.0 --tabletop-retract-offset -0.02 -0.02 0.0 --tabletop-approach-clearance-z 0.10 --tabletop-contact-clearance-z 0.010 --tabletop-push-clearance-z 0.008 --tabletop-retract-clearance-z 0.05 --tabletop-ee-offset-z 0.22 --rope-line-width 0.024
Warp 1.12.0.dev20260218 initialized:
   Git commit: 3d888595a61128dd17de0dbb9eb8d80391e81424
   CUDA Toolkit 12.9, Driver 13.0
   Devices:
     "cpu"      : "x86_64"
     "cuda:0"   : "NVIDIA GeForce RTX 4090" (23 GiB, sm_89, mempool enabled)
   Kernel cache:
     /home/xinjie/.cache/warp/1.12.0.dev20260218
Module newton._src.geometry.inertia 2bd8c78 load on device 'cuda:0' took 0.91 ms  (cached)
Module newton._src.utils.mesh bced167 load on device 'cpu' took 0.59 ms  (cached)
Module validate_and_correct_inertia_kernel_0c7bfa66 0c7bfa6 load on device 'cuda:0' took 0.84 ms  (cached)
Module newton._src.sim.articulation 2109b59 load on device 'cuda:0' took 2.47 ms  (cached)
Module newton._src.sim.collide 452004c load on device 'cuda:0' took 0.49 ms  (cached)
Module newton._src.geometry.broad_phase_nxn dcff895 load on device 'cuda:0' took 0.91 ms  (cached)
Module create_narrow_phase_primitive_kernel__locals__narrow_phase_primitive_kernel_ac59d7a0 640833f load on device 'cuda:0' took 0.48 ms  (cached)
Module create_narrow_phase_kernel_gjk_mpr__locals__narrow_phase_kernel_gjk_mpr_46eb548d 1d6e16f load on device 'cuda:0' took 0.86 ms  (cached)
Module newton._src.geometry.narrow_phase 0593107 load on device 'cuda:0' took 5.55 ms  (cached)
Module newton._src.geometry.contact_reduction_global 3a7a18f load on device 'cuda:0' took 0.33 ms  (cached)
Module newton._src.geometry.narrow_phase 931370b load on device 'cuda:0' took 0.52 ms  (cached)
Module create_narrow_phase_process_mesh_plane_contacts_kernel__locals__narrow_phase_process_mesh_plane_contacts_reduce_kernel_930923b3 4c09d6b load on device 'cuda:0' took 0.57 ms  (cached)
Module mesh_triangle_contacts_to_reducer_kernel_8060ca9c d5135d2 load on device 'cuda:0' took 1.01 ms  (cached)
Module newton._src.geometry.contact_reduction_global d2f9fc3 load on device 'cuda:0' took 0.65 ms  (cached)
Module newton._src.geometry.sdf_contact e671631 load on device 'cuda:0' took 0.19 ms  (cached)
Module create_narrow_phase_process_mesh_mesh_contacts_kernel__locals__mesh_sdf_collision_global_reduce_kernel_f46f3252 f46f325 load on device 'cuda:0' took 0.69 ms  (cached)
Module create_export_reduced_contacts_kernel__locals__export_reduced_contacts_kernel_ef09b9a0 6e4cf74 load on device 'cuda:0' took 0.23 ms  (cached)
Module newton._src.geometry.kernels 55ed1b0 load on device 'cuda:0' took 1.21 ms  (cached)
Module newton._src.solvers.semi_implicit.kernels_particle 0e0d871 load on device 'cuda:0' took 0.70 ms  (cached)
Module newton._src.solvers.semi_implicit.kernels_body 483b8fe load on device 'cuda:0' took 1.14 ms  (cached)
Module newton._src.solvers.semi_implicit.kernels_contact d558900 load on device 'cuda:0' took 0.81 ms  (cached)
Module newton._src.solvers.solver 16aecb3 load on device 'cuda:0' took 0.39 ms  (cached)
Module bridge_deformable_common 87b0596 load on device 'cuda:0' took 0.20 ms  (cached)
  frame 25/187 phase=approach target_err=0.0000m min_clearance=0.1003m
  frame 50/187 phase=approach target_err=0.0000m min_clearance=0.0401m
  frame 75/187 phase=push target_err=0.0000m min_clearance=0.0089m
  frame 100/187 phase=push target_err=0.0000m min_clearance=0.0023m
  frame 125/187 phase=push target_err=0.0000m min_clearance=0.0103m
  frame 150/187 phase=hold target_err=0.0000m min_clearance=0.0164m
  frame 175/187 phase=retract target_err=0.0000m min_clearance=0.0729m
  frame 187/187 phase=retract target_err=0.0000m min_clearance=0.1013m
  Simulation done: 187 frames in 76.0s
Module newton._src.viewer.gl.opengl 7724bb3 load on device 'cuda:0' took 1.10 ms  (cached)
Module newton._src.viewer.kernels 773c4cf load on device 'cuda:0' took 1.21 ms  (cached)
Module newton._src.geometry.raycast 23dd4e1 load on device 'cuda:0' took 2.08 ms  (cached)
Module newton._src.viewer.viewer_gl 2219863 load on device 'cuda:0' took 0.43 ms  (cached)
Module newton._src.utils.render 145677d load on device 'cuda:0' took 0.68 ms  (cached)
  rendered 30/186 frames
  rendered 60/186 frames
  rendered 90/186 frames
  rendered 120/186 frames
  rendered 150/186 frames
  rendered 180/186 frames
  Summary: /home/xinjie/Newton_Connection/Newton/phystwin_bridge/results/robot_rope_franka/candidates/20260402_140811_physradius0p1_c15/presentation/work/robot_rope_tabletop_hero_summary.json
{
  "ir_path": "/home/xinjie/Newton_Connection/Newton/phystwin_bridge/ir/rope_double_hand/phystwin_ir_v2_bf_strict.npz",
  "output_mp4": "/home/xinjie/Newton_Connection/Newton/phystwin_bridge/results/robot_rope_franka/candidates/20260402_140811_physradius0p1_c15/presentation/work/robot_rope_tabletop_hero.mp4",
  "frames": 187,
  "sim_dt": 5e-05,
  "substeps": 667,
  "frame_dt": 0.033350000000000005,
  "video_slowdown": 1.0,
  "task_duration_s": 6.2,
  "wall_time_sec": 75.99975118499424,
  "rope_total_mass": 3.0,
  "anchor_count": 4,
  "anchor_constraint_mode": "free_tabletop_rope",
  "anchor_mass_mode": "preserve",
  "task": "tabletop_push_hero",
  "render_mode": "presentation",
  "camera_profile": "hero",
  "recommended_hero_camera": {
    "pos": [
      1.1366671323776245,
      -0.8425257205963135,
      0.8219413757324219
    ],
    "pitch": -22.0,
    "yaw": 148.0,
    "fov": 36.0,
    "target": [
      0.020126154646277428,
      -0.14483344554901123,
      0.2900000214576721
    ]
  },
  "recommended_validation_camera": {
    "pos": [
      1.4288767576217651,
      -0.7858306169509888,
      0.9464282989501953
    ],
    "pitch": -23.0,
    "yaw": 156.0,
    "fov": 38.0,
    "target": [
      0.016126153990626335,
      -0.1568334400653839,
      0.2900000214576721
    ]
  },
  "particle_contacts": false,
  "particle_contact_kernel": false,
  "robot_motion_mode": "ik",
  "replay_source": null,
  "history_storage_mode": "memmap",
  "history_storage_files": {
    "particle_q_all": "/home/xinjie/Newton_Connection/Newton/phystwin_bridge/results/robot_rope_franka/candidates/20260402_140811_physradius0p1_c15/presentation/work/robot_rope_tabletop_hero_particle_q_all.npy",
    "particle_q_object": "/home/xinjie/Newton_Connection/Newton/phystwin_bridge/results/robot_rope_franka/candidates/20260402_140811_physradius0p1_c15/presentation/work/robot_rope_tabletop_hero_particle_q_object.npy",
    "body_q": "/home/xinjie/Newton_Connection/Newton/phystwin_bridge/results/robot_rope_franka/candidates/20260402_140811_physradius0p1_c15/presentation/work/robot_rope_tabletop_hero_body_q.npy",
    "body_vel": "/home/xinjie/Newton_Connection/Newton/phystwin_bridge/results/robot_rope_franka/candidates/20260402_140811_physradius0p1_c15/presentation/work/robot_rope_tabletop_hero_body_vel.npy",
    "ee_target_pos": "/home/xinjie/Newton_Connection/Newton/phystwin_bridge/results/robot_rope_franka/candidates/20260402_140811_physradius0p1_c15/presentation/work/robot_rope_tabletop_hero_ee_target_pos.npy"
  },
  "apply_drag": true,
  "drag_ignore_gravity_axis": true,
  "gravity_mag_m_s2": 9.8,
  "pre_release_settle_damping_scale": 8.0,
  "robot_geometry": "native_franka",
  "ee_body_index": 6,
  "ik_target_blend": 0.2,
  "gripper_center_tracking_error_mean_m": 2.6395114218757953e-06,
  "gripper_center_tracking_error_max_m": 5.0786734391294885e-06,
  "gripper_center_tracking_error_pre_contact_mean_m": null,
  "gripper_center_tracking_error_during_contact_mean_m": 1.723617401694355e-06,
  "gripper_center_tracking_error_release_mean_m": null,
  "gripper_center_speed_max_m_s": 0.10055076330900192,
  "gripper_center_speed_pre_contact_mean_m_s": null,
  "gripper_center_speed_during_contact_mean_m_s": 0.0341898575425148,
  "gripper_center_speed_release_mean_m_s": null,
  "gripper_center_path_length_m": 0.32899802923202515,
  "ground_z_m": 0.0,
  "table_top_z_m": 0.2,
  "rope_min_z_m": 0.20058919489383698,
  "rope_surface_clearance_min_m": 0.19798895716667175,
  "rope_surface_clearance_to_table_min_m": -0.002011045813560486,
  "table_contact_active_frames": 187,
  "table_contact_duration_s": 6.2364500000000005,
  "table_contact_peak_frame": 142,
  "support_contact_active_frames": 13,
  "support_contact_duration_s": 0.43355000000000005,
  "support_first_contact_frame": 130,
  "support_last_contact_frame": 149,
  "support_contact_peak_frame": 138,
  "support_contact_proxy_mode": "actual_finger_boxes",
  "support_contact_proxy_counts": {
    "left_tip_box": 13
  },
  "support_patch_indices": [
    0,
    3,
    1645,
    1752
  ],
  "support_patch_center_m": [
    -0.00045183487236499786,
    0.0005746865645051003,
    0.22165539860725403
  ],
  "visible_support_center_m": [
    -0.00045183487236499786,
    0.0005746865645051003,
    0.22165539860725403
  ],
  "contact_proxy_mode": "min(gripper_center,left_finger,right_finger,finger_span)",
  "contact_proxy_radius_m": 0.033,
  "contact_proxy_radii_m": {
    "gripper_center": 0.033,
    "left_finger": 0.033,
    "right_finger": 0.033,
    "finger_span": 0.033
  },
  "rope_com_displacement_m": 0.001034387736581266,
  "rope_com_z_min_m": 0.21339020133018494,
  "rope_mid_segment_peak_z_delta_m": 0.0001271963119506836,
  "rope_mid_segment_final_z_delta_m": -0.0001932680606842041,
  "rope_mid_segment_peak_frame": 140,
  "contact_started": true,
  "first_contact_frame": 130,
  "first_contact_time_s": 4.335500000000001,
  "first_ground_contact_frame": 130,
  "first_ground_contact_time_s": 4.335500000000001,
  "last_contact_frame": 149,
  "last_contact_time_s": 4.969150000000001,
  "first_contact_phase": "push",
  "contact_peak_frame": 103,
  "release_frame": null,
  "release_time_s": null,
  "t_release_s": null,
  "impact_speed_before_first_contact_m_s": 0.0,
  "early_fall_acceleration_estimate_m_s2": null,
  "early_fall_com_horizontal_velocity_m_s": null,
  "post_release_horizontal_kick_window_s": 0.08,
  "post_release_horizontal_kick_m_s": null,
  "contact_duration_s": 0.43355000000000005,
  "contact_active_frames": 13,
  "contact_phase_count": 13,
  "task_phase_sequence": [
    "settle",
    "approach",
    "push",
    "hold",
    "retract"
  ],
  "rope_com_horizontal_speed_mean_pre_release_m_s": null,
  "rope_particle_speed_mean_pre_release_m_s": null,
  "support_patch_speed_mean_pre_release_m_s": null,
  "pre_release_spring_energy_proxy": null,
  "post_release_spring_energy_proxy": null,
  "settle_window_seconds": 0.08,
  "settle_gate_pass": null,
  "settle_gate_frame": null,
  "settle_gate_metrics": {},
  "preroll_settle_pass": true,
  "preroll_settle_time_s": 0.667,
  "preroll_settle_metrics": {
    "window_start_frame": 15,
    "window_end_frame": 20,
    "window_duration_s": 0.20010000000000003,
    "particle_speed_mean_max_m_s": 0.023364374414086342,
    "com_horizontal_speed_max_m_s": 0.0027950031217187643,
    "support_patch_speed_mean_max_m_s": 0.01968809962272644,
    "particle_speed_mean_threshold_m_s": 0.08,
    "com_horizontal_speed_threshold_m_s": 0.05,
    "support_patch_speed_threshold_m_s": 0.02
  },
  "preroll_frame_count": 21,
  "min_clearance_min_m": 0.002104296814650297,
  "min_clearance_final_m": 0.10125253349542618,
  "gripper_center_clearance_min_m": 0.007787421345710754,
  "left_finger_clearance_min_m": 0.006041273474693298,
  "right_finger_clearance_min_m": 0.024084866046905518,
  "finger_span_clearance_min_m": 0.002104296814650297,
  "contact_proxy_counts": {
    "left_tip_box": 13
  },
  "contact_peak_proxy": "right_tip_box",
  "proxy_contact_counts": {
    "finger_span": 13
  },
  "actual_finger_box_contact_started": true,
  "actual_finger_box_first_contact_frame": 130,
  "actual_finger_box_first_contact_time_s": 4.335500000000001,
  "actual_finger_box_peak_source": "right_tip_box",
  "actual_finger_box_clearance_min_m": -0.0011438915971666574,
  "actual_left_finger_box_clearance_min_m": -0.0011438915971666574,
  "actual_right_finger_box_clearance_min_m": 0.008072230964899063,
  "actual_left_tip_box_clearance_min_m": -0.0011438915971666574,
  "actual_right_tip_box_clearance_min_m": 0.008072230964899063,
  "drag_phase_gating": "always_on_quasi_static",
  "physics_validation_path": "/home/xinjie/Newton_Connection/Newton/phystwin_bridge/results/robot_rope_franka/candidates/20260402_140811_physradius0p1_c15/presentation/physics_validation.json"
}
Warp 1.12.0.dev20260218 initialized:
   Git commit: 3d888595a61128dd17de0dbb9eb8d80391e81424
   CUDA Toolkit 12.9, Driver 13.0
   Devices:
     "cpu"      : "x86_64"
     "cuda:0"   : "NVIDIA GeForce RTX 4090" (23 GiB, sm_89, mempool enabled)
   Kernel cache:
     /home/xinjie/.cache/warp/1.12.0.dev20260218
Module newton._src.geometry.inertia 2bd8c78 load on device 'cuda:0' took 0.68 ms  (cached)
Module newton._src.utils.mesh bced167 load on device 'cpu' took 0.56 ms  (cached)
Module validate_and_correct_inertia_kernel_0c7bfa66 0c7bfa6 load on device 'cuda:0' took 0.27 ms  (cached)
Module newton._src.sim.articulation 2109b59 load on device 'cuda:0' took 2.47 ms  (cached)
Module newton._src.sim.collide 452004c load on device 'cuda:0' took 0.49 ms  (cached)
Module newton._src.geometry.broad_phase_nxn dcff895 load on device 'cuda:0' took 0.32 ms  (cached)
Module create_narrow_phase_primitive_kernel__locals__narrow_phase_primitive_kernel_ac59d7a0 640833f load on device 'cuda:0' took 0.45 ms  (cached)
Module create_narrow_phase_kernel_gjk_mpr__locals__narrow_phase_kernel_gjk_mpr_46eb548d 1d6e16f load on device 'cuda:0' took 0.85 ms  (cached)
Module newton._src.geometry.narrow_phase 0593107 load on device 'cuda:0' took 4.90 ms  (cached)
Module newton._src.geometry.contact_reduction_global 3a7a18f load on device 'cuda:0' took 0.32 ms  (cached)
Module newton._src.geometry.narrow_phase 931370b load on device 'cuda:0' took 0.54 ms  (cached)
Module create_narrow_phase_process_mesh_plane_contacts_kernel__locals__narrow_phase_process_mesh_plane_contacts_reduce_kernel_930923b3 4c09d6b load on device 'cuda:0' took 0.22 ms  (cached)
Module mesh_triangle_contacts_to_reducer_kernel_8060ca9c d5135d2 load on device 'cuda:0' took 1.01 ms  (cached)
Module newton._src.geometry.contact_reduction_global d2f9fc3 load on device 'cuda:0' took 0.32 ms  (cached)
Module newton._src.geometry.sdf_contact e671631 load on device 'cuda:0' took 0.21 ms  (cached)
Module create_narrow_phase_process_mesh_mesh_contacts_kernel__locals__mesh_sdf_collision_global_reduce_kernel_f46f3252 f46f325 load on device 'cuda:0' took 0.71 ms  (cached)
Module create_export_reduced_contacts_kernel__locals__export_reduced_contacts_kernel_ef09b9a0 6e4cf74 load on device 'cuda:0' took 0.25 ms  (cached)
Module newton._src.geometry.kernels 55ed1b0 load on device 'cuda:0' took 1.15 ms  (cached)
Module newton._src.solvers.semi_implicit.kernels_particle 0e0d871 load on device 'cuda:0' took 0.55 ms  (cached)
Module newton._src.solvers.semi_implicit.kernels_body 483b8fe load on device 'cuda:0' took 1.11 ms  (cached)
Module newton._src.solvers.semi_implicit.kernels_contact d558900 load on device 'cuda:0' took 0.79 ms  (cached)
Module newton._src.solvers.solver 16aecb3 load on device 'cuda:0' took 0.41 ms  (cached)
Module bridge_deformable_common 87b0596 load on device 'cuda:0' took 0.21 ms  (cached)
  frame 25/187 phase=approach target_err=0.0000m min_clearance=0.0940m
  frame 50/187 phase=approach target_err=0.0000m min_clearance=0.0375m
  frame 75/187 phase=push target_err=0.0000m min_clearance=0.0119m
  frame 100/187 phase=push target_err=0.0000m min_clearance=0.0036m
  frame 125/187 phase=push target_err=0.0000m min_clearance=0.0015m
  frame 150/187 phase=hold target_err=0.0000m min_clearance=0.0057m
  frame 175/187 phase=retract target_err=0.0000m min_clearance=0.0649m
  frame 187/187 phase=retract target_err=0.0000m min_clearance=0.0942m
  Simulation done: 187 frames in 77.1s
Module newton._src.viewer.gl.opengl 7724bb3 load on device 'cuda:0' took 0.52 ms  (cached)
Module newton._src.viewer.kernels 773c4cf load on device 'cuda:0' took 1.02 ms  (cached)
Module newton._src.geometry.raycast 23dd4e1 load on device 'cuda:0' took 1.85 ms  (cached)
Module newton._src.viewer.viewer_gl 2219863 load on device 'cuda:0' took 0.74 ms  (cached)
Module newton._src.utils.render 145677d load on device 'cuda:0' took 0.26 ms  (cached)
  rendered 30/186 frames
  rendered 60/186 frames
  rendered 90/186 frames
  rendered 120/186 frames
  rendered 150/186 frames
  rendered 180/186 frames
  Summary: /home/xinjie/Newton_Connection/Newton/phystwin_bridge/results/robot_rope_franka/candidates/20260402_140811_physradius0p1_c15/debug/work/robot_rope_tabletop_hero_debug_summary.json
{
  "ir_path": "/home/xinjie/Newton_Connection/Newton/phystwin_bridge/ir/rope_double_hand/phystwin_ir_v2_bf_strict.npz",
  "output_mp4": "/home/xinjie/Newton_Connection/Newton/phystwin_bridge/results/robot_rope_franka/candidates/20260402_140811_physradius0p1_c15/debug/work/robot_rope_tabletop_hero_debug.mp4",
  "frames": 187,
  "sim_dt": 5e-05,
  "substeps": 667,
  "frame_dt": 0.033350000000000005,
  "video_slowdown": 1.0,
  "task_duration_s": 6.2,
  "wall_time_sec": 77.14910113199585,
  "rope_total_mass": 3.0,
  "anchor_count": 4,
  "anchor_constraint_mode": "free_tabletop_rope",
  "anchor_mass_mode": "preserve",
  "task": "tabletop_push_hero",
  "render_mode": "debug",
  "camera_profile": "hero",
  "recommended_hero_camera": {
    "pos": [
      1.1366671323776245,
      -0.8425257205963135,
      0.8219413757324219
    ],
    "pitch": -22.0,
    "yaw": 148.0,
    "fov": 36.0,
    "target": [
      0.020126154646277428,
      -0.14483344554901123,
      0.2900000214576721
    ]
  },
  "recommended_validation_camera": {
    "pos": [
      1.4288767576217651,
      -0.7858306169509888,
      0.9464282989501953
    ],
    "pitch": -23.0,
    "yaw": 156.0,
    "fov": 38.0,
    "target": [
      0.016126153990626335,
      -0.1568334400653839,
      0.2900000214576721
    ]
  },
  "particle_contacts": false,
  "particle_contact_kernel": false,
  "robot_motion_mode": "ik",
  "replay_source": null,
  "history_storage_mode": "memmap",
  "history_storage_files": {
    "particle_q_all": "/home/xinjie/Newton_Connection/Newton/phystwin_bridge/results/robot_rope_franka/candidates/20260402_140811_physradius0p1_c15/debug/work/robot_rope_tabletop_hero_debug_particle_q_all.npy",
    "particle_q_object": "/home/xinjie/Newton_Connection/Newton/phystwin_bridge/results/robot_rope_franka/candidates/20260402_140811_physradius0p1_c15/debug/work/robot_rope_tabletop_hero_debug_particle_q_object.npy",
    "body_q": "/home/xinjie/Newton_Connection/Newton/phystwin_bridge/results/robot_rope_franka/candidates/20260402_140811_physradius0p1_c15/debug/work/robot_rope_tabletop_hero_debug_body_q.npy",
    "body_vel": "/home/xinjie/Newton_Connection/Newton/phystwin_bridge/results/robot_rope_franka/candidates/20260402_140811_physradius0p1_c15/debug/work/robot_rope_tabletop_hero_debug_body_vel.npy",
    "ee_target_pos": "/home/xinjie/Newton_Connection/Newton/phystwin_bridge/results/robot_rope_franka/candidates/20260402_140811_physradius0p1_c15/debug/work/robot_rope_tabletop_hero_debug_ee_target_pos.npy"
  },
  "apply_drag": true,
  "drag_ignore_gravity_axis": true,
  "gravity_mag_m_s2": 9.8,
  "pre_release_settle_damping_scale": 8.0,
  "robot_geometry": "native_franka",
  "ee_body_index": 6,
  "ik_target_blend": 0.2,
  "gripper_center_tracking_error_mean_m": 2.6395114218757953e-06,
  "gripper_center_tracking_error_max_m": 5.0786734391294885e-06,
  "gripper_center_tracking_error_pre_contact_mean_m": null,
  "gripper_center_tracking_error_during_contact_mean_m": 1.7689903870632406e-06,
  "gripper_center_tracking_error_release_mean_m": null,
  "gripper_center_speed_max_m_s": 0.10055076330900192,
  "gripper_center_speed_pre_contact_mean_m_s": null,
  "gripper_center_speed_during_contact_mean_m_s": 0.035441361367702484,
  "gripper_center_speed_release_mean_m_s": null,
  "gripper_center_path_length_m": 0.32899802923202515,
  "ground_z_m": 0.0,
  "table_top_z_m": 0.2,
  "rope_min_z_m": 0.20077162981033325,
  "rope_surface_clearance_min_m": 0.19817139208316803,
  "rope_surface_clearance_to_table_min_m": -0.001828610897064209,
  "table_contact_active_frames": 187,
  "table_contact_duration_s": 6.2364500000000005,
  "table_contact_peak_frame": 167,
  "support_contact_active_frames": 29,
  "support_contact_duration_s": 0.9671500000000002,
  "support_first_contact_frame": 124,
  "support_last_contact_frame": 152,
  "support_contact_peak_frame": 133,
  "support_contact_proxy_mode": "actual_finger_boxes",
  "support_contact_proxy_counts": {
    "left_tip_box": 29
  },
  "support_patch_indices": [
    0,
    3,
    1645,
    1752
  ],
  "support_patch_center_m": [
    -0.00045183487236499786,
    0.0005746865645051003,
    0.22165539860725403
  ],
  "visible_support_center_m": [
    -0.00045183487236499786,
    0.0005746865645051003,
    0.22165539860725403
  ],
  "contact_proxy_mode": "min(gripper_center,left_finger,right_finger,finger_span)",
  "contact_proxy_radius_m": 0.033,
  "contact_proxy_radii_m": {
    "gripper_center": 0.033,
    "left_finger": 0.033,
    "right_finger": 0.033,
    "finger_span": 0.033
  },
  "rope_com_displacement_m": 0.0015099843731150031,
  "rope_com_z_min_m": 0.21357852220535278,
  "rope_mid_segment_peak_z_delta_m": 8.729100227355957e-05,
  "rope_mid_segment_final_z_delta_m": 4.51207160949707e-05,
  "rope_mid_segment_peak_frame": 128,
  "contact_started": true,
  "first_contact_frame": 124,
  "first_contact_time_s": 4.135400000000001,
  "first_ground_contact_frame": 124,
  "first_ground_contact_time_s": 4.135400000000001,
  "last_contact_frame": 152,
  "last_contact_time_s": 5.0692,
  "first_contact_phase": "push",
  "contact_peak_frame": 123,
  "release_frame": null,
  "release_time_s": null,
  "t_release_s": null,
  "impact_speed_before_first_contact_m_s": 9.651126890168195e-05,
  "early_fall_acceleration_estimate_m_s2": null,
  "early_fall_com_horizontal_velocity_m_s": null,
  "post_release_horizontal_kick_window_s": 0.08,
  "post_release_horizontal_kick_m_s": null,
  "contact_duration_s": 0.9671500000000002,
  "contact_active_frames": 29,
  "contact_phase_count": 29,
  "task_phase_sequence": [
    "settle",
    "approach",
    "push",
    "hold",
    "retract"
  ],
  "rope_com_horizontal_speed_mean_pre_release_m_s": null,
  "rope_particle_speed_mean_pre_release_m_s": null,
  "support_patch_speed_mean_pre_release_m_s": null,
  "pre_release_spring_energy_proxy": null,
  "post_release_spring_energy_proxy": null,
  "settle_window_seconds": 0.08,
  "settle_gate_pass": null,
  "settle_gate_frame": null,
  "settle_gate_metrics": {},
  "preroll_settle_pass": true,
  "preroll_settle_time_s": 0.7003500000000001,
  "preroll_settle_metrics": {
    "window_start_frame": 16,
    "window_end_frame": 21,
    "window_duration_s": 0.20010000000000003,
    "particle_speed_mean_max_m_s": 0.01926693320274353,
    "com_horizontal_speed_max_m_s": 0.003191616153344512,
    "support_patch_speed_mean_max_m_s": 0.0186478104442358,
    "particle_speed_mean_threshold_m_s": 0.08,
    "com_horizontal_speed_threshold_m_s": 0.05,
    "support_patch_speed_threshold_m_s": 0.02
  },
  "preroll_frame_count": 22,
  "min_clearance_min_m": 0.0014371792785823345,
  "min_clearance_final_m": 0.09422727674245834,
  "gripper_center_clearance_min_m": 0.010919418185949326,
  "left_finger_clearance_min_m": 0.001634117215871811,
  "right_finger_clearance_min_m": 0.024433564394712448,
  "finger_span_clearance_min_m": 0.0014371792785823345,
  "contact_proxy_counts": {
    "left_tip_box": 29
  },
  "contact_peak_proxy": "left_tip_box",
  "proxy_contact_counts": {
    "finger_span": 29
  },
  "actual_finger_box_contact_started": true,
  "actual_finger_box_first_contact_frame": 124,
  "actual_finger_box_first_contact_time_s": 4.135400000000001,
  "actual_finger_box_peak_source": "left_tip_box",
  "actual_finger_box_clearance_min_m": -0.0016328756464645267,
  "actual_left_finger_box_clearance_min_m": -0.0016328756464645267,
  "actual_right_finger_box_clearance_min_m": 0.005460062995553017,
  "actual_left_tip_box_clearance_min_m": -0.0016328756464645267,
  "actual_right_tip_box_clearance_min_m": 0.005460062995553017,
  "drag_phase_gating": "always_on_quasi_static",
  "physics_validation_path": "/home/xinjie/Newton_Connection/Newton/phystwin_bridge/results/robot_rope_franka/candidates/20260402_140811_physradius0p1_c15/debug/physics_validation.json"
}
Warp 1.12.0.dev20260218 initialized:
   Git commit: 3d888595a61128dd17de0dbb9eb8d80391e81424
   CUDA Toolkit 12.9, Driver 13.0
   Devices:
     "cpu"      : "x86_64"
     "cuda:0"   : "NVIDIA GeForce RTX 4090" (23 GiB, sm_89, mempool enabled)
   Kernel cache:
     /home/xinjie/.cache/warp/1.12.0.dev20260218
Module newton._src.geometry.inertia 2bd8c78 load on device 'cuda:0' took 0.69 ms  (cached)
Module newton._src.utils.mesh bced167 load on device 'cpu' took 0.58 ms  (cached)
Module validate_and_correct_inertia_kernel_0c7bfa66 0c7bfa6 load on device 'cuda:0' took 0.28 ms  (cached)
Module newton._src.sim.articulation 2109b59 load on device 'cuda:0' took 2.57 ms  (cached)
Module newton._src.sim.collide 452004c load on device 'cuda:0' took 0.48 ms  (cached)
Module newton._src.geometry.broad_phase_nxn dcff895 load on device 'cuda:0' took 0.31 ms  (cached)
Module create_narrow_phase_primitive_kernel__locals__narrow_phase_primitive_kernel_ac59d7a0 640833f load on device 'cuda:0' took 0.46 ms  (cached)
Module create_narrow_phase_kernel_gjk_mpr__locals__narrow_phase_kernel_gjk_mpr_46eb548d 1d6e16f load on device 'cuda:0' took 0.88 ms  (cached)
Module newton._src.geometry.narrow_phase 0593107 load on device 'cuda:0' took 5.10 ms  (cached)
Module newton._src.geometry.contact_reduction_global 3a7a18f load on device 'cuda:0' took 0.30 ms  (cached)
Module newton._src.geometry.narrow_phase 931370b load on device 'cuda:0' took 0.53 ms  (cached)
Module create_narrow_phase_process_mesh_plane_contacts_kernel__locals__narrow_phase_process_mesh_plane_contacts_reduce_kernel_930923b3 4c09d6b load on device 'cuda:0' took 0.25 ms  (cached)
Module mesh_triangle_contacts_to_reducer_kernel_8060ca9c d5135d2 load on device 'cuda:0' took 1.00 ms  (cached)
Module newton._src.geometry.contact_reduction_global d2f9fc3 load on device 'cuda:0' took 0.29 ms  (cached)
Module newton._src.geometry.sdf_contact e671631 load on device 'cuda:0' took 0.19 ms  (cached)
Module create_narrow_phase_process_mesh_mesh_contacts_kernel__locals__mesh_sdf_collision_global_reduce_kernel_f46f3252 f46f325 load on device 'cuda:0' took 0.70 ms  (cached)
Module create_export_reduced_contacts_kernel__locals__export_reduced_contacts_kernel_ef09b9a0 6e4cf74 load on device 'cuda:0' took 0.26 ms  (cached)
Module newton._src.geometry.kernels 55ed1b0 load on device 'cuda:0' took 1.29 ms  (cached)
Module newton._src.solvers.semi_implicit.kernels_particle 0e0d871 load on device 'cuda:0' took 0.59 ms  (cached)
Module newton._src.solvers.semi_implicit.kernels_body 483b8fe load on device 'cuda:0' took 1.16 ms  (cached)
Module newton._src.solvers.semi_implicit.kernels_contact d558900 load on device 'cuda:0' took 0.82 ms  (cached)
Module newton._src.solvers.solver 16aecb3 load on device 'cuda:0' took 0.40 ms  (cached)
Module bridge_deformable_common 87b0596 load on device 'cuda:0' took 0.20 ms  (cached)
  frame 25/187 phase=approach target_err=0.0000m min_clearance=0.1003m
  frame 50/187 phase=approach target_err=0.0000m min_clearance=0.0464m
  frame 75/187 phase=push target_err=0.0000m min_clearance=0.0236m
  frame 100/187 phase=push target_err=0.0000m min_clearance=0.0156m
  frame 125/187 phase=push target_err=0.0000m min_clearance=0.0085m
  frame 150/187 phase=hold target_err=0.0000m min_clearance=0.0107m
  frame 175/187 phase=retract target_err=0.0000m min_clearance=0.0705m
  frame 187/187 phase=retract target_err=0.0000m min_clearance=0.0994m
  Simulation done: 187 frames in 79.2s
Module newton._src.viewer.gl.opengl 7724bb3 load on device 'cuda:0' took 0.31 ms  (cached)
Module newton._src.viewer.kernels 773c4cf load on device 'cuda:0' took 1.32 ms  (cached)
Module newton._src.geometry.raycast 23dd4e1 load on device 'cuda:0' took 1.85 ms  (cached)
Module newton._src.viewer.viewer_gl 2219863 load on device 'cuda:0' took 0.50 ms  (cached)
Module newton._src.utils.render 145677d load on device 'cuda:0' took 0.26 ms  (cached)
  rendered 30/186 frames
  rendered 60/186 frames
  rendered 90/186 frames
  rendered 120/186 frames
  rendered 150/186 frames
  rendered 180/186 frames
  Summary: /home/xinjie/Newton_Connection/Newton/phystwin_bridge/results/robot_rope_franka/candidates/20260402_140811_physradius0p1_c15/validation/work/robot_rope_tabletop_hero_validation_summary.json
{
  "ir_path": "/home/xinjie/Newton_Connection/Newton/phystwin_bridge/ir/rope_double_hand/phystwin_ir_v2_bf_strict.npz",
  "output_mp4": "/home/xinjie/Newton_Connection/Newton/phystwin_bridge/results/robot_rope_franka/candidates/20260402_140811_physradius0p1_c15/validation/work/robot_rope_tabletop_hero_validation.mp4",
  "frames": 187,
  "sim_dt": 5e-05,
  "substeps": 667,
  "frame_dt": 0.033350000000000005,
  "video_slowdown": 1.0,
  "task_duration_s": 6.2,
  "wall_time_sec": 79.24296601599781,
  "rope_total_mass": 3.0,
  "anchor_count": 4,
  "anchor_constraint_mode": "free_tabletop_rope",
  "anchor_mass_mode": "preserve",
  "task": "tabletop_push_hero",
  "render_mode": "presentation",
  "camera_profile": "validation",
  "recommended_hero_camera": {
    "pos": [
      1.1366671323776245,
      -0.8425257205963135,
      0.8219413757324219
    ],
    "pitch": -22.0,
    "yaw": 148.0,
    "fov": 36.0,
    "target": [
      0.020126154646277428,
      -0.14483344554901123,
      0.2900000214576721
    ]
  },
  "recommended_validation_camera": {
    "pos": [
      1.4288767576217651,
      -0.7858306169509888,
      0.9464282989501953
    ],
    "pitch": -23.0,
    "yaw": 156.0,
    "fov": 38.0,
    "target": [
      0.016126153990626335,
      -0.1568334400653839,
      0.2900000214576721
    ]
  },
  "particle_contacts": false,
  "particle_contact_kernel": false,
  "robot_motion_mode": "ik",
  "replay_source": null,
  "history_storage_mode": "memmap",
  "history_storage_files": {
    "particle_q_all": "/home/xinjie/Newton_Connection/Newton/phystwin_bridge/results/robot_rope_franka/candidates/20260402_140811_physradius0p1_c15/validation/work/robot_rope_tabletop_hero_validation_particle_q_all.npy",
    "particle_q_object": "/home/xinjie/Newton_Connection/Newton/phystwin_bridge/results/robot_rope_franka/candidates/20260402_140811_physradius0p1_c15/validation/work/robot_rope_tabletop_hero_validation_particle_q_object.npy",
    "body_q": "/home/xinjie/Newton_Connection/Newton/phystwin_bridge/results/robot_rope_franka/candidates/20260402_140811_physradius0p1_c15/validation/work/robot_rope_tabletop_hero_validation_body_q.npy",
    "body_vel": "/home/xinjie/Newton_Connection/Newton/phystwin_bridge/results/robot_rope_franka/candidates/20260402_140811_physradius0p1_c15/validation/work/robot_rope_tabletop_hero_validation_body_vel.npy",
    "ee_target_pos": "/home/xinjie/Newton_Connection/Newton/phystwin_bridge/results/robot_rope_franka/candidates/20260402_140811_physradius0p1_c15/validation/work/robot_rope_tabletop_hero_validation_ee_target_pos.npy"
  },
  "apply_drag": true,
  "drag_ignore_gravity_axis": true,
  "gravity_mag_m_s2": 9.8,
  "pre_release_settle_damping_scale": 8.0,
  "robot_geometry": "native_franka",
  "ee_body_index": 6,
  "ik_target_blend": 0.2,
  "gripper_center_tracking_error_mean_m": 2.6395114218757953e-06,
  "gripper_center_tracking_error_max_m": 5.0786734391294885e-06,
  "gripper_center_tracking_error_pre_contact_mean_m": null,
  "gripper_center_tracking_error_during_contact_mean_m": null,
  "gripper_center_tracking_error_release_mean_m": null,
  "gripper_center_speed_max_m_s": 0.10055076330900192,
  "gripper_center_speed_pre_contact_mean_m_s": null,
  "gripper_center_speed_during_contact_mean_m_s": null,
  "gripper_center_speed_release_mean_m_s": null,
  "gripper_center_path_length_m": 0.32899802923202515,
  "ground_z_m": 0.0,
  "table_top_z_m": 0.2,
  "rope_min_z_m": 0.19989800453186035,
  "rope_surface_clearance_min_m": 0.19729776680469513,
  "rope_surface_clearance_to_table_min_m": -0.0027022361755371094,
  "table_contact_active_frames": 187,
  "table_contact_duration_s": 6.2364500000000005,
  "table_contact_peak_frame": 13,
  "support_contact_active_frames": 0,
  "support_contact_duration_s": 0.0,
  "support_first_contact_frame": null,
  "support_last_contact_frame": null,
  "support_contact_peak_frame": 136,
  "support_contact_proxy_mode": "actual_finger_boxes",
  "support_contact_proxy_counts": {},
  "support_patch_indices": [
    0,
    3,
    1645,
    1752
  ],
  "support_patch_center_m": [
    -0.00045183487236499786,
    0.0005746865645051003,
    0.22165539860725403
  ],
  "visible_support_center_m": [
    -0.00045183487236499786,
    0.0005746865645051003,
    0.22165539860725403
  ],
  "contact_proxy_mode": "min(gripper_center,left_finger,right_finger,finger_span)",
  "contact_proxy_radius_m": 0.033,
  "contact_proxy_radii_m": {
    "gripper_center": 0.033,
    "left_finger": 0.033,
    "right_finger": 0.033,
    "finger_span": 0.033
  },
  "rope_com_displacement_m": 0.010366545990109444,
  "rope_com_z_min_m": 0.21333841979503632,
  "rope_mid_segment_peak_z_delta_m": 0.0024853795766830444,
  "rope_mid_segment_final_z_delta_m": -0.0013514608144760132,
  "rope_mid_segment_peak_frame": 0,
  "contact_started": false,
  "first_contact_frame": null,
  "first_contact_time_s": null,
  "first_ground_contact_frame": null,
  "first_ground_contact_time_s": null,
  "last_contact_frame": null,
  "last_contact_time_s": null,
  "first_contact_phase": null,
  "contact_peak_frame": 126,
  "release_frame": null,
  "release_time_s": null,
  "t_release_s": null,
  "impact_speed_before_first_contact_m_s": null,
  "early_fall_acceleration_estimate_m_s2": null,
  "early_fall_com_horizontal_velocity_m_s": null,
  "post_release_horizontal_kick_window_s": 0.08,
  "post_release_horizontal_kick_m_s": null,
  "contact_duration_s": 0.0,
  "contact_active_frames": 0,
  "contact_phase_count": 0,
  "task_phase_sequence": [
    "settle",
    "approach",
    "push",
    "hold",
    "retract"
  ],
  "rope_com_horizontal_speed_mean_pre_release_m_s": null,
  "rope_particle_speed_mean_pre_release_m_s": null,
  "support_patch_speed_mean_pre_release_m_s": null,
  "pre_release_spring_energy_proxy": null,
  "post_release_spring_energy_proxy": null,
  "settle_window_seconds": 0.08,
  "settle_gate_pass": null,
  "settle_gate_frame": null,
  "settle_gate_metrics": {},
  "preroll_settle_pass": true,
  "preroll_settle_time_s": 0.63365,
  "preroll_settle_metrics": {
    "window_start_frame": 14,
    "window_end_frame": 19,
    "window_duration_s": 0.20010000000000003,
    "particle_speed_mean_max_m_s": 0.05947265028953552,
    "com_horizontal_speed_max_m_s": 0.007851495407521725,
    "support_patch_speed_mean_max_m_s": 0.018083874136209488,
    "particle_speed_mean_threshold_m_s": 0.08,
    "com_horizontal_speed_threshold_m_s": 0.05,
    "support_patch_speed_threshold_m_s": 0.02
  },
  "preroll_frame_count": 20,
  "min_clearance_min_m": 0.008466143161058426,
  "min_clearance_final_m": 0.09941095858812332,
  "gripper_center_clearance_min_m": 0.013561580330133438,
  "left_finger_clearance_min_m": 0.008466143161058426,
  "right_finger_clearance_min_m": 0.024916857481002808,
  "finger_span_clearance_min_m": 0.008466143161058426,
  "contact_proxy_counts": {},
  "contact_peak_proxy": "left_tip_box",
  "proxy_contact_counts": {},
  "actual_finger_box_contact_started": false,
  "actual_finger_box_first_contact_frame": null,
  "actual_finger_box_first_contact_time_s": null,
  "actual_finger_box_peak_source": "left_tip_box",
  "actual_finger_box_clearance_min_m": 0.00038895197212696075,
  "actual_left_finger_box_clearance_min_m": 0.00038895197212696075,
  "actual_right_finger_box_clearance_min_m": 0.01268222089856863,
  "actual_left_tip_box_clearance_min_m": 0.00038895197212696075,
  "actual_right_tip_box_clearance_min_m": 0.01268222089856863,
  "drag_phase_gating": "always_on_quasi_static",
  "physics_validation_path": "/home/xinjie/Newton_Connection/Newton/phystwin_bridge/results/robot_rope_franka/candidates/20260402_140811_physradius0p1_c15/validation/physics_validation.json"
}
