[run_robot_rope_franka_tabletop_hero] run_dir=/home/xinjie/Newton_Connection/Newton/phystwin_bridge/results/robot_rope_franka/candidates/20260403_002700_physradius0p5_c17
[run_robot_rope_franka_tabletop_hero] presentation=python /home/xinjie/Newton_Connection/Newton/phystwin_bridge/demos/demo_robot_rope_franka.py --out-dir /home/xinjie/Newton_Connection/Newton/phystwin_bridge/results/robot_rope_franka/candidates/20260403_002700_physradius0p5_c17/presentation/work --prefix robot_rope_tabletop_hero --render-mode presentation --camera-profile hero --task tabletop_push_hero --sim-dt 5.0e-5 --substeps 667 --slowdown 1.0 --render-fps 30 --screen-width 1280 --screen-height 720 --viewer-headless --no-make-gif --anchor-count-per-end 2 --tabletop-control-mode joint_trajectory --ik-target-blend 0.20 --auto-set-weight 3.0 --tabletop-initial-pose tabletop_curve --tabletop-hero-hide-pedestal --tabletop-preroll-settle-seconds 2.0 --tabletop-preroll-damping-scale 6.0 --tabletop-settle-seconds 0.8 --tabletop-approach-seconds 1.4 --tabletop-push-seconds 2.4 --tabletop-hold-seconds 0.4 --tabletop-retract-seconds 1.2 --tabletop-rope-height 0.156 --tabletop-table-top-z 0.200 --tabletop-table-hx 0.42 --tabletop-table-hy 0.24 --tabletop-table-hz 0.020 --tabletop-robot-base-offset -0.56 -0.22 0.10 --tabletop-push-start-offset -0.09 -0.01 0.0 --tabletop-push-contact-offset -0.04 -0.03 0.0 --tabletop-push-end-offset 0.03 -0.04 0.0 --tabletop-retract-offset -0.02 -0.02 0.0 --tabletop-approach-clearance-z 0.10 --tabletop-contact-clearance-z 0.010 --tabletop-push-clearance-z 0.008 --tabletop-retract-clearance-z 0.05 --tabletop-ee-offset-z 0.22 --rope-line-width 0.024 --particle-radius-scale 0.5
[run_robot_rope_franka_tabletop_hero] debug=python /home/xinjie/Newton_Connection/Newton/phystwin_bridge/demos/demo_robot_rope_franka.py --out-dir /home/xinjie/Newton_Connection/Newton/phystwin_bridge/results/robot_rope_franka/candidates/20260403_002700_physradius0p5_c17/debug/work --prefix robot_rope_tabletop_hero_debug --render-mode debug --camera-profile hero --overlay-label --task tabletop_push_hero --sim-dt 5.0e-5 --substeps 667 --slowdown 1.0 --render-fps 30 --screen-width 1280 --screen-height 720 --viewer-headless --no-make-gif --anchor-count-per-end 2 --tabletop-control-mode joint_trajectory --ik-target-blend 0.20 --auto-set-weight 3.0 --tabletop-initial-pose tabletop_curve --tabletop-hero-hide-pedestal --tabletop-preroll-settle-seconds 2.0 --tabletop-preroll-damping-scale 6.0 --tabletop-settle-seconds 0.8 --tabletop-approach-seconds 1.4 --tabletop-push-seconds 2.4 --tabletop-hold-seconds 0.4 --tabletop-retract-seconds 1.2 --tabletop-rope-height 0.156 --tabletop-table-top-z 0.200 --tabletop-table-hx 0.42 --tabletop-table-hy 0.24 --tabletop-table-hz 0.020 --tabletop-robot-base-offset -0.56 -0.22 0.10 --tabletop-push-start-offset -0.09 -0.01 0.0 --tabletop-push-contact-offset -0.04 -0.03 0.0 --tabletop-push-end-offset 0.03 -0.04 0.0 --tabletop-retract-offset -0.02 -0.02 0.0 --tabletop-approach-clearance-z 0.10 --tabletop-contact-clearance-z 0.010 --tabletop-push-clearance-z 0.008 --tabletop-retract-clearance-z 0.05 --tabletop-ee-offset-z 0.22 --rope-line-width 0.024 --particle-radius-scale 0.5
[run_robot_rope_franka_tabletop_hero] validation=python /home/xinjie/Newton_Connection/Newton/phystwin_bridge/demos/demo_robot_rope_franka.py --out-dir /home/xinjie/Newton_Connection/Newton/phystwin_bridge/results/robot_rope_franka/candidates/20260403_002700_physradius0p5_c17/validation/work --prefix robot_rope_tabletop_hero_validation --render-mode presentation --camera-profile validation --task tabletop_push_hero --sim-dt 5.0e-5 --substeps 667 --slowdown 1.0 --render-fps 30 --screen-width 1280 --screen-height 720 --viewer-headless --no-make-gif --anchor-count-per-end 2 --tabletop-control-mode joint_trajectory --ik-target-blend 0.20 --auto-set-weight 3.0 --tabletop-initial-pose tabletop_curve --tabletop-hero-hide-pedestal --tabletop-preroll-settle-seconds 2.0 --tabletop-preroll-damping-scale 6.0 --tabletop-settle-seconds 0.8 --tabletop-approach-seconds 1.4 --tabletop-push-seconds 2.4 --tabletop-hold-seconds 0.4 --tabletop-retract-seconds 1.2 --tabletop-rope-height 0.156 --tabletop-table-top-z 0.200 --tabletop-table-hx 0.42 --tabletop-table-hy 0.24 --tabletop-table-hz 0.020 --tabletop-robot-base-offset -0.56 -0.22 0.10 --tabletop-push-start-offset -0.09 -0.01 0.0 --tabletop-push-contact-offset -0.04 -0.03 0.0 --tabletop-push-end-offset 0.03 -0.04 0.0 --tabletop-retract-offset -0.02 -0.02 0.0 --tabletop-approach-clearance-z 0.10 --tabletop-contact-clearance-z 0.010 --tabletop-push-clearance-z 0.008 --tabletop-retract-clearance-z 0.05 --tabletop-ee-offset-z 0.22 --rope-line-width 0.024 --particle-radius-scale 0.5
Warp 1.12.0.dev20260218 initialized:
   Git commit: 3d888595a61128dd17de0dbb9eb8d80391e81424
   CUDA Toolkit 12.9, Driver 13.0
   Devices:
     "cpu"      : "x86_64"
     "cuda:0"   : "NVIDIA GeForce RTX 4090" (23 GiB, sm_89, mempool enabled)
   Kernel cache:
     /home/xinjie/.cache/warp/1.12.0.dev20260218
Module newton._src.geometry.inertia 2bd8c78 load on device 'cuda:0' took 0.99 ms  (cached)
Module newton._src.utils.mesh bced167 load on device 'cpu' took 0.61 ms  (cached)
Module validate_and_correct_inertia_kernel_0c7bfa66 0c7bfa6 load on device 'cuda:0' took 0.28 ms  (cached)
Module newton._src.sim.articulation 2109b59 load on device 'cuda:0' took 2.57 ms  (cached)
Module newton._src.sim.collide 452004c load on device 'cuda:0' took 0.50 ms  (cached)
Module newton._src.geometry.broad_phase_nxn dcff895 load on device 'cuda:0' took 0.34 ms  (cached)
Module create_narrow_phase_primitive_kernel__locals__narrow_phase_primitive_kernel_ac59d7a0 640833f load on device 'cuda:0' took 0.50 ms  (cached)
Module create_narrow_phase_kernel_gjk_mpr__locals__narrow_phase_kernel_gjk_mpr_46eb548d 1d6e16f load on device 'cuda:0' took 1.03 ms  (cached)
Module newton._src.geometry.narrow_phase 0593107 load on device 'cuda:0' took 4.98 ms  (cached)
Module newton._src.geometry.contact_reduction_global 3a7a18f load on device 'cuda:0' took 0.58 ms  (cached)
Module newton._src.geometry.narrow_phase 931370b load on device 'cuda:0' took 0.56 ms  (cached)
Module create_narrow_phase_process_mesh_plane_contacts_kernel__locals__narrow_phase_process_mesh_plane_contacts_reduce_kernel_930923b3 4c09d6b load on device 'cuda:0' took 0.26 ms  (cached)
Module mesh_triangle_contacts_to_reducer_kernel_8060ca9c d5135d2 load on device 'cuda:0' took 1.17 ms  (cached)
Module newton._src.geometry.contact_reduction_global d2f9fc3 load on device 'cuda:0' took 0.35 ms  (cached)
Module newton._src.geometry.sdf_contact e671631 load on device 'cuda:0' took 0.20 ms  (cached)
Module create_narrow_phase_process_mesh_mesh_contacts_kernel__locals__mesh_sdf_collision_global_reduce_kernel_f46f3252 f46f325 load on device 'cuda:0' took 0.73 ms  (cached)
Module create_export_reduced_contacts_kernel__locals__export_reduced_contacts_kernel_ef09b9a0 6e4cf74 load on device 'cuda:0' took 0.68 ms  (cached)
Module newton._src.geometry.kernels 55ed1b0 load on device 'cuda:0' took 1.41 ms  (cached)
Module newton._src.solvers.semi_implicit.kernels_particle 0e0d871 load on device 'cuda:0' took 0.69 ms  (cached)
Module newton._src.solvers.semi_implicit.kernels_body 483b8fe load on device 'cuda:0' took 1.33 ms  (cached)
Module newton._src.solvers.semi_implicit.kernels_contact d558900 load on device 'cuda:0' took 1.63 ms  (cached)
Module newton._src.solvers.solver 16aecb3 load on device 'cuda:0' took 0.46 ms  (cached)
Module bridge_deformable_common 87b0596 load on device 'cuda:0' took 0.23 ms  (cached)
  frame 25/187 phase=approach target_err=0.0000m min_clearance=0.0889m
  frame 50/187 phase=approach target_err=0.0000m min_clearance=0.0365m
  frame 75/187 phase=push target_err=0.0000m min_clearance=0.0091m
  frame 100/187 phase=push target_err=0.0000m min_clearance=0.0002m
  frame 125/187 phase=push target_err=0.0000m min_clearance=0.0016m
  frame 150/187 phase=hold target_err=0.0000m min_clearance=0.0055m
  frame 175/187 phase=retract target_err=0.0000m min_clearance=0.0566m
  frame 187/187 phase=retract target_err=0.0000m min_clearance=0.0897m
  Simulation done: 187 frames in 80.1s
Module newton._src.viewer.gl.opengl 7724bb3 load on device 'cuda:0' took 0.31 ms  (cached)
Module newton._src.viewer.kernels 773c4cf load on device 'cuda:0' took 1.23 ms  (cached)
Module newton._src.geometry.raycast 23dd4e1 load on device 'cuda:0' took 1.77 ms  (cached)
Module newton._src.viewer.viewer_gl 2219863 load on device 'cuda:0' took 0.47 ms  (cached)
Module newton._src.utils.render 145677d load on device 'cuda:0' took 0.26 ms  (cached)
  rendered 30/186 frames
  rendered 60/186 frames
  rendered 90/186 frames
  rendered 120/186 frames
  rendered 150/186 frames
  rendered 180/186 frames
  Summary: /home/xinjie/Newton_Connection/Newton/phystwin_bridge/results/robot_rope_franka/candidates/20260403_002700_physradius0p5_c17/presentation/work/robot_rope_tabletop_hero_summary.json
{
  "ir_path": "/home/xinjie/Newton_Connection/Newton/phystwin_bridge/ir/rope_double_hand/phystwin_ir_v2_bf_strict.npz",
  "output_mp4": "/home/xinjie/Newton_Connection/Newton/phystwin_bridge/results/robot_rope_franka/candidates/20260403_002700_physradius0p5_c17/presentation/work/robot_rope_tabletop_hero.mp4",
  "frames": 187,
  "sim_dt": 5e-05,
  "substeps": 667,
  "frame_dt": 0.033350000000000005,
  "video_slowdown": 1.0,
  "task_duration_s": 6.2,
  "wall_time_sec": 80.13894156699826,
  "rope_total_mass": 3.0,
  "anchor_count": 4,
  "anchor_constraint_mode": "free_tabletop_rope",
  "anchor_mass_mode": "preserve",
  "task": "tabletop_push_hero",
  "render_mode": "presentation",
  "camera_profile": "hero",
  "recommended_hero_camera": {
    "pos": [
      1.1366671323776245,
      -0.8425257205963135,
      0.8219413757324219
    ],
    "pitch": -22.0,
    "yaw": 148.0,
    "fov": 36.0,
    "target": [
      0.020126154646277428,
      -0.14483344554901123,
      0.2900000214576721
    ]
  },
  "recommended_validation_camera": {
    "pos": [
      1.4288767576217651,
      -0.7858306169509888,
      0.9464282989501953
    ],
    "pitch": -23.0,
    "yaw": 156.0,
    "fov": 38.0,
    "target": [
      0.016126153990626335,
      -0.1568334400653839,
      0.2900000214576721
    ]
  },
  "particle_contacts": false,
  "particle_contact_kernel": false,
  "robot_motion_mode": "ik",
  "replay_source": null,
  "history_storage_mode": "memmap",
  "history_storage_files": {
    "particle_q_all": "/home/xinjie/Newton_Connection/Newton/phystwin_bridge/results/robot_rope_franka/candidates/20260403_002700_physradius0p5_c17/presentation/work/robot_rope_tabletop_hero_particle_q_all.npy",
    "particle_q_object": "/home/xinjie/Newton_Connection/Newton/phystwin_bridge/results/robot_rope_franka/candidates/20260403_002700_physradius0p5_c17/presentation/work/robot_rope_tabletop_hero_particle_q_object.npy",
    "body_q": "/home/xinjie/Newton_Connection/Newton/phystwin_bridge/results/robot_rope_franka/candidates/20260403_002700_physradius0p5_c17/presentation/work/robot_rope_tabletop_hero_body_q.npy",
    "body_vel": "/home/xinjie/Newton_Connection/Newton/phystwin_bridge/results/robot_rope_franka/candidates/20260403_002700_physradius0p5_c17/presentation/work/robot_rope_tabletop_hero_body_vel.npy",
    "ee_target_pos": "/home/xinjie/Newton_Connection/Newton/phystwin_bridge/results/robot_rope_franka/candidates/20260403_002700_physradius0p5_c17/presentation/work/robot_rope_tabletop_hero_ee_target_pos.npy"
  },
  "apply_drag": true,
  "drag_ignore_gravity_axis": true,
  "gravity_mag_m_s2": 9.8,
  "pre_release_settle_damping_scale": 8.0,
  "robot_geometry": "native_franka",
  "ee_body_index": 6,
  "ik_target_blend": 0.2,
  "gripper_center_tracking_error_mean_m": 2.6396996872790623e-06,
  "gripper_center_tracking_error_max_m": 5.0786734391294885e-06,
  "gripper_center_tracking_error_pre_contact_mean_m": null,
  "gripper_center_tracking_error_during_contact_mean_m": 2.2241265469347127e-06,
  "gripper_center_tracking_error_release_mean_m": null,
  "gripper_center_speed_max_m_s": 0.10055076330900192,
  "gripper_center_speed_pre_contact_mean_m_s": null,
  "gripper_center_speed_during_contact_mean_m_s": 0.044281795620918274,
  "gripper_center_speed_release_mean_m_s": null,
  "gripper_center_path_length_m": 0.32899802923202515,
  "ground_z_m": 0.0,
  "table_top_z_m": 0.2,
  "rope_min_z_m": 0.21085911989212036,
  "rope_surface_clearance_min_m": 0.19785793125629425,
  "rope_surface_clearance_to_table_min_m": -0.0021420717239379883,
  "table_contact_active_frames": 187,
  "table_contact_duration_s": 6.2364500000000005,
  "table_contact_peak_frame": 125,
  "support_contact_active_frames": 50,
  "support_contact_duration_s": 1.6675000000000002,
  "support_first_contact_frame": 107,
  "support_last_contact_frame": 156,
  "support_contact_peak_frame": 122,
  "support_contact_proxy_mode": "actual_finger_boxes",
  "support_contact_proxy_counts": {
    "right_tip_box": 18,
    "left_tip_box": 32
  },
  "support_patch_indices": [
    0,
    3,
    1645,
    1752
  ],
  "support_patch_center_m": [
    -0.00045183487236499786,
    0.0005746865645051003,
    0.23205633461475372
  ],
  "visible_support_center_m": [
    -0.00045183487236499786,
    0.0005746865645051003,
    0.23205633461475372
  ],
  "contact_proxy_mode": "min(gripper_center,left_finger,right_finger,finger_span)",
  "contact_proxy_radius_m": 0.033,
  "contact_proxy_radii_m": {
    "gripper_center": 0.033,
    "left_finger": 0.033,
    "right_finger": 0.033,
    "finger_span": 0.033
  },
  "rope_com_displacement_m": 0.011106532998383045,
  "rope_com_z_min_m": 0.22288165986537933,
  "rope_mid_segment_peak_z_delta_m": 0.0011884570121765137,
  "rope_mid_segment_final_z_delta_m": 0.0005446076393127441,
  "rope_mid_segment_peak_frame": 125,
  "contact_started": true,
  "first_contact_frame": 107,
  "first_contact_time_s": 3.5684500000000003,
  "first_ground_contact_frame": 107,
  "first_ground_contact_time_s": 3.5684500000000003,
  "last_contact_frame": 156,
  "last_contact_time_s": 5.2026,
  "first_contact_phase": "push",
  "contact_peak_frame": 108,
  "release_frame": null,
  "release_time_s": null,
  "t_release_s": null,
  "impact_speed_before_first_contact_m_s": 0.0,
  "early_fall_acceleration_estimate_m_s2": null,
  "early_fall_com_horizontal_velocity_m_s": null,
  "post_release_horizontal_kick_window_s": 0.08,
  "post_release_horizontal_kick_m_s": null,
  "contact_duration_s": 1.6675000000000002,
  "contact_active_frames": 50,
  "contact_phase_count": 50,
  "task_phase_sequence": [
    "settle",
    "approach",
    "push",
    "hold",
    "retract"
  ],
  "rope_com_horizontal_speed_mean_pre_release_m_s": null,
  "rope_particle_speed_mean_pre_release_m_s": null,
  "support_patch_speed_mean_pre_release_m_s": null,
  "pre_release_spring_energy_proxy": null,
  "post_release_spring_energy_proxy": null,
  "settle_window_seconds": 0.08,
  "settle_gate_pass": null,
  "settle_gate_frame": null,
  "settle_gate_metrics": {},
  "preroll_settle_pass": true,
  "preroll_settle_time_s": 0.7670500000000001,
  "preroll_settle_metrics": {
    "window_start_frame": 18,
    "window_end_frame": 23,
    "window_duration_s": 0.20010000000000003,
    "particle_speed_mean_max_m_s": 0.01802893914282322,
    "com_horizontal_speed_max_m_s": 0.0048830388113856316,
    "support_patch_speed_mean_max_m_s": 0.01186357345432043,
    "particle_speed_mean_threshold_m_s": 0.08,
    "com_horizontal_speed_threshold_m_s": 0.05,
    "support_patch_speed_threshold_m_s": 0.02
  },
  "preroll_frame_count": 24,
  "min_clearance_min_m": -0.0011183146852999926,
  "min_clearance_final_m": 0.08967473357915878,
  "gripper_center_clearance_min_m": 0.0078900046646595,
  "left_finger_clearance_min_m": -0.0011183135211467743,
  "right_finger_clearance_min_m": 0.013965774327516556,
  "finger_span_clearance_min_m": -0.0011183146852999926,
  "contact_proxy_counts": {
    "right_tip_box": 18,
    "left_tip_box": 32
  },
  "contact_peak_proxy": "right_tip_box",
  "proxy_contact_counts": {
    "finger_span": 50
  },
  "actual_finger_box_contact_started": true,
  "actual_finger_box_first_contact_frame": 107,
  "actual_finger_box_first_contact_time_s": 3.5684500000000003,
  "actual_finger_box_peak_source": "right_tip_box",
  "actual_finger_box_clearance_min_m": -0.00254774559289217,
  "actual_left_finger_box_clearance_min_m": -0.001597229391336441,
  "actual_right_finger_box_clearance_min_m": -0.00254774559289217,
  "actual_left_tip_box_clearance_min_m": -0.001597229391336441,
  "actual_right_tip_box_clearance_min_m": -0.00254774559289217,
  "drag_phase_gating": "always_on_quasi_static",
  "physics_validation_path": "/home/xinjie/Newton_Connection/Newton/phystwin_bridge/results/robot_rope_franka/candidates/20260403_002700_physradius0p5_c17/presentation/physics_validation.json"
}
Warp 1.12.0.dev20260218 initialized:
   Git commit: 3d888595a61128dd17de0dbb9eb8d80391e81424
   CUDA Toolkit 12.9, Driver 13.0
   Devices:
     "cpu"      : "x86_64"
     "cuda:0"   : "NVIDIA GeForce RTX 4090" (23 GiB, sm_89, mempool enabled)
   Kernel cache:
     /home/xinjie/.cache/warp/1.12.0.dev20260218
Module newton._src.geometry.inertia 2bd8c78 load on device 'cuda:0' took 0.69 ms  (cached)
Module newton._src.utils.mesh bced167 load on device 'cpu' took 0.60 ms  (cached)
Module validate_and_correct_inertia_kernel_0c7bfa66 0c7bfa6 load on device 'cuda:0' took 0.50 ms  (cached)
Module newton._src.sim.articulation 2109b59 load on device 'cuda:0' took 2.56 ms  (cached)
Module newton._src.sim.collide 452004c load on device 'cuda:0' took 0.57 ms  (cached)
Module newton._src.geometry.broad_phase_nxn dcff895 load on device 'cuda:0' took 0.34 ms  (cached)
Module create_narrow_phase_primitive_kernel__locals__narrow_phase_primitive_kernel_ac59d7a0 640833f load on device 'cuda:0' took 0.57 ms  (cached)
Module create_narrow_phase_kernel_gjk_mpr__locals__narrow_phase_kernel_gjk_mpr_46eb548d 1d6e16f load on device 'cuda:0' took 0.92 ms  (cached)
Module newton._src.geometry.narrow_phase 0593107 load on device 'cuda:0' took 5.21 ms  (cached)
Module newton._src.geometry.contact_reduction_global 3a7a18f load on device 'cuda:0' took 0.42 ms  (cached)
Module newton._src.geometry.narrow_phase 931370b load on device 'cuda:0' took 0.56 ms  (cached)
Module create_narrow_phase_process_mesh_plane_contacts_kernel__locals__narrow_phase_process_mesh_plane_contacts_reduce_kernel_930923b3 4c09d6b load on device 'cuda:0' took 0.24 ms  (cached)
Module mesh_triangle_contacts_to_reducer_kernel_8060ca9c d5135d2 load on device 'cuda:0' took 1.04 ms  (cached)
Module newton._src.geometry.contact_reduction_global d2f9fc3 load on device 'cuda:0' took 0.33 ms  (cached)
Module newton._src.geometry.sdf_contact e671631 load on device 'cuda:0' took 0.19 ms  (cached)
Module create_narrow_phase_process_mesh_mesh_contacts_kernel__locals__mesh_sdf_collision_global_reduce_kernel_f46f3252 f46f325 load on device 'cuda:0' took 0.76 ms  (cached)
Module create_export_reduced_contacts_kernel__locals__export_reduced_contacts_kernel_ef09b9a0 6e4cf74 load on device 'cuda:0' took 0.31 ms  (cached)
Module newton._src.geometry.kernels 55ed1b0 load on device 'cuda:0' took 1.27 ms  (cached)
Module newton._src.solvers.semi_implicit.kernels_particle 0e0d871 load on device 'cuda:0' took 0.61 ms  (cached)
Module newton._src.solvers.semi_implicit.kernels_body 483b8fe load on device 'cuda:0' took 1.18 ms  (cached)
Module newton._src.solvers.semi_implicit.kernels_contact d558900 load on device 'cuda:0' took 0.86 ms  (cached)
Module newton._src.solvers.solver 16aecb3 load on device 'cuda:0' took 0.40 ms  (cached)
Module bridge_deformable_common 87b0596 load on device 'cuda:0' took 0.21 ms  (cached)
  frame 25/187 phase=approach target_err=0.0000m min_clearance=0.0928m
  frame 50/187 phase=approach target_err=0.0000m min_clearance=0.0358m
  frame 75/187 phase=push target_err=0.0000m min_clearance=0.0115m
  frame 100/187 phase=push target_err=0.0000m min_clearance=0.0026m
  frame 125/187 phase=push target_err=0.0000m min_clearance=-0.0001m
  frame 150/187 phase=hold target_err=0.0000m min_clearance=0.0066m
  frame 175/187 phase=retract target_err=0.0000m min_clearance=0.0659m
  frame 187/187 phase=retract target_err=0.0000m min_clearance=0.0942m
  Simulation done: 187 frames in 79.5s
Module newton._src.viewer.gl.opengl 7724bb3 load on device 'cuda:0' took 0.31 ms  (cached)
Module newton._src.viewer.kernels 773c4cf load on device 'cuda:0' took 1.30 ms  (cached)
Module newton._src.geometry.raycast 23dd4e1 load on device 'cuda:0' took 1.71 ms  (cached)
Module newton._src.viewer.viewer_gl 2219863 load on device 'cuda:0' took 0.43 ms  (cached)
Module newton._src.utils.render 145677d load on device 'cuda:0' took 0.26 ms  (cached)
  rendered 30/186 frames
  rendered 60/186 frames
  rendered 90/186 frames
  rendered 120/186 frames
  rendered 150/186 frames
  rendered 180/186 frames
  Summary: /home/xinjie/Newton_Connection/Newton/phystwin_bridge/results/robot_rope_franka/candidates/20260403_002700_physradius0p5_c17/debug/work/robot_rope_tabletop_hero_debug_summary.json
{
  "ir_path": "/home/xinjie/Newton_Connection/Newton/phystwin_bridge/ir/rope_double_hand/phystwin_ir_v2_bf_strict.npz",
  "output_mp4": "/home/xinjie/Newton_Connection/Newton/phystwin_bridge/results/robot_rope_franka/candidates/20260403_002700_physradius0p5_c17/debug/work/robot_rope_tabletop_hero_debug.mp4",
  "frames": 187,
  "sim_dt": 5e-05,
  "substeps": 667,
  "frame_dt": 0.033350000000000005,
  "video_slowdown": 1.0,
  "task_duration_s": 6.2,
  "wall_time_sec": 79.49404616499669,
  "rope_total_mass": 3.0,
  "anchor_count": 4,
  "anchor_constraint_mode": "free_tabletop_rope",
  "anchor_mass_mode": "preserve",
  "task": "tabletop_push_hero",
  "render_mode": "debug",
  "camera_profile": "hero",
  "recommended_hero_camera": {
    "pos": [
      1.1366671323776245,
      -0.8425257205963135,
      0.8219413757324219
    ],
    "pitch": -22.0,
    "yaw": 148.0,
    "fov": 36.0,
    "target": [
      0.020126154646277428,
      -0.14483344554901123,
      0.2900000214576721
    ]
  },
  "recommended_validation_camera": {
    "pos": [
      1.4288767576217651,
      -0.7858306169509888,
      0.9464282989501953
    ],
    "pitch": -23.0,
    "yaw": 156.0,
    "fov": 38.0,
    "target": [
      0.016126153990626335,
      -0.1568334400653839,
      0.2900000214576721
    ]
  },
  "particle_contacts": false,
  "particle_contact_kernel": false,
  "robot_motion_mode": "ik",
  "replay_source": null,
  "history_storage_mode": "memmap",
  "history_storage_files": {
    "particle_q_all": "/home/xinjie/Newton_Connection/Newton/phystwin_bridge/results/robot_rope_franka/candidates/20260403_002700_physradius0p5_c17/debug/work/robot_rope_tabletop_hero_debug_particle_q_all.npy",
    "particle_q_object": "/home/xinjie/Newton_Connection/Newton/phystwin_bridge/results/robot_rope_franka/candidates/20260403_002700_physradius0p5_c17/debug/work/robot_rope_tabletop_hero_debug_particle_q_object.npy",
    "body_q": "/home/xinjie/Newton_Connection/Newton/phystwin_bridge/results/robot_rope_franka/candidates/20260403_002700_physradius0p5_c17/debug/work/robot_rope_tabletop_hero_debug_body_q.npy",
    "body_vel": "/home/xinjie/Newton_Connection/Newton/phystwin_bridge/results/robot_rope_franka/candidates/20260403_002700_physradius0p5_c17/debug/work/robot_rope_tabletop_hero_debug_body_vel.npy",
    "ee_target_pos": "/home/xinjie/Newton_Connection/Newton/phystwin_bridge/results/robot_rope_franka/candidates/20260403_002700_physradius0p5_c17/debug/work/robot_rope_tabletop_hero_debug_ee_target_pos.npy"
  },
  "apply_drag": true,
  "drag_ignore_gravity_axis": true,
  "gravity_mag_m_s2": 9.8,
  "pre_release_settle_damping_scale": 8.0,
  "robot_geometry": "native_franka",
  "ee_body_index": 6,
  "ik_target_blend": 0.2,
  "gripper_center_tracking_error_mean_m": 2.6396996872790623e-06,
  "gripper_center_tracking_error_max_m": 5.0786734391294885e-06,
  "gripper_center_tracking_error_pre_contact_mean_m": null,
  "gripper_center_tracking_error_during_contact_mean_m": 2.0947868506482337e-06,
  "gripper_center_tracking_error_release_mean_m": null,
  "gripper_center_speed_max_m_s": 0.10055076330900192,
  "gripper_center_speed_pre_contact_mean_m_s": null,
  "gripper_center_speed_during_contact_mean_m_s": 0.04227829352021217,
  "gripper_center_speed_release_mean_m_s": null,
  "gripper_center_path_length_m": 0.32899802923202515,
  "ground_z_m": 0.0,
  "table_top_z_m": 0.2,
  "rope_min_z_m": 0.21032492816448212,
  "rope_surface_clearance_min_m": 0.197323739528656,
  "rope_surface_clearance_to_table_min_m": -0.002676263451576233,
  "table_contact_active_frames": 187,
  "table_contact_duration_s": 6.2364500000000005,
  "table_contact_peak_frame": 112,
  "support_contact_active_frames": 57,
  "support_contact_duration_s": 1.9009500000000004,
  "support_first_contact_frame": 95,
  "support_last_contact_frame": 154,
  "support_contact_peak_frame": 109,
  "support_contact_proxy_mode": "actual_finger_boxes",
  "support_contact_proxy_counts": {
    "right_tip_box": 25,
    "left_tip_box": 32
  },
  "support_patch_indices": [
    0,
    3,
    1645,
    1752
  ],
  "support_patch_center_m": [
    -0.00045183487236499786,
    0.0005746865645051003,
    0.23205633461475372
  ],
  "visible_support_center_m": [
    -0.00045183487236499786,
    0.0005746865645051003,
    0.23205633461475372
  ],
  "contact_proxy_mode": "min(gripper_center,left_finger,right_finger,finger_span)",
  "contact_proxy_radius_m": 0.033,
  "contact_proxy_radii_m": {
    "gripper_center": 0.033,
    "left_finger": 0.033,
    "right_finger": 0.033,
    "finger_span": 0.033
  },
  "rope_com_displacement_m": 0.006386340595781803,
  "rope_com_z_min_m": 0.22286094725131989,
  "rope_mid_segment_peak_z_delta_m": 0.0003839731216430664,
  "rope_mid_segment_final_z_delta_m": -0.001223340630531311,
  "rope_mid_segment_peak_frame": 0,
  "contact_started": true,
  "first_contact_frame": 95,
  "first_contact_time_s": 3.1682500000000005,
  "first_ground_contact_frame": 95,
  "first_ground_contact_time_s": 3.1682500000000005,
  "last_contact_frame": 154,
  "last_contact_time_s": 5.1359,
  "first_contact_phase": "push",
  "contact_peak_frame": 122,
  "release_frame": null,
  "release_time_s": null,
  "t_release_s": null,
  "impact_speed_before_first_contact_m_s": 0.0007408133511064291,
  "early_fall_acceleration_estimate_m_s2": null,
  "early_fall_com_horizontal_velocity_m_s": null,
  "post_release_horizontal_kick_window_s": 0.08,
  "post_release_horizontal_kick_m_s": null,
  "contact_duration_s": 1.9009500000000004,
  "contact_active_frames": 57,
  "contact_phase_count": 57,
  "task_phase_sequence": [
    "settle",
    "approach",
    "push",
    "hold",
    "retract"
  ],
  "rope_com_horizontal_speed_mean_pre_release_m_s": null,
  "rope_particle_speed_mean_pre_release_m_s": null,
  "support_patch_speed_mean_pre_release_m_s": null,
  "pre_release_spring_energy_proxy": null,
  "post_release_spring_energy_proxy": null,
  "settle_window_seconds": 0.08,
  "settle_gate_pass": null,
  "settle_gate_frame": null,
  "settle_gate_metrics": {},
  "preroll_settle_pass": true,
  "preroll_settle_time_s": 0.7670500000000001,
  "preroll_settle_metrics": {
    "window_start_frame": 18,
    "window_end_frame": 23,
    "window_duration_s": 0.20010000000000003,
    "particle_speed_mean_max_m_s": 0.0110434889793396,
    "com_horizontal_speed_max_m_s": 0.0032977478113025427,
    "support_patch_speed_mean_max_m_s": 0.018764248117804527,
    "particle_speed_mean_threshold_m_s": 0.08,
    "com_horizontal_speed_threshold_m_s": 0.05,
    "support_patch_speed_threshold_m_s": 0.02
  },
  "preroll_frame_count": 24,
  "min_clearance_min_m": -0.0006332669290713966,
  "min_clearance_final_m": 0.09419418126344681,
  "gripper_center_clearance_min_m": 0.00410044938325882,
  "left_finger_clearance_min_m": -0.0001280084252357483,
  "right_finger_clearance_min_m": 0.01270044595003128,
  "finger_span_clearance_min_m": -0.0006332669290713966,
  "contact_proxy_counts": {
    "right_tip_box": 25,
    "left_tip_box": 32
  },
  "contact_peak_proxy": "left_tip_box",
  "proxy_contact_counts": {
    "finger_span": 57
  },
  "actual_finger_box_contact_started": true,
  "actual_finger_box_first_contact_frame": 95,
  "actual_finger_box_first_contact_time_s": 3.1682500000000005,
  "actual_finger_box_peak_source": "left_tip_box",
  "actual_finger_box_clearance_min_m": -0.00277522299438715,
  "actual_left_finger_box_clearance_min_m": -0.0009696921333670616,
  "actual_right_finger_box_clearance_min_m": -0.00277522299438715,
  "actual_left_tip_box_clearance_min_m": -0.0009696921333670616,
  "actual_right_tip_box_clearance_min_m": -0.00277522299438715,
  "drag_phase_gating": "always_on_quasi_static",
  "physics_validation_path": "/home/xinjie/Newton_Connection/Newton/phystwin_bridge/results/robot_rope_franka/candidates/20260403_002700_physradius0p5_c17/debug/physics_validation.json"
}
Warp 1.12.0.dev20260218 initialized:
   Git commit: 3d888595a61128dd17de0dbb9eb8d80391e81424
   CUDA Toolkit 12.9, Driver 13.0
   Devices:
     "cpu"      : "x86_64"
     "cuda:0"   : "NVIDIA GeForce RTX 4090" (23 GiB, sm_89, mempool enabled)
   Kernel cache:
     /home/xinjie/.cache/warp/1.12.0.dev20260218
Module newton._src.geometry.inertia 2bd8c78 load on device 'cuda:0' took 0.70 ms  (cached)
Module newton._src.utils.mesh bced167 load on device 'cpu' took 0.59 ms  (cached)
Module validate_and_correct_inertia_kernel_0c7bfa66 0c7bfa6 load on device 'cuda:0' took 0.29 ms  (cached)
Module newton._src.sim.articulation 2109b59 load on device 'cuda:0' took 2.54 ms  (cached)
Module newton._src.sim.collide 452004c load on device 'cuda:0' took 0.51 ms  (cached)
Module newton._src.geometry.broad_phase_nxn dcff895 load on device 'cuda:0' took 0.33 ms  (cached)
Module create_narrow_phase_primitive_kernel__locals__narrow_phase_primitive_kernel_ac59d7a0 640833f load on device 'cuda:0' took 0.49 ms  (cached)
Module create_narrow_phase_kernel_gjk_mpr__locals__narrow_phase_kernel_gjk_mpr_46eb548d 1d6e16f load on device 'cuda:0' took 0.88 ms  (cached)
Module newton._src.geometry.narrow_phase 0593107 load on device 'cuda:0' took 0.56 ms  (cached)
Module newton._src.geometry.contact_reduction_global 3a7a18f load on device 'cuda:0' took 0.33 ms  (cached)
Module newton._src.geometry.narrow_phase 931370b load on device 'cuda:0' took 0.55 ms  (cached)
Module create_narrow_phase_process_mesh_plane_contacts_kernel__locals__narrow_phase_process_mesh_plane_contacts_reduce_kernel_930923b3 4c09d6b load on device 'cuda:0' took 0.26 ms  (cached)
Module mesh_triangle_contacts_to_reducer_kernel_8060ca9c d5135d2 load on device 'cuda:0' took 1.07 ms  (cached)
Module newton._src.geometry.contact_reduction_global d2f9fc3 load on device 'cuda:0' took 0.30 ms  (cached)
Module newton._src.geometry.sdf_contact e671631 load on device 'cuda:0' took 0.19 ms  (cached)
Module create_narrow_phase_process_mesh_mesh_contacts_kernel__locals__mesh_sdf_collision_global_reduce_kernel_f46f3252 f46f325 load on device 'cuda:0' took 0.69 ms  (cached)
Module create_export_reduced_contacts_kernel__locals__export_reduced_contacts_kernel_ef09b9a0 6e4cf74 load on device 'cuda:0' took 0.26 ms  (cached)
Module newton._src.geometry.kernels 55ed1b0 load on device 'cuda:0' took 1.23 ms  (cached)
Module newton._src.solvers.semi_implicit.kernels_particle 0e0d871 load on device 'cuda:0' took 0.57 ms  (cached)
Module newton._src.solvers.semi_implicit.kernels_body 483b8fe load on device 'cuda:0' took 1.18 ms  (cached)
Module newton._src.solvers.semi_implicit.kernels_contact d558900 load on device 'cuda:0' took 0.81 ms  (cached)
Module newton._src.solvers.solver 16aecb3 load on device 'cuda:0' took 0.48 ms  (cached)
Module bridge_deformable_common 87b0596 load on device 'cuda:0' took 0.21 ms  (cached)
  frame 25/187 phase=approach target_err=0.0000m min_clearance=0.0922m
  frame 50/187 phase=approach target_err=0.0000m min_clearance=0.0347m
  frame 75/187 phase=push target_err=0.0000m min_clearance=0.0093m
  frame 100/187 phase=push target_err=0.0000m min_clearance=0.0009m
  frame 125/187 phase=push target_err=0.0000m min_clearance=0.0008m
  frame 150/187 phase=hold target_err=0.0000m min_clearance=0.0073m
  frame 175/187 phase=retract target_err=0.0000m min_clearance=0.0639m
  frame 187/187 phase=retract target_err=0.0000m min_clearance=0.0944m
  Simulation done: 187 frames in 79.6s
Module newton._src.viewer.gl.opengl 7724bb3 load on device 'cuda:0' took 0.35 ms  (cached)
Module newton._src.viewer.kernels 773c4cf load on device 'cuda:0' took 1.27 ms  (cached)
Module newton._src.geometry.raycast 23dd4e1 load on device 'cuda:0' took 1.88 ms  (cached)
Module newton._src.viewer.viewer_gl 2219863 load on device 'cuda:0' took 0.44 ms  (cached)
Module newton._src.utils.render 145677d load on device 'cuda:0' took 0.31 ms  (cached)
  rendered 30/186 frames
  rendered 60/186 frames
  rendered 90/186 frames
  rendered 120/186 frames
  rendered 150/186 frames
  rendered 180/186 frames
  Summary: /home/xinjie/Newton_Connection/Newton/phystwin_bridge/results/robot_rope_franka/candidates/20260403_002700_physradius0p5_c17/validation/work/robot_rope_tabletop_hero_validation_summary.json
{
  "ir_path": "/home/xinjie/Newton_Connection/Newton/phystwin_bridge/ir/rope_double_hand/phystwin_ir_v2_bf_strict.npz",
  "output_mp4": "/home/xinjie/Newton_Connection/Newton/phystwin_bridge/results/robot_rope_franka/candidates/20260403_002700_physradius0p5_c17/validation/work/robot_rope_tabletop_hero_validation.mp4",
  "frames": 187,
  "sim_dt": 5e-05,
  "substeps": 667,
  "frame_dt": 0.033350000000000005,
  "video_slowdown": 1.0,
  "task_duration_s": 6.2,
  "wall_time_sec": 79.57078221900156,
  "rope_total_mass": 3.0,
  "anchor_count": 4,
  "anchor_constraint_mode": "free_tabletop_rope",
  "anchor_mass_mode": "preserve",
  "task": "tabletop_push_hero",
  "render_mode": "presentation",
  "camera_profile": "validation",
  "recommended_hero_camera": {
    "pos": [
      1.1366671323776245,
      -0.8425257205963135,
      0.8219413757324219
    ],
    "pitch": -22.0,
    "yaw": 148.0,
    "fov": 36.0,
    "target": [
      0.020126154646277428,
      -0.14483344554901123,
      0.2900000214576721
    ]
  },
  "recommended_validation_camera": {
    "pos": [
      1.4288767576217651,
      -0.7858306169509888,
      0.9464282989501953
    ],
    "pitch": -23.0,
    "yaw": 156.0,
    "fov": 38.0,
    "target": [
      0.016126153990626335,
      -0.1568334400653839,
      0.2900000214576721
    ]
  },
  "particle_contacts": false,
  "particle_contact_kernel": false,
  "robot_motion_mode": "ik",
  "replay_source": null,
  "history_storage_mode": "memmap",
  "history_storage_files": {
    "particle_q_all": "/home/xinjie/Newton_Connection/Newton/phystwin_bridge/results/robot_rope_franka/candidates/20260403_002700_physradius0p5_c17/validation/work/robot_rope_tabletop_hero_validation_particle_q_all.npy",
    "particle_q_object": "/home/xinjie/Newton_Connection/Newton/phystwin_bridge/results/robot_rope_franka/candidates/20260403_002700_physradius0p5_c17/validation/work/robot_rope_tabletop_hero_validation_particle_q_object.npy",
    "body_q": "/home/xinjie/Newton_Connection/Newton/phystwin_bridge/results/robot_rope_franka/candidates/20260403_002700_physradius0p5_c17/validation/work/robot_rope_tabletop_hero_validation_body_q.npy",
    "body_vel": "/home/xinjie/Newton_Connection/Newton/phystwin_bridge/results/robot_rope_franka/candidates/20260403_002700_physradius0p5_c17/validation/work/robot_rope_tabletop_hero_validation_body_vel.npy",
    "ee_target_pos": "/home/xinjie/Newton_Connection/Newton/phystwin_bridge/results/robot_rope_franka/candidates/20260403_002700_physradius0p5_c17/validation/work/robot_rope_tabletop_hero_validation_ee_target_pos.npy"
  },
  "apply_drag": true,
  "drag_ignore_gravity_axis": true,
  "gravity_mag_m_s2": 9.8,
  "pre_release_settle_damping_scale": 8.0,
  "robot_geometry": "native_franka",
  "ee_body_index": 6,
  "ik_target_blend": 0.2,
  "gripper_center_tracking_error_mean_m": 2.6396996872790623e-06,
  "gripper_center_tracking_error_max_m": 5.0786734391294885e-06,
  "gripper_center_tracking_error_pre_contact_mean_m": null,
  "gripper_center_tracking_error_during_contact_mean_m": 1.8748095271803322e-06,
  "gripper_center_tracking_error_release_mean_m": null,
  "gripper_center_speed_max_m_s": 0.10055076330900192,
  "gripper_center_speed_pre_contact_mean_m_s": null,
  "gripper_center_speed_during_contact_mean_m_s": 0.03745916858315468,
  "gripper_center_speed_release_mean_m_s": null,
  "gripper_center_path_length_m": 0.32899802923202515,
  "ground_z_m": 0.0,
  "table_top_z_m": 0.2,
  "rope_min_z_m": 0.2109164148569107,
  "rope_surface_clearance_min_m": 0.1979152262210846,
  "rope_surface_clearance_to_table_min_m": -0.002084776759147644,
  "table_contact_active_frames": 187,
  "table_contact_duration_s": 6.2364500000000005,
  "table_contact_peak_frame": 138,
  "support_contact_active_frames": 42,
  "support_contact_duration_s": 1.4007000000000003,
  "support_first_contact_frame": 106,
  "support_last_contact_frame": 150,
  "support_contact_peak_frame": 112,
  "support_contact_proxy_mode": "actual_finger_boxes",
  "support_contact_proxy_counts": {
    "right_tip_box": 12,
    "left_tip_box": 30
  },
  "support_patch_indices": [
    0,
    3,
    1645,
    1752
  ],
  "support_patch_center_m": [
    -0.00045183487236499786,
    0.0005746865645051003,
    0.23205633461475372
  ],
  "visible_support_center_m": [
    -0.00045183487236499786,
    0.0005746865645051003,
    0.23205633461475372
  ],
  "contact_proxy_mode": "min(gripper_center,left_finger,right_finger,finger_span)",
  "contact_proxy_radius_m": 0.033,
  "contact_proxy_radii_m": {
    "gripper_center": 0.033,
    "left_finger": 0.033,
    "right_finger": 0.033,
    "finger_span": 0.033
  },
  "rope_com_displacement_m": 0.005930764134973288,
  "rope_com_z_min_m": 0.22384686768054962,
  "rope_mid_segment_peak_z_delta_m": 0.000128820538520813,
  "rope_mid_segment_final_z_delta_m": -0.0005795806646347046,
  "rope_mid_segment_peak_frame": 0,
  "contact_started": true,
  "first_contact_frame": 106,
  "first_contact_time_s": 3.5351000000000004,
  "first_ground_contact_frame": 106,
  "first_ground_contact_time_s": 3.5351000000000004,
  "last_contact_frame": 150,
  "last_contact_time_s": 5.0025,
  "first_contact_phase": "push",
  "contact_peak_frame": 113,
  "release_frame": null,
  "release_time_s": null,
  "t_release_s": null,
  "impact_speed_before_first_contact_m_s": 0.0001952565949538658,
  "early_fall_acceleration_estimate_m_s2": null,
  "early_fall_com_horizontal_velocity_m_s": null,
  "post_release_horizontal_kick_window_s": 0.08,
  "post_release_horizontal_kick_m_s": null,
  "contact_duration_s": 1.4007000000000003,
  "contact_active_frames": 42,
  "contact_phase_count": 42,
  "task_phase_sequence": [
    "settle",
    "approach",
    "push",
    "hold",
    "retract"
  ],
  "rope_com_horizontal_speed_mean_pre_release_m_s": null,
  "rope_particle_speed_mean_pre_release_m_s": null,
  "support_patch_speed_mean_pre_release_m_s": null,
  "pre_release_spring_energy_proxy": null,
  "post_release_spring_energy_proxy": null,
  "settle_window_seconds": 0.08,
  "settle_gate_pass": null,
  "settle_gate_frame": null,
  "settle_gate_metrics": {},
  "preroll_settle_pass": true,
  "preroll_settle_time_s": 0.7670500000000001,
  "preroll_settle_metrics": {
    "window_start_frame": 18,
    "window_end_frame": 23,
    "window_duration_s": 0.20010000000000003,
    "particle_speed_mean_max_m_s": 0.012225614860653877,
    "com_horizontal_speed_max_m_s": 0.006880338303744793,
    "support_patch_speed_mean_max_m_s": 0.019396308809518814,
    "particle_speed_mean_threshold_m_s": 0.08,
    "com_horizontal_speed_threshold_m_s": 0.05,
    "support_patch_speed_threshold_m_s": 0.02
  },
  "preroll_frame_count": 24,
  "min_clearance_min_m": -0.0024565395433455706,
  "min_clearance_final_m": 0.09442809969186783,
  "gripper_center_clearance_min_m": -0.0017627105116844177,
  "left_finger_clearance_min_m": 0.004490915685892105,
  "right_finger_clearance_min_m": 0.010022595524787903,
  "finger_span_clearance_min_m": -0.0024565395433455706,
  "contact_proxy_counts": {
    "right_tip_box": 12,
    "left_tip_box": 30
  },
  "contact_peak_proxy": "right_tip_box",
  "proxy_contact_counts": {
    "finger_span": 42
  },
  "actual_finger_box_contact_started": true,
  "actual_finger_box_first_contact_frame": 106,
  "actual_finger_box_first_contact_time_s": 3.5351000000000004,
  "actual_finger_box_peak_source": "right_tip_box",
  "actual_finger_box_clearance_min_m": -0.0021182866767048836,
  "actual_left_finger_box_clearance_min_m": -0.0010165730491280556,
  "actual_right_finger_box_clearance_min_m": -0.0021182866767048836,
  "actual_left_tip_box_clearance_min_m": -0.0010165730491280556,
  "actual_right_tip_box_clearance_min_m": -0.0021182866767048836,
  "drag_phase_gating": "always_on_quasi_static",
  "physics_validation_path": "/home/xinjie/Newton_Connection/Newton/phystwin_bridge/results/robot_rope_franka/candidates/20260403_002700_physradius0p5_c17/validation/physics_validation.json"
}
