[run_robot_rope_franka_tabletop_hero] run_dir=/home/xinjie/Newton_Connection/Newton/phystwin_bridge/results/robot_rope_franka/candidates/20260403_004718_true0p1_shallowcurve_bz008_by020_c18
[run_robot_rope_franka_tabletop_hero] presentation=python /home/xinjie/Newton_Connection/Newton/phystwin_bridge/demos/demo_robot_rope_franka.py --out-dir /home/xinjie/Newton_Connection/Newton/phystwin_bridge/results/robot_rope_franka/candidates/20260403_004718_true0p1_shallowcurve_bz008_by020_c18/presentation/work --prefix robot_rope_tabletop_hero --render-mode presentation --camera-profile hero --task tabletop_push_hero --sim-dt 5.0e-5 --substeps 667 --slowdown 1.0 --render-fps 30 --screen-width 1280 --screen-height 720 --viewer-headless --no-make-gif --anchor-count-per-end 2 --tabletop-control-mode joint_trajectory --ik-target-blend 0.20 --auto-set-weight 3.0 --tabletop-initial-pose tabletop_curve --tabletop-hero-hide-pedestal --tabletop-preroll-settle-seconds 2.0 --tabletop-preroll-damping-scale 6.0 --tabletop-settle-seconds 0.8 --tabletop-approach-seconds 1.4 --tabletop-push-seconds 2.4 --tabletop-hold-seconds 0.4 --tabletop-retract-seconds 1.2 --tabletop-rope-height 0.156 --tabletop-table-top-z 0.200 --tabletop-table-hx 0.42 --tabletop-table-hy 0.24 --tabletop-table-hz 0.020 --tabletop-robot-base-offset -0.56 -0.22 0.10 --tabletop-push-start-offset -0.09 -0.01 0.0 --tabletop-push-contact-offset -0.04 -0.03 0.0 --tabletop-push-end-offset 0.03 -0.04 0.0 --tabletop-retract-offset -0.02 -0.02 0.0 --tabletop-approach-clearance-z 0.10 --tabletop-contact-clearance-z 0.010 --tabletop-push-clearance-z 0.008 --tabletop-retract-clearance-z 0.05 --tabletop-ee-offset-z 0.22 --rope-line-width 0.024 --particle-radius-scale 0.1 --tabletop-initial-pose tabletop_shallow_curve --tabletop-preroll-settle-seconds 3.5 --tabletop-preroll-damping-scale 2.5 --tabletop-robot-base-offset -0.56 -0.20 0.08
[run_robot_rope_franka_tabletop_hero] debug=python /home/xinjie/Newton_Connection/Newton/phystwin_bridge/demos/demo_robot_rope_franka.py --out-dir /home/xinjie/Newton_Connection/Newton/phystwin_bridge/results/robot_rope_franka/candidates/20260403_004718_true0p1_shallowcurve_bz008_by020_c18/debug/work --prefix robot_rope_tabletop_hero_debug --render-mode debug --camera-profile hero --overlay-label --task tabletop_push_hero --sim-dt 5.0e-5 --substeps 667 --slowdown 1.0 --render-fps 30 --screen-width 1280 --screen-height 720 --viewer-headless --no-make-gif --anchor-count-per-end 2 --tabletop-control-mode joint_trajectory --ik-target-blend 0.20 --auto-set-weight 3.0 --tabletop-initial-pose tabletop_curve --tabletop-hero-hide-pedestal --tabletop-preroll-settle-seconds 2.0 --tabletop-preroll-damping-scale 6.0 --tabletop-settle-seconds 0.8 --tabletop-approach-seconds 1.4 --tabletop-push-seconds 2.4 --tabletop-hold-seconds 0.4 --tabletop-retract-seconds 1.2 --tabletop-rope-height 0.156 --tabletop-table-top-z 0.200 --tabletop-table-hx 0.42 --tabletop-table-hy 0.24 --tabletop-table-hz 0.020 --tabletop-robot-base-offset -0.56 -0.22 0.10 --tabletop-push-start-offset -0.09 -0.01 0.0 --tabletop-push-contact-offset -0.04 -0.03 0.0 --tabletop-push-end-offset 0.03 -0.04 0.0 --tabletop-retract-offset -0.02 -0.02 0.0 --tabletop-approach-clearance-z 0.10 --tabletop-contact-clearance-z 0.010 --tabletop-push-clearance-z 0.008 --tabletop-retract-clearance-z 0.05 --tabletop-ee-offset-z 0.22 --rope-line-width 0.024 --particle-radius-scale 0.1 --tabletop-initial-pose tabletop_shallow_curve --tabletop-preroll-settle-seconds 3.5 --tabletop-preroll-damping-scale 2.5 --tabletop-robot-base-offset -0.56 -0.20 0.08
[run_robot_rope_franka_tabletop_hero] validation=python /home/xinjie/Newton_Connection/Newton/phystwin_bridge/demos/demo_robot_rope_franka.py --out-dir /home/xinjie/Newton_Connection/Newton/phystwin_bridge/results/robot_rope_franka/candidates/20260403_004718_true0p1_shallowcurve_bz008_by020_c18/validation/work --prefix robot_rope_tabletop_hero_validation --render-mode presentation --camera-profile validation --task tabletop_push_hero --sim-dt 5.0e-5 --substeps 667 --slowdown 1.0 --render-fps 30 --screen-width 1280 --screen-height 720 --viewer-headless --no-make-gif --anchor-count-per-end 2 --tabletop-control-mode joint_trajectory --ik-target-blend 0.20 --auto-set-weight 3.0 --tabletop-initial-pose tabletop_curve --tabletop-hero-hide-pedestal --tabletop-preroll-settle-seconds 2.0 --tabletop-preroll-damping-scale 6.0 --tabletop-settle-seconds 0.8 --tabletop-approach-seconds 1.4 --tabletop-push-seconds 2.4 --tabletop-hold-seconds 0.4 --tabletop-retract-seconds 1.2 --tabletop-rope-height 0.156 --tabletop-table-top-z 0.200 --tabletop-table-hx 0.42 --tabletop-table-hy 0.24 --tabletop-table-hz 0.020 --tabletop-robot-base-offset -0.56 -0.22 0.10 --tabletop-push-start-offset -0.09 -0.01 0.0 --tabletop-push-contact-offset -0.04 -0.03 0.0 --tabletop-push-end-offset 0.03 -0.04 0.0 --tabletop-retract-offset -0.02 -0.02 0.0 --tabletop-approach-clearance-z 0.10 --tabletop-contact-clearance-z 0.010 --tabletop-push-clearance-z 0.008 --tabletop-retract-clearance-z 0.05 --tabletop-ee-offset-z 0.22 --rope-line-width 0.024 --particle-radius-scale 0.1 --tabletop-initial-pose tabletop_shallow_curve --tabletop-preroll-settle-seconds 3.5 --tabletop-preroll-damping-scale 2.5 --tabletop-robot-base-offset -0.56 -0.20 0.08
Warp 1.12.0.dev20260218 initialized:
   Git commit: 3d888595a61128dd17de0dbb9eb8d80391e81424
   CUDA Toolkit 12.9, Driver 13.0
   Devices:
     "cpu"      : "x86_64"
     "cuda:0"   : "NVIDIA GeForce RTX 4090" (23 GiB, sm_89, mempool enabled)
   Kernel cache:
     /home/xinjie/.cache/warp/1.12.0.dev20260218
Module newton._src.geometry.inertia 2bd8c78 load on device 'cuda:0' took 0.70 ms  (cached)
Module newton._src.utils.mesh bced167 load on device 'cpu' took 0.61 ms  (cached)
Module validate_and_correct_inertia_kernel_0c7bfa66 0c7bfa6 load on device 'cuda:0' took 0.29 ms  (cached)
Module newton._src.sim.articulation 2109b59 load on device 'cuda:0' took 2.53 ms  (cached)
Module newton._src.sim.collide 452004c load on device 'cuda:0' took 0.51 ms  (cached)
Module newton._src.geometry.broad_phase_nxn dcff895 load on device 'cuda:0' took 0.31 ms  (cached)
Module create_narrow_phase_primitive_kernel__locals__narrow_phase_primitive_kernel_ac59d7a0 640833f load on device 'cuda:0' took 0.51 ms  (cached)
Module create_narrow_phase_kernel_gjk_mpr__locals__narrow_phase_kernel_gjk_mpr_46eb548d 1d6e16f load on device 'cuda:0' took 0.89 ms  (cached)
Module newton._src.geometry.narrow_phase 0593107 load on device 'cuda:0' took 4.95 ms  (cached)
Module newton._src.geometry.contact_reduction_global 3a7a18f load on device 'cuda:0' took 0.39 ms  (cached)
Module newton._src.geometry.narrow_phase 931370b load on device 'cuda:0' took 0.54 ms  (cached)
Module create_narrow_phase_process_mesh_plane_contacts_kernel__locals__narrow_phase_process_mesh_plane_contacts_reduce_kernel_930923b3 4c09d6b load on device 'cuda:0' took 0.26 ms  (cached)
Module mesh_triangle_contacts_to_reducer_kernel_8060ca9c d5135d2 load on device 'cuda:0' took 1.18 ms  (cached)
Module newton._src.geometry.contact_reduction_global d2f9fc3 load on device 'cuda:0' took 0.37 ms  (cached)
Module newton._src.geometry.sdf_contact e671631 load on device 'cuda:0' took 0.28 ms  (cached)
Module create_narrow_phase_process_mesh_mesh_contacts_kernel__locals__mesh_sdf_collision_global_reduce_kernel_f46f3252 f46f325 load on device 'cuda:0' took 0.72 ms  (cached)
Module create_export_reduced_contacts_kernel__locals__export_reduced_contacts_kernel_ef09b9a0 6e4cf74 load on device 'cuda:0' took 0.24 ms  (cached)
Module newton._src.geometry.kernels 55ed1b0 load on device 'cuda:0' took 1.23 ms  (cached)
Module newton._src.solvers.semi_implicit.kernels_particle 0e0d871 load on device 'cuda:0' took 0.60 ms  (cached)
Module newton._src.solvers.semi_implicit.kernels_body 483b8fe load on device 'cuda:0' took 1.13 ms  (cached)
Module newton._src.solvers.semi_implicit.kernels_contact d558900 load on device 'cuda:0' took 0.85 ms  (cached)
Module newton._src.solvers.solver 16aecb3 load on device 'cuda:0' took 0.40 ms  (cached)
Module bridge_deformable_common 87b0596 load on device 'cuda:0' took 0.21 ms  (cached)
  frame 25/187 phase=approach target_err=0.0000m min_clearance=0.0889m
  frame 50/187 phase=approach target_err=0.0000m min_clearance=0.0369m
  frame 75/187 phase=push target_err=0.0000m min_clearance=0.0076m
  frame 100/187 phase=push target_err=0.0000m min_clearance=-0.0120m
  frame 125/187 phase=push target_err=0.0000m min_clearance=-0.0080m
  frame 150/187 phase=hold target_err=0.0000m min_clearance=-0.0133m
  frame 175/187 phase=retract target_err=0.0000m min_clearance=0.0595m
  frame 187/187 phase=retract target_err=0.0000m min_clearance=0.0899m
  Simulation done: 187 frames in 81.0s
Module newton._src.viewer.gl.opengl 7724bb3 load on device 'cuda:0' took 0.36 ms  (cached)
Module newton._src.viewer.kernels 773c4cf load on device 'cuda:0' took 2.19 ms  (cached)
Module newton._src.geometry.raycast 23dd4e1 load on device 'cuda:0' took 3.17 ms  (cached)
Module newton._src.viewer.viewer_gl 2219863 load on device 'cuda:0' took 0.69 ms  (cached)
Module newton._src.utils.render 145677d load on device 'cuda:0' took 0.26 ms  (cached)
  rendered 30/186 frames
  rendered 60/186 frames
  rendered 90/186 frames
  rendered 120/186 frames
  rendered 150/186 frames
  rendered 180/186 frames
  Summary: /home/xinjie/Newton_Connection/Newton/phystwin_bridge/results/robot_rope_franka/candidates/20260403_004718_true0p1_shallowcurve_bz008_by020_c18/presentation/work/robot_rope_tabletop_hero_summary.json
{
  "ir_path": "/home/xinjie/Newton_Connection/Newton/phystwin_bridge/ir/rope_double_hand/phystwin_ir_v2_bf_strict.npz",
  "output_mp4": "/home/xinjie/Newton_Connection/Newton/phystwin_bridge/results/robot_rope_franka/candidates/20260403_004718_true0p1_shallowcurve_bz008_by020_c18/presentation/work/robot_rope_tabletop_hero.mp4",
  "frames": 187,
  "sim_dt": 5e-05,
  "substeps": 667,
  "frame_dt": 0.033350000000000005,
  "video_slowdown": 1.0,
  "task_duration_s": 6.2,
  "wall_time_sec": 81.01840012399771,
  "rope_total_mass": 3.0,
  "anchor_count": 4,
  "anchor_constraint_mode": "free_tabletop_rope",
  "anchor_mass_mode": "preserve",
  "task": "tabletop_push_hero",
  "render_mode": "presentation",
  "camera_profile": "hero",
  "recommended_hero_camera": {
    "pos": [
      1.1366671323776245,
      -0.842525839805603,
      0.8219413757324219
    ],
    "pitch": -22.0,
    "yaw": 148.0,
    "fov": 36.0,
    "target": [
      0.020126154646277428,
      -0.1448335349559784,
      0.2900000214576721
    ]
  },
  "recommended_validation_camera": {
    "pos": [
      1.4288767576217651,
      -0.7858306765556335,
      0.9464282989501953
    ],
    "pitch": -23.0,
    "yaw": 156.0,
    "fov": 38.0,
    "target": [
      0.016126153990626335,
      -0.15683352947235107,
      0.2900000214576721
    ]
  },
  "particle_contacts": false,
  "particle_contact_kernel": false,
  "robot_motion_mode": "ik",
  "replay_source": null,
  "history_storage_mode": "memmap",
  "history_storage_files": {
    "particle_q_all": "/home/xinjie/Newton_Connection/Newton/phystwin_bridge/results/robot_rope_franka/candidates/20260403_004718_true0p1_shallowcurve_bz008_by020_c18/presentation/work/robot_rope_tabletop_hero_particle_q_all.npy",
    "particle_q_object": "/home/xinjie/Newton_Connection/Newton/phystwin_bridge/results/robot_rope_franka/candidates/20260403_004718_true0p1_shallowcurve_bz008_by020_c18/presentation/work/robot_rope_tabletop_hero_particle_q_object.npy",
    "body_q": "/home/xinjie/Newton_Connection/Newton/phystwin_bridge/results/robot_rope_franka/candidates/20260403_004718_true0p1_shallowcurve_bz008_by020_c18/presentation/work/robot_rope_tabletop_hero_body_q.npy",
    "body_vel": "/home/xinjie/Newton_Connection/Newton/phystwin_bridge/results/robot_rope_franka/candidates/20260403_004718_true0p1_shallowcurve_bz008_by020_c18/presentation/work/robot_rope_tabletop_hero_body_vel.npy",
    "ee_target_pos": "/home/xinjie/Newton_Connection/Newton/phystwin_bridge/results/robot_rope_franka/candidates/20260403_004718_true0p1_shallowcurve_bz008_by020_c18/presentation/work/robot_rope_tabletop_hero_ee_target_pos.npy"
  },
  "apply_drag": true,
  "drag_ignore_gravity_axis": true,
  "gravity_mag_m_s2": 9.8,
  "pre_release_settle_damping_scale": 8.0,
  "robot_geometry": "native_franka",
  "ee_body_index": 6,
  "ik_target_blend": 0.2,
  "gripper_center_tracking_error_mean_m": 2.639594868014683e-06,
  "gripper_center_tracking_error_max_m": 5.089772002975224e-06,
  "gripper_center_tracking_error_pre_contact_mean_m": null,
  "gripper_center_tracking_error_during_contact_mean_m": 2.0442193999770097e-06,
  "gripper_center_tracking_error_release_mean_m": null,
  "gripper_center_speed_max_m_s": 0.10055076330900192,
  "gripper_center_speed_pre_contact_mean_m_s": null,
  "gripper_center_speed_during_contact_mean_m_s": 0.041017115116119385,
  "gripper_center_speed_release_mean_m_s": null,
  "gripper_center_path_length_m": 0.3289980888366699,
  "ground_z_m": 0.0,
  "table_top_z_m": 0.2,
  "rope_min_z_m": 0.1997225433588028,
  "rope_surface_clearance_min_m": 0.19712230563163757,
  "rope_surface_clearance_to_table_min_m": -0.0028776973485946655,
  "table_contact_active_frames": 187,
  "table_contact_duration_s": 6.2364500000000005,
  "table_contact_peak_frame": 133,
  "support_contact_active_frames": 55,
  "support_contact_duration_s": 1.8342500000000002,
  "support_first_contact_frame": 98,
  "support_last_contact_frame": 153,
  "support_contact_peak_frame": 129,
  "support_contact_proxy_mode": "actual_finger_boxes",
  "support_contact_proxy_counts": {
    "right_box_0": 5,
    "right_box_2": 21,
    "right_tip_box": 29
  },
  "support_patch_indices": [
    0,
    9,
    207,
    1752
  ],
  "support_patch_center_m": [
    0.0004427209496498108,
    -0.022535452619194984,
    0.20672878623008728
  ],
  "visible_support_center_m": [
    0.0004427209496498108,
    -0.022535452619194984,
    0.20672878623008728
  ],
  "contact_proxy_mode": "min(gripper_center,left_finger,right_finger,finger_span)",
  "contact_proxy_radius_m": 0.033,
  "contact_proxy_radii_m": {
    "gripper_center": 0.033,
    "left_finger": 0.033,
    "right_finger": 0.033,
    "finger_span": 0.033
  },
  "rope_com_displacement_m": 0.04263969510793686,
  "rope_com_z_min_m": 0.21370929479599,
  "rope_mid_segment_peak_z_delta_m": 0.00010347366333007812,
  "rope_mid_segment_final_z_delta_m": -0.00035113096237182617,
  "rope_mid_segment_peak_frame": 0,
  "contact_started": true,
  "first_contact_frame": 98,
  "first_contact_time_s": 3.2683000000000004,
  "first_ground_contact_frame": 98,
  "first_ground_contact_time_s": 3.2683000000000004,
  "last_contact_frame": 153,
  "last_contact_time_s": 5.102550000000001,
  "first_contact_phase": "push",
  "contact_peak_frame": 144,
  "release_frame": null,
  "release_time_s": null,
  "t_release_s": null,
  "impact_speed_before_first_contact_m_s": 3.3957668687628835e-05,
  "early_fall_acceleration_estimate_m_s2": null,
  "early_fall_com_horizontal_velocity_m_s": null,
  "post_release_horizontal_kick_window_s": 0.08,
  "post_release_horizontal_kick_m_s": null,
  "contact_duration_s": 1.8342500000000002,
  "contact_active_frames": 55,
  "contact_phase_count": 55,
  "task_phase_sequence": [
    "settle",
    "approach",
    "push",
    "hold",
    "retract"
  ],
  "rope_com_horizontal_speed_mean_pre_release_m_s": null,
  "rope_particle_speed_mean_pre_release_m_s": null,
  "support_patch_speed_mean_pre_release_m_s": null,
  "pre_release_spring_energy_proxy": null,
  "post_release_spring_energy_proxy": null,
  "settle_window_seconds": 0.08,
  "settle_gate_pass": null,
  "settle_gate_frame": null,
  "settle_gate_metrics": {},
  "preroll_settle_pass": true,
  "preroll_settle_time_s": 1.1005500000000001,
  "preroll_settle_metrics": {
    "window_start_frame": 28,
    "window_end_frame": 33,
    "window_duration_s": 0.20010000000000003,
    "particle_speed_mean_max_m_s": 0.006787371356040239,
    "com_horizontal_speed_max_m_s": 0.005361563991755247,
    "support_patch_speed_mean_max_m_s": 0.019755447283387184,
    "particle_speed_mean_threshold_m_s": 0.08,
    "com_horizontal_speed_threshold_m_s": 0.05,
    "support_patch_speed_threshold_m_s": 0.02
  },
  "preroll_frame_count": 34,
  "min_clearance_min_m": -0.013444419950246811,
  "min_clearance_final_m": 0.08986929804086685,
  "gripper_center_clearance_min_m": -0.008482696488499641,
  "left_finger_clearance_min_m": 0.013541735708713531,
  "right_finger_clearance_min_m": -0.013444419950246811,
  "finger_span_clearance_min_m": -0.013444419950246811,
  "contact_proxy_counts": {
    "right_box_0": 5,
    "right_box_2": 21,
    "right_tip_box": 29
  },
  "contact_peak_proxy": "right_tip_box",
  "proxy_contact_counts": {
    "finger_span": 55
  },
  "actual_finger_box_contact_started": true,
  "actual_finger_box_first_contact_frame": 98,
  "actual_finger_box_first_contact_time_s": 3.2683000000000004,
  "actual_finger_box_peak_source": "right_tip_box",
  "actual_finger_box_clearance_min_m": -0.003355026477947831,
  "actual_left_finger_box_clearance_min_m": 0.02531885728240013,
  "actual_right_finger_box_clearance_min_m": -0.003355026477947831,
  "actual_left_tip_box_clearance_min_m": 0.02531885728240013,
  "actual_right_tip_box_clearance_min_m": -0.003355026477947831,
  "drag_phase_gating": "always_on_quasi_static",
  "physics_validation_path": "/home/xinjie/Newton_Connection/Newton/phystwin_bridge/results/robot_rope_franka/candidates/20260403_004718_true0p1_shallowcurve_bz008_by020_c18/presentation/physics_validation.json"
}
Warp 1.12.0.dev20260218 initialized:
   Git commit: 3d888595a61128dd17de0dbb9eb8d80391e81424
   CUDA Toolkit 12.9, Driver 13.0
   Devices:
     "cpu"      : "x86_64"
     "cuda:0"   : "NVIDIA GeForce RTX 4090" (23 GiB, sm_89, mempool enabled)
   Kernel cache:
     /home/xinjie/.cache/warp/1.12.0.dev20260218
Module newton._src.geometry.inertia 2bd8c78 load on device 'cuda:0' took 0.70 ms  (cached)
Module newton._src.utils.mesh bced167 load on device 'cpu' took 0.60 ms  (cached)
Module validate_and_correct_inertia_kernel_0c7bfa66 0c7bfa6 load on device 'cuda:0' took 0.30 ms  (cached)
Module newton._src.sim.articulation 2109b59 load on device 'cuda:0' took 2.62 ms  (cached)
Module newton._src.sim.collide 452004c load on device 'cuda:0' took 0.50 ms  (cached)
Module newton._src.geometry.broad_phase_nxn dcff895 load on device 'cuda:0' took 0.31 ms  (cached)
Module create_narrow_phase_primitive_kernel__locals__narrow_phase_primitive_kernel_ac59d7a0 640833f load on device 'cuda:0' took 0.56 ms  (cached)
Module create_narrow_phase_kernel_gjk_mpr__locals__narrow_phase_kernel_gjk_mpr_46eb548d 1d6e16f load on device 'cuda:0' took 0.89 ms  (cached)
Module newton._src.geometry.narrow_phase 0593107 load on device 'cuda:0' took 5.03 ms  (cached)
Module newton._src.geometry.contact_reduction_global 3a7a18f load on device 'cuda:0' took 0.35 ms  (cached)
Module newton._src.geometry.narrow_phase 931370b load on device 'cuda:0' took 0.55 ms  (cached)
Module create_narrow_phase_process_mesh_plane_contacts_kernel__locals__narrow_phase_process_mesh_plane_contacts_reduce_kernel_930923b3 4c09d6b load on device 'cuda:0' took 0.26 ms  (cached)
Module mesh_triangle_contacts_to_reducer_kernel_8060ca9c d5135d2 load on device 'cuda:0' took 1.25 ms  (cached)
Module newton._src.geometry.contact_reduction_global d2f9fc3 load on device 'cuda:0' took 0.33 ms  (cached)
Module newton._src.geometry.sdf_contact e671631 load on device 'cuda:0' took 0.19 ms  (cached)
Module create_narrow_phase_process_mesh_mesh_contacts_kernel__locals__mesh_sdf_collision_global_reduce_kernel_f46f3252 f46f325 load on device 'cuda:0' took 0.72 ms  (cached)
Module create_export_reduced_contacts_kernel__locals__export_reduced_contacts_kernel_ef09b9a0 6e4cf74 load on device 'cuda:0' took 0.26 ms  (cached)
Module newton._src.geometry.kernels 55ed1b0 load on device 'cuda:0' took 1.29 ms  (cached)
Module newton._src.solvers.semi_implicit.kernels_particle 0e0d871 load on device 'cuda:0' took 0.61 ms  (cached)
Module newton._src.solvers.semi_implicit.kernels_body 483b8fe load on device 'cuda:0' took 1.44 ms  (cached)
Module newton._src.solvers.semi_implicit.kernels_contact d558900 load on device 'cuda:0' took 0.90 ms  (cached)
Module newton._src.solvers.solver 16aecb3 load on device 'cuda:0' took 0.45 ms  (cached)
Module bridge_deformable_common 87b0596 load on device 'cuda:0' took 0.39 ms  (cached)
  frame 25/187 phase=approach target_err=0.0000m min_clearance=0.0824m
  frame 50/187 phase=approach target_err=0.0000m min_clearance=0.0302m
  frame 75/187 phase=push target_err=0.0000m min_clearance=-0.0054m
  frame 100/187 phase=push target_err=0.0000m min_clearance=-0.0135m
  frame 125/187 phase=push target_err=0.0000m min_clearance=-0.0159m
  frame 150/187 phase=hold target_err=0.0000m min_clearance=-0.0088m
  frame 175/187 phase=retract target_err=0.0000m min_clearance=0.0490m
  frame 187/187 phase=retract target_err=0.0000m min_clearance=0.0765m
  Simulation done: 187 frames in 79.1s
Module newton._src.viewer.gl.opengl 7724bb3 load on device 'cuda:0' took 0.32 ms  (cached)
Module newton._src.viewer.kernels 773c4cf load on device 'cuda:0' took 0.99 ms  (cached)
Module newton._src.geometry.raycast 23dd4e1 load on device 'cuda:0' took 1.86 ms  (cached)
Module newton._src.viewer.viewer_gl 2219863 load on device 'cuda:0' took 0.82 ms  (cached)
Module newton._src.utils.render 145677d load on device 'cuda:0' took 0.59 ms  (cached)
  rendered 30/186 frames
  rendered 60/186 frames
  rendered 90/186 frames
  rendered 120/186 frames
  rendered 150/186 frames
  rendered 180/186 frames
  Summary: /home/xinjie/Newton_Connection/Newton/phystwin_bridge/results/robot_rope_franka/candidates/20260403_004718_true0p1_shallowcurve_bz008_by020_c18/debug/work/robot_rope_tabletop_hero_debug_summary.json
{
  "ir_path": "/home/xinjie/Newton_Connection/Newton/phystwin_bridge/ir/rope_double_hand/phystwin_ir_v2_bf_strict.npz",
  "output_mp4": "/home/xinjie/Newton_Connection/Newton/phystwin_bridge/results/robot_rope_franka/candidates/20260403_004718_true0p1_shallowcurve_bz008_by020_c18/debug/work/robot_rope_tabletop_hero_debug.mp4",
  "frames": 187,
  "sim_dt": 5e-05,
  "substeps": 667,
  "frame_dt": 0.033350000000000005,
  "video_slowdown": 1.0,
  "task_duration_s": 6.2,
  "wall_time_sec": 79.06021771600354,
  "rope_total_mass": 3.0,
  "anchor_count": 4,
  "anchor_constraint_mode": "free_tabletop_rope",
  "anchor_mass_mode": "preserve",
  "task": "tabletop_push_hero",
  "render_mode": "debug",
  "camera_profile": "hero",
  "recommended_hero_camera": {
    "pos": [
      1.1366671323776245,
      -0.842525839805603,
      0.8219413757324219
    ],
    "pitch": -22.0,
    "yaw": 148.0,
    "fov": 36.0,
    "target": [
      0.020126154646277428,
      -0.1448335349559784,
      0.2900000214576721
    ]
  },
  "recommended_validation_camera": {
    "pos": [
      1.4288767576217651,
      -0.7858306765556335,
      0.9464282989501953
    ],
    "pitch": -23.0,
    "yaw": 156.0,
    "fov": 38.0,
    "target": [
      0.016126153990626335,
      -0.15683352947235107,
      0.2900000214576721
    ]
  },
  "particle_contacts": false,
  "particle_contact_kernel": false,
  "robot_motion_mode": "ik",
  "replay_source": null,
  "history_storage_mode": "memmap",
  "history_storage_files": {
    "particle_q_all": "/home/xinjie/Newton_Connection/Newton/phystwin_bridge/results/robot_rope_franka/candidates/20260403_004718_true0p1_shallowcurve_bz008_by020_c18/debug/work/robot_rope_tabletop_hero_debug_particle_q_all.npy",
    "particle_q_object": "/home/xinjie/Newton_Connection/Newton/phystwin_bridge/results/robot_rope_franka/candidates/20260403_004718_true0p1_shallowcurve_bz008_by020_c18/debug/work/robot_rope_tabletop_hero_debug_particle_q_object.npy",
    "body_q": "/home/xinjie/Newton_Connection/Newton/phystwin_bridge/results/robot_rope_franka/candidates/20260403_004718_true0p1_shallowcurve_bz008_by020_c18/debug/work/robot_rope_tabletop_hero_debug_body_q.npy",
    "body_vel": "/home/xinjie/Newton_Connection/Newton/phystwin_bridge/results/robot_rope_franka/candidates/20260403_004718_true0p1_shallowcurve_bz008_by020_c18/debug/work/robot_rope_tabletop_hero_debug_body_vel.npy",
    "ee_target_pos": "/home/xinjie/Newton_Connection/Newton/phystwin_bridge/results/robot_rope_franka/candidates/20260403_004718_true0p1_shallowcurve_bz008_by020_c18/debug/work/robot_rope_tabletop_hero_debug_ee_target_pos.npy"
  },
  "apply_drag": true,
  "drag_ignore_gravity_axis": true,
  "gravity_mag_m_s2": 9.8,
  "pre_release_settle_damping_scale": 8.0,
  "robot_geometry": "native_franka",
  "ee_body_index": 6,
  "ik_target_blend": 0.2,
  "gripper_center_tracking_error_mean_m": 2.639594868014683e-06,
  "gripper_center_tracking_error_max_m": 5.089772002975224e-06,
  "gripper_center_tracking_error_pre_contact_mean_m": null,
  "gripper_center_tracking_error_during_contact_mean_m": 1.9821450223389547e-06,
  "gripper_center_tracking_error_release_mean_m": null,
  "gripper_center_speed_max_m_s": 0.10055076330900192,
  "gripper_center_speed_pre_contact_mean_m_s": null,
  "gripper_center_speed_during_contact_mean_m_s": 0.03957464173436165,
  "gripper_center_speed_release_mean_m_s": null,
  "gripper_center_path_length_m": 0.3289980888366699,
  "ground_z_m": 0.0,
  "table_top_z_m": 0.2,
  "rope_min_z_m": 0.19949422776699066,
  "rope_surface_clearance_min_m": 0.19689399003982544,
  "rope_surface_clearance_to_table_min_m": -0.0031060129404067993,
  "table_contact_active_frames": 187,
  "table_contact_duration_s": 6.2364500000000005,
  "table_contact_peak_frame": 139,
  "support_contact_active_frames": 41,
  "support_contact_duration_s": 1.3673500000000003,
  "support_first_contact_frame": 112,
  "support_last_contact_frame": 152,
  "support_contact_peak_frame": 136,
  "support_contact_proxy_mode": "actual_finger_boxes",
  "support_contact_proxy_counts": {
    "right_tip_box": 41
  },
  "support_patch_indices": [
    0,
    9,
    207,
    1752
  ],
  "support_patch_center_m": [
    0.0004427209496498108,
    -0.022535452619194984,
    0.20672878623008728
  ],
  "visible_support_center_m": [
    0.0004427209496498108,
    -0.022535452619194984,
    0.20672878623008728
  ],
  "contact_proxy_mode": "min(gripper_center,left_finger,right_finger,finger_span)",
  "contact_proxy_radius_m": 0.033,
  "contact_proxy_radii_m": {
    "gripper_center": 0.033,
    "left_finger": 0.033,
    "right_finger": 0.033,
    "finger_span": 0.033
  },
  "rope_com_displacement_m": 0.026623304933309555,
  "rope_com_z_min_m": 0.21301966905593872,
  "rope_mid_segment_peak_z_delta_m": 0.001892775297164917,
  "rope_mid_segment_final_z_delta_m": 0.0015588551759719849,
  "rope_mid_segment_peak_frame": 159,
  "contact_started": true,
  "first_contact_frame": 112,
  "first_contact_time_s": 3.7352000000000007,
  "first_ground_contact_frame": 112,
  "first_ground_contact_time_s": 3.7352000000000007,
  "last_contact_frame": 152,
  "last_contact_time_s": 5.0692,
  "first_contact_phase": "push",
  "contact_peak_frame": 121,
  "release_frame": null,
  "release_time_s": null,
  "t_release_s": null,
  "impact_speed_before_first_contact_m_s": 0.0,
  "early_fall_acceleration_estimate_m_s2": null,
  "early_fall_com_horizontal_velocity_m_s": null,
  "post_release_horizontal_kick_window_s": 0.08,
  "post_release_horizontal_kick_m_s": null,
  "contact_duration_s": 1.3673500000000003,
  "contact_active_frames": 41,
  "contact_phase_count": 41,
  "task_phase_sequence": [
    "settle",
    "approach",
    "push",
    "hold",
    "retract"
  ],
  "rope_com_horizontal_speed_mean_pre_release_m_s": null,
  "rope_particle_speed_mean_pre_release_m_s": null,
  "support_patch_speed_mean_pre_release_m_s": null,
  "pre_release_spring_energy_proxy": null,
  "post_release_spring_energy_proxy": null,
  "settle_window_seconds": 0.08,
  "settle_gate_pass": null,
  "settle_gate_frame": null,
  "settle_gate_metrics": {},
  "preroll_settle_pass": true,
  "preroll_settle_time_s": 0.7670500000000001,
  "preroll_settle_metrics": {
    "window_start_frame": 18,
    "window_end_frame": 23,
    "window_duration_s": 0.20010000000000003,
    "particle_speed_mean_max_m_s": 0.014870524406433105,
    "com_horizontal_speed_max_m_s": 0.008813089691102505,
    "support_patch_speed_mean_max_m_s": 0.016274793073534966,
    "particle_speed_mean_threshold_m_s": 0.08,
    "com_horizontal_speed_threshold_m_s": 0.05,
    "support_patch_speed_threshold_m_s": 0.02
  },
  "preroll_frame_count": 24,
  "min_clearance_min_m": -0.01731773279607296,
  "min_clearance_final_m": 0.07651951909065247,
  "gripper_center_clearance_min_m": -0.016647983342409134,
  "left_finger_clearance_min_m": -0.002898652106523514,
  "right_finger_clearance_min_m": -0.0033899731934070587,
  "finger_span_clearance_min_m": -0.01731773279607296,
  "contact_proxy_counts": {
    "right_tip_box": 41
  },
  "contact_peak_proxy": "right_tip_box",
  "proxy_contact_counts": {
    "finger_span": 41
  },
  "actual_finger_box_contact_started": true,
  "actual_finger_box_first_contact_frame": 112,
  "actual_finger_box_first_contact_time_s": 3.7352000000000007,
  "actual_finger_box_peak_source": "right_tip_box",
  "actual_finger_box_clearance_min_m": -0.004155912436544895,
  "actual_left_finger_box_clearance_min_m": 0.011117509566247463,
  "actual_right_finger_box_clearance_min_m": -0.004155912436544895,
  "actual_left_tip_box_clearance_min_m": 0.011117509566247463,
  "actual_right_tip_box_clearance_min_m": -0.004155912436544895,
  "drag_phase_gating": "always_on_quasi_static",
  "physics_validation_path": "/home/xinjie/Newton_Connection/Newton/phystwin_bridge/results/robot_rope_franka/candidates/20260403_004718_true0p1_shallowcurve_bz008_by020_c18/debug/physics_validation.json"
}
Warp 1.12.0.dev20260218 initialized:
   Git commit: 3d888595a61128dd17de0dbb9eb8d80391e81424
   CUDA Toolkit 12.9, Driver 13.0
   Devices:
     "cpu"      : "x86_64"
     "cuda:0"   : "NVIDIA GeForce RTX 4090" (23 GiB, sm_89, mempool enabled)
   Kernel cache:
     /home/xinjie/.cache/warp/1.12.0.dev20260218
Module newton._src.geometry.inertia 2bd8c78 load on device 'cuda:0' took 0.72 ms  (cached)
Module newton._src.utils.mesh bced167 load on device 'cpu' took 0.61 ms  (cached)
Module validate_and_correct_inertia_kernel_0c7bfa66 0c7bfa6 load on device 'cuda:0' took 0.30 ms  (cached)
Module newton._src.sim.articulation 2109b59 load on device 'cuda:0' took 3.25 ms  (cached)
Module newton._src.sim.collide 452004c load on device 'cuda:0' took 0.52 ms  (cached)
Module newton._src.geometry.broad_phase_nxn dcff895 load on device 'cuda:0' took 0.33 ms  (cached)
Module create_narrow_phase_primitive_kernel__locals__narrow_phase_primitive_kernel_ac59d7a0 640833f load on device 'cuda:0' took 0.52 ms  (cached)
Module create_narrow_phase_kernel_gjk_mpr__locals__narrow_phase_kernel_gjk_mpr_46eb548d 1d6e16f load on device 'cuda:0' took 0.88 ms  (cached)
Module newton._src.geometry.narrow_phase 0593107 load on device 'cuda:0' took 5.00 ms  (cached)
Module newton._src.geometry.contact_reduction_global 3a7a18f load on device 'cuda:0' took 0.40 ms  (cached)
Module newton._src.geometry.narrow_phase 931370b load on device 'cuda:0' took 0.69 ms  (cached)
Module create_narrow_phase_process_mesh_plane_contacts_kernel__locals__narrow_phase_process_mesh_plane_contacts_reduce_kernel_930923b3 4c09d6b load on device 'cuda:0' took 0.27 ms  (cached)
Module mesh_triangle_contacts_to_reducer_kernel_8060ca9c d5135d2 load on device 'cuda:0' took 1.31 ms  (cached)
Module newton._src.geometry.contact_reduction_global d2f9fc3 load on device 'cuda:0' took 0.34 ms  (cached)
Module newton._src.geometry.sdf_contact e671631 load on device 'cuda:0' took 0.20 ms  (cached)
Module create_narrow_phase_process_mesh_mesh_contacts_kernel__locals__mesh_sdf_collision_global_reduce_kernel_f46f3252 f46f325 load on device 'cuda:0' took 0.72 ms  (cached)
Module create_export_reduced_contacts_kernel__locals__export_reduced_contacts_kernel_ef09b9a0 6e4cf74 load on device 'cuda:0' took 0.96 ms  (cached)
Module newton._src.geometry.kernels 55ed1b0 load on device 'cuda:0' took 1.24 ms  (cached)
Module newton._src.solvers.semi_implicit.kernels_particle 0e0d871 load on device 'cuda:0' took 0.60 ms  (cached)
Module newton._src.solvers.semi_implicit.kernels_body 483b8fe load on device 'cuda:0' took 1.18 ms  (cached)
Module newton._src.solvers.semi_implicit.kernels_contact d558900 load on device 'cuda:0' took 0.88 ms  (cached)
Module newton._src.solvers.solver 16aecb3 load on device 'cuda:0' took 0.44 ms  (cached)
Module bridge_deformable_common 87b0596 load on device 'cuda:0' took 0.46 ms  (cached)
  frame 25/187 phase=approach target_err=0.0000m min_clearance=0.0773m
  frame 50/187 phase=approach target_err=0.0000m min_clearance=0.0240m
  frame 75/187 phase=push target_err=0.0000m min_clearance=-0.0031m
  frame 100/187 phase=push target_err=0.0000m min_clearance=-0.0122m
  frame 125/187 phase=push target_err=0.0000m min_clearance=-0.0132m
  frame 150/187 phase=hold target_err=0.0000m min_clearance=-0.0106m
  frame 175/187 phase=retract target_err=0.0000m min_clearance=0.0471m
  frame 187/187 phase=retract target_err=0.0000m min_clearance=0.0766m
  Simulation done: 187 frames in 79.3s
Module newton._src.viewer.gl.opengl 7724bb3 load on device 'cuda:0' took 0.32 ms  (cached)
Module newton._src.viewer.kernels 773c4cf load on device 'cuda:0' took 1.02 ms  (cached)
Module newton._src.geometry.raycast 23dd4e1 load on device 'cuda:0' took 2.05 ms  (cached)
Module newton._src.viewer.viewer_gl 2219863 load on device 'cuda:0' took 0.45 ms  (cached)
Module newton._src.utils.render 145677d load on device 'cuda:0' took 0.26 ms  (cached)
  rendered 30/186 frames
  rendered 60/186 frames
  rendered 90/186 frames
  rendered 120/186 frames
  rendered 150/186 frames
  rendered 180/186 frames
  Summary: /home/xinjie/Newton_Connection/Newton/phystwin_bridge/results/robot_rope_franka/candidates/20260403_004718_true0p1_shallowcurve_bz008_by020_c18/validation/work/robot_rope_tabletop_hero_validation_summary.json
{
  "ir_path": "/home/xinjie/Newton_Connection/Newton/phystwin_bridge/ir/rope_double_hand/phystwin_ir_v2_bf_strict.npz",
  "output_mp4": "/home/xinjie/Newton_Connection/Newton/phystwin_bridge/results/robot_rope_franka/candidates/20260403_004718_true0p1_shallowcurve_bz008_by020_c18/validation/work/robot_rope_tabletop_hero_validation.mp4",
  "frames": 187,
  "sim_dt": 5e-05,
  "substeps": 667,
  "frame_dt": 0.033350000000000005,
  "video_slowdown": 1.0,
  "task_duration_s": 6.2,
  "wall_time_sec": 79.34038704000704,
  "rope_total_mass": 3.0,
  "anchor_count": 4,
  "anchor_constraint_mode": "free_tabletop_rope",
  "anchor_mass_mode": "preserve",
  "task": "tabletop_push_hero",
  "render_mode": "presentation",
  "camera_profile": "validation",
  "recommended_hero_camera": {
    "pos": [
      1.1366671323776245,
      -0.842525839805603,
      0.8219413757324219
    ],
    "pitch": -22.0,
    "yaw": 148.0,
    "fov": 36.0,
    "target": [
      0.020126154646277428,
      -0.1448335349559784,
      0.2900000214576721
    ]
  },
  "recommended_validation_camera": {
    "pos": [
      1.4288767576217651,
      -0.7858306765556335,
      0.9464282989501953
    ],
    "pitch": -23.0,
    "yaw": 156.0,
    "fov": 38.0,
    "target": [
      0.016126153990626335,
      -0.15683352947235107,
      0.2900000214576721
    ]
  },
  "particle_contacts": false,
  "particle_contact_kernel": false,
  "robot_motion_mode": "ik",
  "replay_source": null,
  "history_storage_mode": "memmap",
  "history_storage_files": {
    "particle_q_all": "/home/xinjie/Newton_Connection/Newton/phystwin_bridge/results/robot_rope_franka/candidates/20260403_004718_true0p1_shallowcurve_bz008_by020_c18/validation/work/robot_rope_tabletop_hero_validation_particle_q_all.npy",
    "particle_q_object": "/home/xinjie/Newton_Connection/Newton/phystwin_bridge/results/robot_rope_franka/candidates/20260403_004718_true0p1_shallowcurve_bz008_by020_c18/validation/work/robot_rope_tabletop_hero_validation_particle_q_object.npy",
    "body_q": "/home/xinjie/Newton_Connection/Newton/phystwin_bridge/results/robot_rope_franka/candidates/20260403_004718_true0p1_shallowcurve_bz008_by020_c18/validation/work/robot_rope_tabletop_hero_validation_body_q.npy",
    "body_vel": "/home/xinjie/Newton_Connection/Newton/phystwin_bridge/results/robot_rope_franka/candidates/20260403_004718_true0p1_shallowcurve_bz008_by020_c18/validation/work/robot_rope_tabletop_hero_validation_body_vel.npy",
    "ee_target_pos": "/home/xinjie/Newton_Connection/Newton/phystwin_bridge/results/robot_rope_franka/candidates/20260403_004718_true0p1_shallowcurve_bz008_by020_c18/validation/work/robot_rope_tabletop_hero_validation_ee_target_pos.npy"
  },
  "apply_drag": true,
  "drag_ignore_gravity_axis": true,
  "gravity_mag_m_s2": 9.8,
  "pre_release_settle_damping_scale": 8.0,
  "robot_geometry": "native_franka",
  "ee_body_index": 6,
  "ik_target_blend": 0.2,
  "gripper_center_tracking_error_mean_m": 2.639594868014683e-06,
  "gripper_center_tracking_error_max_m": 5.089772002975224e-06,
  "gripper_center_tracking_error_pre_contact_mean_m": null,
  "gripper_center_tracking_error_during_contact_mean_m": 2.0867655621259473e-06,
  "gripper_center_tracking_error_release_mean_m": null,
  "gripper_center_speed_max_m_s": 0.10055076330900192,
  "gripper_center_speed_pre_contact_mean_m_s": null,
  "gripper_center_speed_during_contact_mean_m_s": 0.04182622581720352,
  "gripper_center_speed_release_mean_m_s": null,
  "gripper_center_path_length_m": 0.3289980888366699,
  "ground_z_m": 0.0,
  "table_top_z_m": 0.2,
  "rope_min_z_m": 0.20015914738178253,
  "rope_surface_clearance_min_m": 0.1975589096546173,
  "rope_surface_clearance_to_table_min_m": -0.002441093325614929,
  "table_contact_active_frames": 187,
  "table_contact_duration_s": 6.2364500000000005,
  "table_contact_peak_frame": 138,
  "support_contact_active_frames": 54,
  "support_contact_duration_s": 1.8009000000000002,
  "support_first_contact_frame": 100,
  "support_last_contact_frame": 154,
  "support_contact_peak_frame": 137,
  "support_contact_proxy_mode": "actual_finger_boxes",
  "support_contact_proxy_counts": {
    "right_tip_box": 42,
    "right_box_2": 9,
    "left_tip_box": 3
  },
  "support_patch_indices": [
    0,
    9,
    207,
    1752
  ],
  "support_patch_center_m": [
    0.0004427209496498108,
    -0.022535452619194984,
    0.20672878623008728
  ],
  "visible_support_center_m": [
    0.0004427209496498108,
    -0.022535452619194984,
    0.20672878623008728
  ],
  "contact_proxy_mode": "min(gripper_center,left_finger,right_finger,finger_span)",
  "contact_proxy_radius_m": 0.033,
  "contact_proxy_radii_m": {
    "gripper_center": 0.033,
    "left_finger": 0.033,
    "right_finger": 0.033,
    "finger_span": 0.033
  },
  "rope_com_displacement_m": 0.043416786938905716,
  "rope_com_z_min_m": 0.21287426352500916,
  "rope_mid_segment_peak_z_delta_m": 0.0011271834373474121,
  "rope_mid_segment_final_z_delta_m": 0.0001672804355621338,
  "rope_mid_segment_peak_frame": 151,
  "contact_started": true,
  "first_contact_frame": 100,
  "first_contact_time_s": 3.3350000000000004,
  "first_ground_contact_frame": 100,
  "first_ground_contact_time_s": 3.3350000000000004,
  "last_contact_frame": 154,
  "last_contact_time_s": 5.1359,
  "first_contact_phase": "push",
  "contact_peak_frame": 128,
  "release_frame": null,
  "release_time_s": null,
  "t_release_s": null,
  "impact_speed_before_first_contact_m_s": 0.00020508644641607416,
  "early_fall_acceleration_estimate_m_s2": null,
  "early_fall_com_horizontal_velocity_m_s": null,
  "post_release_horizontal_kick_window_s": 0.08,
  "post_release_horizontal_kick_m_s": null,
  "contact_duration_s": 1.8009000000000002,
  "contact_active_frames": 54,
  "contact_phase_count": 54,
  "task_phase_sequence": [
    "settle",
    "approach",
    "push",
    "hold",
    "retract"
  ],
  "rope_com_horizontal_speed_mean_pre_release_m_s": null,
  "rope_particle_speed_mean_pre_release_m_s": null,
  "support_patch_speed_mean_pre_release_m_s": null,
  "pre_release_spring_energy_proxy": null,
  "post_release_spring_energy_proxy": null,
  "settle_window_seconds": 0.08,
  "settle_gate_pass": null,
  "settle_gate_frame": null,
  "settle_gate_metrics": {},
  "preroll_settle_pass": true,
  "preroll_settle_time_s": 0.7337000000000001,
  "preroll_settle_metrics": {
    "window_start_frame": 17,
    "window_end_frame": 22,
    "window_duration_s": 0.20010000000000003,
    "particle_speed_mean_max_m_s": 0.04530642181634903,
    "com_horizontal_speed_max_m_s": 0.012714281678199768,
    "support_patch_speed_mean_max_m_s": 0.018179167062044144,
    "particle_speed_mean_threshold_m_s": 0.08,
    "com_horizontal_speed_threshold_m_s": 0.05,
    "support_patch_speed_threshold_m_s": 0.02
  },
  "preroll_frame_count": 23,
  "min_clearance_min_m": -0.013844644650816917,
  "min_clearance_final_m": 0.07657552510499954,
  "gripper_center_clearance_min_m": -0.009154032915830612,
  "left_finger_clearance_min_m": -0.012859717011451721,
  "right_finger_clearance_min_m": -0.004776535555720329,
  "finger_span_clearance_min_m": -0.013844644650816917,
  "contact_proxy_counts": {
    "right_tip_box": 42,
    "right_box_2": 9,
    "left_tip_box": 3
  },
  "contact_peak_proxy": "right_tip_box",
  "proxy_contact_counts": {
    "finger_span": 54
  },
  "actual_finger_box_contact_started": true,
  "actual_finger_box_first_contact_frame": 100,
  "actual_finger_box_first_contact_time_s": 3.3350000000000004,
  "actual_finger_box_peak_source": "right_tip_box",
  "actual_finger_box_clearance_min_m": -0.003140834392979741,
  "actual_left_finger_box_clearance_min_m": -0.0019988466519862413,
  "actual_right_finger_box_clearance_min_m": -0.003140834392979741,
  "actual_left_tip_box_clearance_min_m": -0.0019988466519862413,
  "actual_right_tip_box_clearance_min_m": -0.003140834392979741,
  "drag_phase_gating": "always_on_quasi_static",
  "physics_validation_path": "/home/xinjie/Newton_Connection/Newton/phystwin_bridge/results/robot_rope_franka/candidates/20260403_004718_true0p1_shallowcurve_bz008_by020_c18/validation/physics_validation.json"
}
